ARM GAS  C:\Users\ALESSA~1\AppData\Local\Temp\ccMAbUss.s 			page 1


   1              		.cpu cortex-m4
   2              		.arch armv7e-m
   3              		.fpu fpv4-sp-d16
   4              		.eabi_attribute 27, 1
   5              		.eabi_attribute 28, 1
   6              		.eabi_attribute 20, 1
   7              		.eabi_attribute 21, 1
   8              		.eabi_attribute 23, 3
   9              		.eabi_attribute 24, 1
  10              		.eabi_attribute 25, 1
  11              		.eabi_attribute 26, 1
  12              		.eabi_attribute 30, 1
  13              		.eabi_attribute 34, 1
  14              		.eabi_attribute 18, 4
  15              		.file	"errors.c"
  16              		.text
  17              	.Ltext0:
  18              		.cfi_sections	.debug_frame
  19              		.file 1 "Core/Src/errors.c"
  20              		.section	.text.error_set_overvoltage,"ax",%progbits
  21              		.align	1
  22              		.global	error_set_overvoltage
  23              		.syntax unified
  24              		.thumb
  25              		.thumb_func
  27              	error_set_overvoltage:
  28              	.LVL0:
  29              	.LFB0:
   1:Core/Src/errors.c **** #include "errors.h"
   2:Core/Src/errors.c **** 
   3:Core/Src/errors.c **** void error_set_overvoltage(uint8_t index){
  30              		.loc 1 3 42 view -0
  31              		.cfi_startproc
  32              		@ args = 0, pretend = 0, frame = 0
  33              		@ frame_needed = 0, uses_anonymous_args = 0
  34              		@ link register save eliminated.
   4:Core/Src/errors.c **** 
   5:Core/Src/errors.c **** }
  35              		.loc 1 5 1 view .LVU1
  36 0000 7047     		bx	lr
  37              		.cfi_endproc
  38              	.LFE0:
  40              		.section	.text.error_reset_overvoltage,"ax",%progbits
  41              		.align	1
  42              		.global	error_reset_overvoltage
  43              		.syntax unified
  44              		.thumb
  45              		.thumb_func
  47              	error_reset_overvoltage:
  48              	.LVL1:
  49              	.LFB1:
   6:Core/Src/errors.c **** 
   7:Core/Src/errors.c **** void error_reset_overvoltage(uint8_t index){
  50              		.loc 1 7 44 view -0
  51              		.cfi_startproc
  52              		@ args = 0, pretend = 0, frame = 0
  53              		@ frame_needed = 0, uses_anonymous_args = 0
ARM GAS  C:\Users\ALESSA~1\AppData\Local\Temp\ccMAbUss.s 			page 2


  54              		@ link register save eliminated.
   8:Core/Src/errors.c **** 
   9:Core/Src/errors.c **** }
  55              		.loc 1 9 1 view .LVU3
  56 0000 7047     		bx	lr
  57              		.cfi_endproc
  58              	.LFE1:
  60              		.section	.text.error_set_undervoltage,"ax",%progbits
  61              		.align	1
  62              		.global	error_set_undervoltage
  63              		.syntax unified
  64              		.thumb
  65              		.thumb_func
  67              	error_set_undervoltage:
  68              	.LVL2:
  69              	.LFB2:
  10:Core/Src/errors.c **** 
  11:Core/Src/errors.c **** void error_set_undervoltage(uint8_t index){
  70              		.loc 1 11 43 view -0
  71              		.cfi_startproc
  72              		@ args = 0, pretend = 0, frame = 0
  73              		@ frame_needed = 0, uses_anonymous_args = 0
  74              		@ link register save eliminated.
  12:Core/Src/errors.c **** 
  13:Core/Src/errors.c **** }
  75              		.loc 1 13 1 view .LVU5
  76 0000 7047     		bx	lr
  77              		.cfi_endproc
  78              	.LFE2:
  80              		.section	.text.error_reset_undervoltage,"ax",%progbits
  81              		.align	1
  82              		.global	error_reset_undervoltage
  83              		.syntax unified
  84              		.thumb
  85              		.thumb_func
  87              	error_reset_undervoltage:
  88              	.LVL3:
  89              	.LFB3:
  14:Core/Src/errors.c **** 
  15:Core/Src/errors.c **** void error_reset_undervoltage(uint8_t index){
  90              		.loc 1 15 45 view -0
  91              		.cfi_startproc
  92              		@ args = 0, pretend = 0, frame = 0
  93              		@ frame_needed = 0, uses_anonymous_args = 0
  94              		@ link register save eliminated.
  16:Core/Src/errors.c ****     
  17:Core/Src/errors.c **** }
  95              		.loc 1 17 1 view .LVU7
  96 0000 7047     		bx	lr
  97              		.cfi_endproc
  98              	.LFE3:
 100              		.section	.text.error_set_undertemp,"ax",%progbits
 101              		.align	1
 102              		.global	error_set_undertemp
 103              		.syntax unified
 104              		.thumb
 105              		.thumb_func
ARM GAS  C:\Users\ALESSA~1\AppData\Local\Temp\ccMAbUss.s 			page 3


 107              	error_set_undertemp:
 108              	.LVL4:
 109              	.LFB4:
  18:Core/Src/errors.c **** 
  19:Core/Src/errors.c **** void error_set_undertemp(uint8_t index){
 110              		.loc 1 19 40 view -0
 111              		.cfi_startproc
 112              		@ args = 0, pretend = 0, frame = 0
 113              		@ frame_needed = 0, uses_anonymous_args = 0
 114              		@ link register save eliminated.
  20:Core/Src/errors.c **** 
  21:Core/Src/errors.c **** }
 115              		.loc 1 21 1 view .LVU9
 116 0000 7047     		bx	lr
 117              		.cfi_endproc
 118              	.LFE4:
 120              		.section	.text.error_reset_undertemp,"ax",%progbits
 121              		.align	1
 122              		.global	error_reset_undertemp
 123              		.syntax unified
 124              		.thumb
 125              		.thumb_func
 127              	error_reset_undertemp:
 128              	.LVL5:
 129              	.LFB5:
  22:Core/Src/errors.c **** 
  23:Core/Src/errors.c **** void error_reset_undertemp(uint8_t index){
 130              		.loc 1 23 42 view -0
 131              		.cfi_startproc
 132              		@ args = 0, pretend = 0, frame = 0
 133              		@ frame_needed = 0, uses_anonymous_args = 0
 134              		@ link register save eliminated.
  24:Core/Src/errors.c ****     
  25:Core/Src/errors.c **** }
 135              		.loc 1 25 1 view .LVU11
 136 0000 7047     		bx	lr
 137              		.cfi_endproc
 138              	.LFE5:
 140              		.section	.text.error_set_overtemp,"ax",%progbits
 141              		.align	1
 142              		.global	error_set_overtemp
 143              		.syntax unified
 144              		.thumb
 145              		.thumb_func
 147              	error_set_overtemp:
 148              	.LVL6:
 149              	.LFB6:
  26:Core/Src/errors.c **** 
  27:Core/Src/errors.c **** 
  28:Core/Src/errors.c **** void error_set_overtemp(uint8_t index){
 150              		.loc 1 28 39 view -0
 151              		.cfi_startproc
 152              		@ args = 0, pretend = 0, frame = 0
 153              		@ frame_needed = 0, uses_anonymous_args = 0
 154              		@ link register save eliminated.
  29:Core/Src/errors.c **** 
  30:Core/Src/errors.c **** }
ARM GAS  C:\Users\ALESSA~1\AppData\Local\Temp\ccMAbUss.s 			page 4


 155              		.loc 1 30 1 view .LVU13
 156 0000 7047     		bx	lr
 157              		.cfi_endproc
 158              	.LFE6:
 160              		.section	.text.error_reset_overtemp,"ax",%progbits
 161              		.align	1
 162              		.global	error_reset_overtemp
 163              		.syntax unified
 164              		.thumb
 165              		.thumb_func
 167              	error_reset_overtemp:
 168              	.LVL7:
 169              	.LFB7:
  31:Core/Src/errors.c **** 
  32:Core/Src/errors.c **** void error_reset_overtemp(uint8_t index){
 170              		.loc 1 32 41 view -0
 171              		.cfi_startproc
 172              		@ args = 0, pretend = 0, frame = 0
 173              		@ frame_needed = 0, uses_anonymous_args = 0
 174              		@ link register save eliminated.
  33:Core/Src/errors.c ****     
  34:Core/Src/errors.c **** }...
 175              		.loc 1 34 1 view .LVU15
 176 0000 7047     		bx	lr
 177              		.cfi_endproc
 178              	.LFE7:
 180              		.text
 181              	.Letext0:
 182              		.file 2 "C:/Users/Alessandro/AppData/Roaming/Code/User/globalStorage/bmd.stm32-for-vscode/@xpack-d
 183              		.file 3 "C:/Users/Alessandro/AppData/Roaming/Code/User/globalStorage/bmd.stm32-for-vscode/@xpack-d
ARM GAS  C:\Users\ALESSA~1\AppData\Local\Temp\ccMAbUss.s 			page 5


DEFINED SYMBOLS
                            *ABS*:00000000 errors.c
C:\Users\ALESSA~1\AppData\Local\Temp\ccMAbUss.s:21     .text.error_set_overvoltage:00000000 $t
C:\Users\ALESSA~1\AppData\Local\Temp\ccMAbUss.s:27     .text.error_set_overvoltage:00000000 error_set_overvoltage
C:\Users\ALESSA~1\AppData\Local\Temp\ccMAbUss.s:41     .text.error_reset_overvoltage:00000000 $t
C:\Users\ALESSA~1\AppData\Local\Temp\ccMAbUss.s:47     .text.error_reset_overvoltage:00000000 error_reset_overvoltage
C:\Users\ALESSA~1\AppData\Local\Temp\ccMAbUss.s:61     .text.error_set_undervoltage:00000000 $t
C:\Users\ALESSA~1\AppData\Local\Temp\ccMAbUss.s:67     .text.error_set_undervoltage:00000000 error_set_undervoltage
C:\Users\ALESSA~1\AppData\Local\Temp\ccMAbUss.s:81     .text.error_reset_undervoltage:00000000 $t
C:\Users\ALESSA~1\AppData\Local\Temp\ccMAbUss.s:87     .text.error_reset_undervoltage:00000000 error_reset_undervoltage
C:\Users\ALESSA~1\AppData\Local\Temp\ccMAbUss.s:101    .text.error_set_undertemp:00000000 $t
C:\Users\ALESSA~1\AppData\Local\Temp\ccMAbUss.s:107    .text.error_set_undertemp:00000000 error_set_undertemp
C:\Users\ALESSA~1\AppData\Local\Temp\ccMAbUss.s:121    .text.error_reset_undertemp:00000000 $t
C:\Users\ALESSA~1\AppData\Local\Temp\ccMAbUss.s:127    .text.error_reset_undertemp:00000000 error_reset_undertemp
C:\Users\ALESSA~1\AppData\Local\Temp\ccMAbUss.s:141    .text.error_set_overtemp:00000000 $t
C:\Users\ALESSA~1\AppData\Local\Temp\ccMAbUss.s:147    .text.error_set_overtemp:00000000 error_set_overtemp
C:\Users\ALESSA~1\AppData\Local\Temp\ccMAbUss.s:161    .text.error_reset_overtemp:00000000 $t
C:\Users\ALESSA~1\AppData\Local\Temp\ccMAbUss.s:167    .text.error_reset_overtemp:00000000 error_reset_overtemp

NO UNDEFINED SYMBOLS
