ARM GAS  C:\Users\ALESSA~1\AppData\Local\Temp\cci1XytC.s 			page 1


   1              		.cpu cortex-m4
   2              		.arch armv7e-m
   3              		.fpu fpv4-sp-d16
   4              		.eabi_attribute 27, 1
   5              		.eabi_attribute 28, 1
   6              		.eabi_attribute 20, 1
   7              		.eabi_attribute 21, 1
   8              		.eabi_attribute 23, 3
   9              		.eabi_attribute 24, 1
  10              		.eabi_attribute 25, 1
  11              		.eabi_attribute 26, 1
  12              		.eabi_attribute 30, 1
  13              		.eabi_attribute 34, 1
  14              		.eabi_attribute 18, 4
  15              		.file	"ntc.c"
  16              		.text
  17              	.Ltext0:
  18              		.cfi_sections	.debug_frame
  19              		.file 1 "Core/Src/ntc.c"
  20              		.section	.text.ntc_get_centideg_from_raw,"ax",%progbits
  21              		.align	1
  22              		.global	ntc_get_centideg_from_raw
  23              		.syntax unified
  24              		.thumb
  25              		.thumb_func
  27              	ntc_get_centideg_from_raw:
  28              	.LVL0:
  29              	.LFB0:
   1:Core/Src/ntc.c **** #include "ntc.h"
   2:Core/Src/ntc.c **** 
   3:Core/Src/ntc.c **** int16_t ntc_get_centideg_from_raw(uint16_t raw){
  30              		.loc 1 3 48 view -0
  31              		.cfi_startproc
  32              		@ args = 0, pretend = 0, frame = 0
  33              		@ frame_needed = 0, uses_anonymous_args = 0
  34              		.loc 1 3 48 is_stmt 0 view .LVU1
  35 0000 38B5     		push	{r3, r4, r5, lr}
  36              		.cfi_def_cfa_offset 16
  37              		.cfi_offset 3, -16
  38              		.cfi_offset 4, -12
  39              		.cfi_offset 5, -8
  40              		.cfi_offset 14, -4
  41 0002 07EE900A 		vmov	s15, r0	@ int
   4:Core/Src/ntc.c ****     float Vadc = (float)raw * (VCC / RESOLUTION);
  42              		.loc 1 4 5 is_stmt 1 view .LVU2
  43              		.loc 1 4 18 is_stmt 0 view .LVU3
  44 0006 F8EE677A 		vcvt.f32.u32	s15, s15
  45 000a 17EE900A 		vmov	r0, s15
  46              	.LVL1:
  47              		.loc 1 4 18 view .LVU4
  48 000e FFF7FEFF 		bl	__aeabi_f2d
  49              	.LVL2:
  50              		.loc 1 4 29 view .LVU5
  51 0012 2AA3     		adr	r3, .L3+12
  52 0014 D3E90023 		ldrd	r2, [r3]
  53 0018 FFF7FEFF 		bl	__aeabi_dmul
  54              	.LVL3:
ARM GAS  C:\Users\ALESSA~1\AppData\Local\Temp\cci1XytC.s 			page 2


  55              		.loc 1 4 11 view .LVU6
  56 001c FFF7FEFF 		bl	__aeabi_d2f
  57              	.LVL4:
   5:Core/Src/ntc.c ****     float Rntc = R_FIXED * (Vadc / (VCC - Vadc));
  58              		.loc 1 5 5 is_stmt 1 view .LVU7
  59              		.loc 1 5 34 is_stmt 0 view .LVU8
  60 0020 FFF7FEFF 		bl	__aeabi_f2d
  61              	.LVL5:
  62              		.loc 1 5 34 view .LVU9
  63 0024 0446     		mov	r4, r0
  64 0026 0D46     		mov	r5, r1
  65              		.loc 1 5 41 view .LVU10
  66 0028 0246     		mov	r2, r0
  67 002a 0B46     		mov	r3, r1
  68 002c 25A1     		adr	r1, .L3+20
  69 002e D1E90001 		ldrd	r0, [r1]
  70 0032 FFF7FEFF 		bl	__aeabi_dsub
  71              	.LVL6:
  72 0036 0246     		mov	r2, r0
  73 0038 0B46     		mov	r3, r1
  74              		.loc 1 5 34 view .LVU11
  75 003a 2046     		mov	r0, r4
  76 003c 2946     		mov	r1, r5
  77 003e FFF7FEFF 		bl	__aeabi_ddiv
  78              	.LVL7:
  79              		.loc 1 5 26 view .LVU12
  80 0042 22A3     		adr	r3, .L3+28
  81 0044 D3E90023 		ldrd	r2, [r3]
  82 0048 FFF7FEFF 		bl	__aeabi_dmul
  83              	.LVL8:
  84              		.loc 1 5 11 view .LVU13
  85 004c FFF7FEFF 		bl	__aeabi_d2f
  86              	.LVL9:
   6:Core/Src/ntc.c ****     float tempK = 1.0 / (1.0 / T0 + (1.0 / BETA) * log(Rntc / R0));
  87              		.loc 1 6 5 is_stmt 1 view .LVU14
  88              		.loc 1 6 52 is_stmt 0 view .LVU15
  89 0050 FFF7FEFF 		bl	__aeabi_f2d
  90              	.LVL10:
  91              		.loc 1 6 52 view .LVU16
  92 0054 1DA3     		adr	r3, .L3+28
  93 0056 D3E90023 		ldrd	r2, [r3]
  94 005a FFF7FEFF 		bl	__aeabi_ddiv
  95              	.LVL11:
  96 005e 41EC100B 		vmov	d0, r0, r1
  97 0062 FFF7FEFF 		bl	log
  98              	.LVL12:
  99 0066 51EC100B 		vmov	r0, r1, d0
 100              		.loc 1 6 50 discriminator 1 view .LVU17
 101 006a 1AA3     		adr	r3, .L3+36
 102 006c D3E90023 		ldrd	r2, [r3]
 103 0070 FFF7FEFF 		bl	__aeabi_dmul
 104              	.LVL13:
 105              		.loc 1 6 35 discriminator 1 view .LVU18
 106 0074 19A3     		adr	r3, .L3+44
 107 0076 D3E90023 		ldrd	r2, [r3]
 108 007a FFF7FEFF 		bl	__aeabi_dadd
 109              	.LVL14:
ARM GAS  C:\Users\ALESSA~1\AppData\Local\Temp\cci1XytC.s 			page 3


 110 007e 0246     		mov	r2, r0
 111 0080 0B46     		mov	r3, r1
 112              		.loc 1 6 23 discriminator 1 view .LVU19
 113 0082 0020     		movs	r0, #0
 114 0084 0A49     		ldr	r1, .L3
 115 0086 FFF7FEFF 		bl	__aeabi_ddiv
 116              	.LVL15:
 117              		.loc 1 6 11 discriminator 1 view .LVU20
 118 008a FFF7FEFF 		bl	__aeabi_d2f
 119              	.LVL16:
 120 008e 07EE900A 		vmov	s15, r0
 121              	.LVL17:
   7:Core/Src/ntc.c ****     return (int16_t)((tempK * 100) - 27315);
 122              		.loc 1 7 5 is_stmt 1 view .LVU21
 123              		.loc 1 7 29 is_stmt 0 view .LVU22
 124 0092 9FED087A 		vldr.32	s14, .L3+4
 125 0096 67EE877A 		vmul.f32	s15, s15, s14
 126              		.loc 1 7 36 view .LVU23
 127 009a 9FED077A 		vldr.32	s14, .L3+8
 128 009e 77EEC77A 		vsub.f32	s15, s15, s14
 129              		.loc 1 7 12 view .LVU24
 130 00a2 FDEEE77A 		vcvt.s32.f32	s15, s15
   8:Core/Src/ntc.c **** }...
 131              		.loc 1 8 1 view .LVU25
 132 00a6 17EE903A 		vmov	r3, s15	@ int
 133 00aa 18B2     		sxth	r0, r3
 134              	.LVL18:
 135              		.loc 1 8 1 view .LVU26
 136 00ac 38BD     		pop	{r3, r4, r5, pc}
 137              	.L4:
 138 00ae 00BF     		.align	3
 139              	.L3:
 140 00b0 0000F03F 		.word	1072693248
 141 00b4 0000C842 		.word	1120403456
 142 00b8 0066D546 		.word	1188390400
 143 00bc D8D8D8D8 		.word	-656877352
 144 00c0 D8D8C83F 		.word	1070127320
 145 00c4 66666666 		.word	1717986918
 146 00c8 66660A40 		.word	1074423398
 147 00cc 00000000 		.word	0
 148 00d0 0088C340 		.word	1086556160
 149 00d4 81D91E7E 		.word	2115950977
 150 00d8 6597303F 		.word	1060149093
 151 00dc 83DBB5DC 		.word	-592061565
 152 00e0 E1796B3F 		.word	1064008161
 153              		.cfi_endproc
 154              	.LFE0:
 156              		.text
 157              	.Letext0:
 158              		.file 2 "C:/Users/Alessandro/AppData/Roaming/Code/User/globalStorage/bmd.stm32-for-vscode/@xpack-d
 159              		.file 3 "C:/Users/Alessandro/AppData/Roaming/Code/User/globalStorage/bmd.stm32-for-vscode/@xpack-d
 160              		.file 4 "C:/Users/Alessandro/AppData/Roaming/Code/User/globalStorage/bmd.stm32-for-vscode/@xpack-d
ARM GAS  C:\Users\ALESSA~1\AppData\Local\Temp\cci1XytC.s 			page 4


DEFINED SYMBOLS
                            *ABS*:00000000 ntc.c
C:\Users\ALESSA~1\AppData\Local\Temp\cci1XytC.s:21     .text.ntc_get_centideg_from_raw:00000000 $t
C:\Users\ALESSA~1\AppData\Local\Temp\cci1XytC.s:27     .text.ntc_get_centideg_from_raw:00000000 ntc_get_centideg_from_raw
C:\Users\ALESSA~1\AppData\Local\Temp\cci1XytC.s:140    .text.ntc_get_centideg_from_raw:000000b0 $d

UNDEFINED SYMBOLS
__aeabi_f2d
__aeabi_dmul
__aeabi_d2f
__aeabi_dsub
__aeabi_ddiv
log
__aeabi_dadd
