ARM GAS  C:\Users\ALESSA~1\AppData\Local\Temp\cckGHaMH.s 			page 1


   1              		.cpu cortex-m4
   2              		.arch armv7e-m
   3              		.fpu fpv4-sp-d16
   4              		.eabi_attribute 27, 1
   5              		.eabi_attribute 28, 1
   6              		.eabi_attribute 20, 1
   7              		.eabi_attribute 21, 1
   8              		.eabi_attribute 23, 3
   9              		.eabi_attribute 24, 1
  10              		.eabi_attribute 25, 1
  11              		.eabi_attribute 26, 1
  12              		.eabi_attribute 30, 1
  13              		.eabi_attribute 34, 1
  14              		.eabi_attribute 18, 4
  15              		.file	"spi.c"
  16              		.text
  17              	.Ltext0:
  18              		.cfi_sections	.debug_frame
  19              		.file 1 "Core/Src/spi.c"
  20              		.section	.text.MX_SPI1_Init,"ax",%progbits
  21              		.align	1
  22              		.global	MX_SPI1_Init
  23              		.syntax unified
  24              		.thumb
  25              		.thumb_func
  27              	MX_SPI1_Init:
  28              	.LFB134:
   1:Core/Src/spi.c **** /* USER CODE BEGIN Header */
   2:Core/Src/spi.c **** /**
   3:Core/Src/spi.c ****   ******************************************************************************
   4:Core/Src/spi.c ****   * @file    spi.c
   5:Core/Src/spi.c ****   * @brief   This file provides code for the configuration
   6:Core/Src/spi.c ****   *          of the SPI instances.
   7:Core/Src/spi.c ****   ******************************************************************************
   8:Core/Src/spi.c ****   * @attention
   9:Core/Src/spi.c ****   *
  10:Core/Src/spi.c ****   * Copyright (c) 2025 STMicroelectronics.
  11:Core/Src/spi.c ****   * All rights reserved.
  12:Core/Src/spi.c ****   *
  13:Core/Src/spi.c ****   * This software is licensed under terms that can be found in the LICENSE file
  14:Core/Src/spi.c ****   * in the root directory of this software component.
  15:Core/Src/spi.c ****   * If no LICENSE file comes with this software, it is provided AS-IS.
  16:Core/Src/spi.c ****   *
  17:Core/Src/spi.c ****   ******************************************************************************
  18:Core/Src/spi.c ****   */
  19:Core/Src/spi.c **** /* USER CODE END Header */
  20:Core/Src/spi.c **** /* Includes ------------------------------------------------------------------*/
  21:Core/Src/spi.c **** #include "spi.h"
  22:Core/Src/spi.c **** 
  23:Core/Src/spi.c **** /* USER CODE BEGIN 0 */
  24:Core/Src/spi.c **** 
  25:Core/Src/spi.c **** /* USER CODE END 0 */
  26:Core/Src/spi.c **** 
  27:Core/Src/spi.c **** SPI_HandleTypeDef hspi1;
  28:Core/Src/spi.c **** SPI_HandleTypeDef hspi2;
  29:Core/Src/spi.c **** 
  30:Core/Src/spi.c **** /* SPI1 init function */
ARM GAS  C:\Users\ALESSA~1\AppData\Local\Temp\cckGHaMH.s 			page 2


  31:Core/Src/spi.c **** void MX_SPI1_Init(void)
  32:Core/Src/spi.c **** {
  29              		.loc 1 32 1 view -0
  30              		.cfi_startproc
  31              		@ args = 0, pretend = 0, frame = 0
  32              		@ frame_needed = 0, uses_anonymous_args = 0
  33 0000 08B5     		push	{r3, lr}
  34              		.cfi_def_cfa_offset 8
  35              		.cfi_offset 3, -8
  36              		.cfi_offset 14, -4
  33:Core/Src/spi.c **** 
  34:Core/Src/spi.c ****   /* USER CODE BEGIN SPI1_Init 0 */
  35:Core/Src/spi.c **** 
  36:Core/Src/spi.c ****   /* USER CODE END SPI1_Init 0 */
  37:Core/Src/spi.c **** 
  38:Core/Src/spi.c ****   /* USER CODE BEGIN SPI1_Init 1 */
  39:Core/Src/spi.c **** 
  40:Core/Src/spi.c ****   /* USER CODE END SPI1_Init 1 */
  41:Core/Src/spi.c ****   hspi1.Instance = SPI1;
  37              		.loc 1 41 3 view .LVU1
  38              		.loc 1 41 18 is_stmt 0 view .LVU2
  39 0002 0E48     		ldr	r0, .L5
  40 0004 0E4B     		ldr	r3, .L5+4
  41 0006 0360     		str	r3, [r0]
  42:Core/Src/spi.c ****   hspi1.Init.Mode = SPI_MODE_MASTER;
  42              		.loc 1 42 3 is_stmt 1 view .LVU3
  43              		.loc 1 42 19 is_stmt 0 view .LVU4
  44 0008 4FF48273 		mov	r3, #260
  45 000c 4360     		str	r3, [r0, #4]
  43:Core/Src/spi.c ****   hspi1.Init.Direction = SPI_DIRECTION_2LINES;
  46              		.loc 1 43 3 is_stmt 1 view .LVU5
  47              		.loc 1 43 24 is_stmt 0 view .LVU6
  48 000e 0023     		movs	r3, #0
  49 0010 8360     		str	r3, [r0, #8]
  44:Core/Src/spi.c ****   hspi1.Init.DataSize = SPI_DATASIZE_8BIT;
  50              		.loc 1 44 3 is_stmt 1 view .LVU7
  51              		.loc 1 44 23 is_stmt 0 view .LVU8
  52 0012 C360     		str	r3, [r0, #12]
  45:Core/Src/spi.c ****   hspi1.Init.CLKPolarity = SPI_POLARITY_LOW;
  53              		.loc 1 45 3 is_stmt 1 view .LVU9
  54              		.loc 1 45 26 is_stmt 0 view .LVU10
  55 0014 0361     		str	r3, [r0, #16]
  46:Core/Src/spi.c ****   hspi1.Init.CLKPhase = SPI_PHASE_2EDGE;
  56              		.loc 1 46 3 is_stmt 1 view .LVU11
  57              		.loc 1 46 23 is_stmt 0 view .LVU12
  58 0016 0122     		movs	r2, #1
  59 0018 4261     		str	r2, [r0, #20]
  47:Core/Src/spi.c ****   hspi1.Init.NSS = SPI_NSS_SOFT;
  60              		.loc 1 47 3 is_stmt 1 view .LVU13
  61              		.loc 1 47 18 is_stmt 0 view .LVU14
  62 001a 4FF40072 		mov	r2, #512
  63 001e 8261     		str	r2, [r0, #24]
  48:Core/Src/spi.c ****   hspi1.Init.BaudRatePrescaler = SPI_BAUDRATEPRESCALER_32;
  64              		.loc 1 48 3 is_stmt 1 view .LVU15
  65              		.loc 1 48 32 is_stmt 0 view .LVU16
  66 0020 2022     		movs	r2, #32
  67 0022 C261     		str	r2, [r0, #28]
ARM GAS  C:\Users\ALESSA~1\AppData\Local\Temp\cckGHaMH.s 			page 3


  49:Core/Src/spi.c ****   hspi1.Init.FirstBit = SPI_FIRSTBIT_MSB;
  68              		.loc 1 49 3 is_stmt 1 view .LVU17
  69              		.loc 1 49 23 is_stmt 0 view .LVU18
  70 0024 0362     		str	r3, [r0, #32]
  50:Core/Src/spi.c ****   hspi1.Init.TIMode = SPI_TIMODE_DISABLE;
  71              		.loc 1 50 3 is_stmt 1 view .LVU19
  72              		.loc 1 50 21 is_stmt 0 view .LVU20
  73 0026 4362     		str	r3, [r0, #36]
  51:Core/Src/spi.c ****   hspi1.Init.CRCCalculation = SPI_CRCCALCULATION_DISABLE;
  74              		.loc 1 51 3 is_stmt 1 view .LVU21
  75              		.loc 1 51 29 is_stmt 0 view .LVU22
  76 0028 8362     		str	r3, [r0, #40]
  52:Core/Src/spi.c ****   hspi1.Init.CRCPolynomial = 10;
  77              		.loc 1 52 3 is_stmt 1 view .LVU23
  78              		.loc 1 52 28 is_stmt 0 view .LVU24
  79 002a 0A23     		movs	r3, #10
  80 002c C362     		str	r3, [r0, #44]
  53:Core/Src/spi.c ****   if (HAL_SPI_Init(&hspi1) != HAL_OK)
  81              		.loc 1 53 3 is_stmt 1 view .LVU25
  82              		.loc 1 53 7 is_stmt 0 view .LVU26
  83 002e FFF7FEFF 		bl	HAL_SPI_Init
  84              	.LVL0:
  85              		.loc 1 53 6 discriminator 1 view .LVU27
  86 0032 00B9     		cbnz	r0, .L4
  87              	.L1:
  54:Core/Src/spi.c ****   {
  55:Core/Src/spi.c ****     Error_Handler();
  56:Core/Src/spi.c ****   }
  57:Core/Src/spi.c ****   /* USER CODE BEGIN SPI1_Init 2 */
  58:Core/Src/spi.c **** 
  59:Core/Src/spi.c ****   /* USER CODE END SPI1_Init 2 */
  60:Core/Src/spi.c **** 
  61:Core/Src/spi.c **** }
  88              		.loc 1 61 1 view .LVU28
  89 0034 08BD     		pop	{r3, pc}
  90              	.L4:
  55:Core/Src/spi.c ****   }
  91              		.loc 1 55 5 is_stmt 1 view .LVU29
  92 0036 FFF7FEFF 		bl	Error_Handler
  93              	.LVL1:
  94              		.loc 1 61 1 is_stmt 0 view .LVU30
  95 003a FBE7     		b	.L1
  96              	.L6:
  97              		.align	2
  98              	.L5:
  99 003c 00000000 		.word	hspi1
 100 0040 00300140 		.word	1073819648
 101              		.cfi_endproc
 102              	.LFE134:
 104              		.section	.text.MX_SPI2_Init,"ax",%progbits
 105              		.align	1
 106              		.global	MX_SPI2_Init
 107              		.syntax unified
 108              		.thumb
 109              		.thumb_func
 111              	MX_SPI2_Init:
 112              	.LFB135:
ARM GAS  C:\Users\ALESSA~1\AppData\Local\Temp\cckGHaMH.s 			page 4


  62:Core/Src/spi.c **** /* SPI2 init function */
  63:Core/Src/spi.c **** void MX_SPI2_Init(void)
  64:Core/Src/spi.c **** {
 113              		.loc 1 64 1 is_stmt 1 view -0
 114              		.cfi_startproc
 115              		@ args = 0, pretend = 0, frame = 0
 116              		@ frame_needed = 0, uses_anonymous_args = 0
 117 0000 08B5     		push	{r3, lr}
 118              		.cfi_def_cfa_offset 8
 119              		.cfi_offset 3, -8
 120              		.cfi_offset 14, -4
  65:Core/Src/spi.c **** 
  66:Core/Src/spi.c ****   /* USER CODE BEGIN SPI2_Init 0 */
  67:Core/Src/spi.c **** 
  68:Core/Src/spi.c ****   /* USER CODE END SPI2_Init 0 */
  69:Core/Src/spi.c **** 
  70:Core/Src/spi.c ****   /* USER CODE BEGIN SPI2_Init 1 */
  71:Core/Src/spi.c **** 
  72:Core/Src/spi.c ****   /* USER CODE END SPI2_Init 1 */
  73:Core/Src/spi.c ****   hspi2.Instance = SPI2;
 121              		.loc 1 73 3 view .LVU32
 122              		.loc 1 73 18 is_stmt 0 view .LVU33
 123 0002 0D48     		ldr	r0, .L11
 124 0004 0D4B     		ldr	r3, .L11+4
 125 0006 0360     		str	r3, [r0]
  74:Core/Src/spi.c ****   hspi2.Init.Mode = SPI_MODE_MASTER;
 126              		.loc 1 74 3 is_stmt 1 view .LVU34
 127              		.loc 1 74 19 is_stmt 0 view .LVU35
 128 0008 4FF48273 		mov	r3, #260
 129 000c 4360     		str	r3, [r0, #4]
  75:Core/Src/spi.c ****   hspi2.Init.Direction = SPI_DIRECTION_2LINES;
 130              		.loc 1 75 3 is_stmt 1 view .LVU36
 131              		.loc 1 75 24 is_stmt 0 view .LVU37
 132 000e 0023     		movs	r3, #0
 133 0010 8360     		str	r3, [r0, #8]
  76:Core/Src/spi.c ****   hspi2.Init.DataSize = SPI_DATASIZE_8BIT;
 134              		.loc 1 76 3 is_stmt 1 view .LVU38
 135              		.loc 1 76 23 is_stmt 0 view .LVU39
 136 0012 C360     		str	r3, [r0, #12]
  77:Core/Src/spi.c ****   hspi2.Init.CLKPolarity = SPI_POLARITY_LOW;
 137              		.loc 1 77 3 is_stmt 1 view .LVU40
 138              		.loc 1 77 26 is_stmt 0 view .LVU41
 139 0014 0361     		str	r3, [r0, #16]
  78:Core/Src/spi.c ****   hspi2.Init.CLKPhase = SPI_PHASE_1EDGE;
 140              		.loc 1 78 3 is_stmt 1 view .LVU42
 141              		.loc 1 78 23 is_stmt 0 view .LVU43
 142 0016 4361     		str	r3, [r0, #20]
  79:Core/Src/spi.c ****   hspi2.Init.NSS = SPI_NSS_SOFT;
 143              		.loc 1 79 3 is_stmt 1 view .LVU44
 144              		.loc 1 79 18 is_stmt 0 view .LVU45
 145 0018 4FF40072 		mov	r2, #512
 146 001c 8261     		str	r2, [r0, #24]
  80:Core/Src/spi.c ****   hspi2.Init.BaudRatePrescaler = SPI_BAUDRATEPRESCALER_2;
 147              		.loc 1 80 3 is_stmt 1 view .LVU46
 148              		.loc 1 80 32 is_stmt 0 view .LVU47
 149 001e C361     		str	r3, [r0, #28]
  81:Core/Src/spi.c ****   hspi2.Init.FirstBit = SPI_FIRSTBIT_MSB;
ARM GAS  C:\Users\ALESSA~1\AppData\Local\Temp\cckGHaMH.s 			page 5


 150              		.loc 1 81 3 is_stmt 1 view .LVU48
 151              		.loc 1 81 23 is_stmt 0 view .LVU49
 152 0020 0362     		str	r3, [r0, #32]
  82:Core/Src/spi.c ****   hspi2.Init.TIMode = SPI_TIMODE_DISABLE;
 153              		.loc 1 82 3 is_stmt 1 view .LVU50
 154              		.loc 1 82 21 is_stmt 0 view .LVU51
 155 0022 4362     		str	r3, [r0, #36]
  83:Core/Src/spi.c ****   hspi2.Init.CRCCalculation = SPI_CRCCALCULATION_DISABLE;
 156              		.loc 1 83 3 is_stmt 1 view .LVU52
 157              		.loc 1 83 29 is_stmt 0 view .LVU53
 158 0024 8362     		str	r3, [r0, #40]
  84:Core/Src/spi.c ****   hspi2.Init.CRCPolynomial = 10;
 159              		.loc 1 84 3 is_stmt 1 view .LVU54
 160              		.loc 1 84 28 is_stmt 0 view .LVU55
 161 0026 0A23     		movs	r3, #10
 162 0028 C362     		str	r3, [r0, #44]
  85:Core/Src/spi.c ****   if (HAL_SPI_Init(&hspi2) != HAL_OK)
 163              		.loc 1 85 3 is_stmt 1 view .LVU56
 164              		.loc 1 85 7 is_stmt 0 view .LVU57
 165 002a FFF7FEFF 		bl	HAL_SPI_Init
 166              	.LVL2:
 167              		.loc 1 85 6 discriminator 1 view .LVU58
 168 002e 00B9     		cbnz	r0, .L10
 169              	.L7:
  86:Core/Src/spi.c ****   {
  87:Core/Src/spi.c ****     Error_Handler();
  88:Core/Src/spi.c ****   }
  89:Core/Src/spi.c ****   /* USER CODE BEGIN SPI2_Init 2 */
  90:Core/Src/spi.c **** 
  91:Core/Src/spi.c ****   /* USER CODE END SPI2_Init 2 */
  92:Core/Src/spi.c **** 
  93:Core/Src/spi.c **** }
 170              		.loc 1 93 1 view .LVU59
 171 0030 08BD     		pop	{r3, pc}
 172              	.L10:
  87:Core/Src/spi.c ****   }
 173              		.loc 1 87 5 is_stmt 1 view .LVU60
 174 0032 FFF7FEFF 		bl	Error_Handler
 175              	.LVL3:
 176              		.loc 1 93 1 is_stmt 0 view .LVU61
 177 0036 FBE7     		b	.L7
 178              	.L12:
 179              		.align	2
 180              	.L11:
 181 0038 00000000 		.word	hspi2
 182 003c 00380040 		.word	1073756160
 183              		.cfi_endproc
 184              	.LFE135:
 186              		.section	.text.HAL_SPI_MspInit,"ax",%progbits
 187              		.align	1
 188              		.global	HAL_SPI_MspInit
 189              		.syntax unified
 190              		.thumb
 191              		.thumb_func
 193              	HAL_SPI_MspInit:
 194              	.LVL4:
 195              	.LFB136:
ARM GAS  C:\Users\ALESSA~1\AppData\Local\Temp\cckGHaMH.s 			page 6


  94:Core/Src/spi.c **** 
  95:Core/Src/spi.c **** void HAL_SPI_MspInit(SPI_HandleTypeDef* spiHandle)
  96:Core/Src/spi.c **** {
 196              		.loc 1 96 1 is_stmt 1 view -0
 197              		.cfi_startproc
 198              		@ args = 0, pretend = 0, frame = 40
 199              		@ frame_needed = 0, uses_anonymous_args = 0
 200              		.loc 1 96 1 is_stmt 0 view .LVU63
 201 0000 2DE9F043 		push	{r4, r5, r6, r7, r8, r9, lr}
 202              		.cfi_def_cfa_offset 28
 203              		.cfi_offset 4, -28
 204              		.cfi_offset 5, -24
 205              		.cfi_offset 6, -20
 206              		.cfi_offset 7, -16
 207              		.cfi_offset 8, -12
 208              		.cfi_offset 9, -8
 209              		.cfi_offset 14, -4
 210 0004 8BB0     		sub	sp, sp, #44
 211              		.cfi_def_cfa_offset 72
  97:Core/Src/spi.c **** 
  98:Core/Src/spi.c ****   GPIO_InitTypeDef GPIO_InitStruct = {0};
 212              		.loc 1 98 3 is_stmt 1 view .LVU64
 213              		.loc 1 98 20 is_stmt 0 view .LVU65
 214 0006 0023     		movs	r3, #0
 215 0008 0593     		str	r3, [sp, #20]
 216 000a 0693     		str	r3, [sp, #24]
 217 000c 0793     		str	r3, [sp, #28]
 218 000e 0893     		str	r3, [sp, #32]
 219 0010 0993     		str	r3, [sp, #36]
  99:Core/Src/spi.c ****   if(spiHandle->Instance==SPI1)
 220              		.loc 1 99 3 is_stmt 1 view .LVU66
 221              		.loc 1 99 15 is_stmt 0 view .LVU67
 222 0012 0368     		ldr	r3, [r0]
 223              		.loc 1 99 5 view .LVU68
 224 0014 394A     		ldr	r2, .L19
 225 0016 9342     		cmp	r3, r2
 226 0018 05D0     		beq	.L17
 100:Core/Src/spi.c ****   {
 101:Core/Src/spi.c ****   /* USER CODE BEGIN SPI1_MspInit 0 */
 102:Core/Src/spi.c **** 
 103:Core/Src/spi.c ****   /* USER CODE END SPI1_MspInit 0 */
 104:Core/Src/spi.c ****     /* SPI1 clock enable */
 105:Core/Src/spi.c ****     __HAL_RCC_SPI1_CLK_ENABLE();
 106:Core/Src/spi.c **** 
 107:Core/Src/spi.c ****     __HAL_RCC_GPIOA_CLK_ENABLE();
 108:Core/Src/spi.c ****     /**SPI1 GPIO Configuration
 109:Core/Src/spi.c ****     PA5     ------> SPI1_SCK
 110:Core/Src/spi.c ****     PA6     ------> SPI1_MISO
 111:Core/Src/spi.c ****     PA7     ------> SPI1_MOSI
 112:Core/Src/spi.c ****     */
 113:Core/Src/spi.c ****     GPIO_InitStruct.Pin = L9963T_L_SCK_Pin|L9963T_L_MISO_SDO_Pin|L9963T_L_MOSI_SDI_Pin;
 114:Core/Src/spi.c ****     GPIO_InitStruct.Mode = GPIO_MODE_AF_PP;
 115:Core/Src/spi.c ****     GPIO_InitStruct.Pull = GPIO_NOPULL;
 116:Core/Src/spi.c ****     GPIO_InitStruct.Speed = GPIO_SPEED_FREQ_VERY_HIGH;
 117:Core/Src/spi.c ****     GPIO_InitStruct.Alternate = GPIO_AF5_SPI1;
 118:Core/Src/spi.c ****     HAL_GPIO_Init(GPIOA, &GPIO_InitStruct);
 119:Core/Src/spi.c **** 
ARM GAS  C:\Users\ALESSA~1\AppData\Local\Temp\cckGHaMH.s 			page 7


 120:Core/Src/spi.c ****   /* USER CODE BEGIN SPI1_MspInit 1 */
 121:Core/Src/spi.c **** 
 122:Core/Src/spi.c ****   /* USER CODE END SPI1_MspInit 1 */
 123:Core/Src/spi.c ****   }
 124:Core/Src/spi.c ****   else if(spiHandle->Instance==SPI2)
 227              		.loc 1 124 8 is_stmt 1 view .LVU69
 228              		.loc 1 124 10 is_stmt 0 view .LVU70
 229 001a 394A     		ldr	r2, .L19+4
 230 001c 9342     		cmp	r3, r2
 231 001e 25D0     		beq	.L18
 232              	.LVL5:
 233              	.L13:
 125:Core/Src/spi.c ****   {
 126:Core/Src/spi.c ****   /* USER CODE BEGIN SPI2_MspInit 0 */
 127:Core/Src/spi.c **** 
 128:Core/Src/spi.c ****   /* USER CODE END SPI2_MspInit 0 */
 129:Core/Src/spi.c ****     /* SPI2 clock enable */
 130:Core/Src/spi.c ****     __HAL_RCC_SPI2_CLK_ENABLE();
 131:Core/Src/spi.c **** 
 132:Core/Src/spi.c ****     __HAL_RCC_GPIOC_CLK_ENABLE();
 133:Core/Src/spi.c ****     __HAL_RCC_GPIOB_CLK_ENABLE();
 134:Core/Src/spi.c ****     /**SPI2 GPIO Configuration
 135:Core/Src/spi.c ****     PC1     ------> SPI2_MOSI
 136:Core/Src/spi.c ****     PC2     ------> SPI2_MISO
 137:Core/Src/spi.c ****     PB10     ------> SPI2_SCK
 138:Core/Src/spi.c ****     */
 139:Core/Src/spi.c ****     GPIO_InitStruct.Pin = L9963T_H_MISO_SDO_Pin;
 140:Core/Src/spi.c ****     GPIO_InitStruct.Mode = GPIO_MODE_AF_PP;
 141:Core/Src/spi.c ****     GPIO_InitStruct.Pull = GPIO_NOPULL;
 142:Core/Src/spi.c ****     GPIO_InitStruct.Speed = GPIO_SPEED_FREQ_VERY_HIGH;
 143:Core/Src/spi.c ****     GPIO_InitStruct.Alternate = GPIO_AF7_SPI2;
 144:Core/Src/spi.c ****     HAL_GPIO_Init(L9963T_H_MISO_SDO_GPIO_Port, &GPIO_InitStruct);
 145:Core/Src/spi.c **** 
 146:Core/Src/spi.c ****     GPIO_InitStruct.Pin = L9963T_H_MOSI_SDI_Pin;
 147:Core/Src/spi.c ****     GPIO_InitStruct.Mode = GPIO_MODE_AF_PP;
 148:Core/Src/spi.c ****     GPIO_InitStruct.Pull = GPIO_NOPULL;
 149:Core/Src/spi.c ****     GPIO_InitStruct.Speed = GPIO_SPEED_FREQ_VERY_HIGH;
 150:Core/Src/spi.c ****     GPIO_InitStruct.Alternate = GPIO_AF5_SPI2;
 151:Core/Src/spi.c ****     HAL_GPIO_Init(L9963T_H_MOSI_SDI_GPIO_Port, &GPIO_InitStruct);
 152:Core/Src/spi.c **** 
 153:Core/Src/spi.c ****     GPIO_InitStruct.Pin = L9963T_H_SCK_Pin;
 154:Core/Src/spi.c ****     GPIO_InitStruct.Mode = GPIO_MODE_AF_PP;
 155:Core/Src/spi.c ****     GPIO_InitStruct.Pull = GPIO_NOPULL;
 156:Core/Src/spi.c ****     GPIO_InitStruct.Speed = GPIO_SPEED_FREQ_VERY_HIGH;
 157:Core/Src/spi.c ****     GPIO_InitStruct.Alternate = GPIO_AF5_SPI2;
 158:Core/Src/spi.c ****     HAL_GPIO_Init(L9963T_H_SCK_GPIO_Port, &GPIO_InitStruct);
 159:Core/Src/spi.c **** 
 160:Core/Src/spi.c ****   /* USER CODE BEGIN SPI2_MspInit 1 */
 161:Core/Src/spi.c **** 
 162:Core/Src/spi.c ****   /* USER CODE END SPI2_MspInit 1 */
 163:Core/Src/spi.c ****   }
 164:Core/Src/spi.c **** }
 234              		.loc 1 164 1 view .LVU71
 235 0020 0BB0     		add	sp, sp, #44
 236              		.cfi_remember_state
 237              		.cfi_def_cfa_offset 28
 238              		@ sp needed
ARM GAS  C:\Users\ALESSA~1\AppData\Local\Temp\cckGHaMH.s 			page 8


 239 0022 BDE8F083 		pop	{r4, r5, r6, r7, r8, r9, pc}
 240              	.LVL6:
 241              	.L17:
 242              		.cfi_restore_state
 105:Core/Src/spi.c **** 
 243              		.loc 1 105 5 is_stmt 1 view .LVU72
 244              	.LBB2:
 105:Core/Src/spi.c **** 
 245              		.loc 1 105 5 view .LVU73
 246 0026 0021     		movs	r1, #0
 247 0028 0091     		str	r1, [sp]
 105:Core/Src/spi.c **** 
 248              		.loc 1 105 5 view .LVU74
 249 002a 364B     		ldr	r3, .L19+8
 250 002c 5A6C     		ldr	r2, [r3, #68]
 251 002e 42F48052 		orr	r2, r2, #4096
 252 0032 5A64     		str	r2, [r3, #68]
 105:Core/Src/spi.c **** 
 253              		.loc 1 105 5 view .LVU75
 254 0034 5A6C     		ldr	r2, [r3, #68]
 255 0036 02F48052 		and	r2, r2, #4096
 256 003a 0092     		str	r2, [sp]
 105:Core/Src/spi.c **** 
 257              		.loc 1 105 5 view .LVU76
 258 003c 009A     		ldr	r2, [sp]
 259              	.LBE2:
 105:Core/Src/spi.c **** 
 260              		.loc 1 105 5 view .LVU77
 107:Core/Src/spi.c ****     /**SPI1 GPIO Configuration
 261              		.loc 1 107 5 view .LVU78
 262              	.LBB3:
 107:Core/Src/spi.c ****     /**SPI1 GPIO Configuration
 263              		.loc 1 107 5 view .LVU79
 264 003e 0191     		str	r1, [sp, #4]
 107:Core/Src/spi.c ****     /**SPI1 GPIO Configuration
 265              		.loc 1 107 5 view .LVU80
 266 0040 1A6B     		ldr	r2, [r3, #48]
 267 0042 42F00102 		orr	r2, r2, #1
 268 0046 1A63     		str	r2, [r3, #48]
 107:Core/Src/spi.c ****     /**SPI1 GPIO Configuration
 269              		.loc 1 107 5 view .LVU81
 270 0048 1B6B     		ldr	r3, [r3, #48]
 271 004a 03F00103 		and	r3, r3, #1
 272 004e 0193     		str	r3, [sp, #4]
 107:Core/Src/spi.c ****     /**SPI1 GPIO Configuration
 273              		.loc 1 107 5 view .LVU82
 274 0050 019B     		ldr	r3, [sp, #4]
 275              	.LBE3:
 107:Core/Src/spi.c ****     /**SPI1 GPIO Configuration
 276              		.loc 1 107 5 view .LVU83
 113:Core/Src/spi.c ****     GPIO_InitStruct.Mode = GPIO_MODE_AF_PP;
 277              		.loc 1 113 5 view .LVU84
 113:Core/Src/spi.c ****     GPIO_InitStruct.Mode = GPIO_MODE_AF_PP;
 278              		.loc 1 113 25 is_stmt 0 view .LVU85
 279 0052 E023     		movs	r3, #224
 280 0054 0593     		str	r3, [sp, #20]
 114:Core/Src/spi.c ****     GPIO_InitStruct.Pull = GPIO_NOPULL;
ARM GAS  C:\Users\ALESSA~1\AppData\Local\Temp\cckGHaMH.s 			page 9


 281              		.loc 1 114 5 is_stmt 1 view .LVU86
 114:Core/Src/spi.c ****     GPIO_InitStruct.Pull = GPIO_NOPULL;
 282              		.loc 1 114 26 is_stmt 0 view .LVU87
 283 0056 0223     		movs	r3, #2
 284 0058 0693     		str	r3, [sp, #24]
 115:Core/Src/spi.c ****     GPIO_InitStruct.Speed = GPIO_SPEED_FREQ_VERY_HIGH;
 285              		.loc 1 115 5 is_stmt 1 view .LVU88
 116:Core/Src/spi.c ****     GPIO_InitStruct.Alternate = GPIO_AF5_SPI1;
 286              		.loc 1 116 5 view .LVU89
 116:Core/Src/spi.c ****     GPIO_InitStruct.Alternate = GPIO_AF5_SPI1;
 287              		.loc 1 116 27 is_stmt 0 view .LVU90
 288 005a 0323     		movs	r3, #3
 289 005c 0893     		str	r3, [sp, #32]
 117:Core/Src/spi.c ****     HAL_GPIO_Init(GPIOA, &GPIO_InitStruct);
 290              		.loc 1 117 5 is_stmt 1 view .LVU91
 117:Core/Src/spi.c ****     HAL_GPIO_Init(GPIOA, &GPIO_InitStruct);
 291              		.loc 1 117 31 is_stmt 0 view .LVU92
 292 005e 0523     		movs	r3, #5
 293 0060 0993     		str	r3, [sp, #36]
 118:Core/Src/spi.c **** 
 294              		.loc 1 118 5 is_stmt 1 view .LVU93
 295 0062 05A9     		add	r1, sp, #20
 296 0064 2848     		ldr	r0, .L19+12
 297              	.LVL7:
 118:Core/Src/spi.c **** 
 298              		.loc 1 118 5 is_stmt 0 view .LVU94
 299 0066 FFF7FEFF 		bl	HAL_GPIO_Init
 300              	.LVL8:
 301 006a D9E7     		b	.L13
 302              	.LVL9:
 303              	.L18:
 130:Core/Src/spi.c **** 
 304              		.loc 1 130 5 is_stmt 1 view .LVU95
 305              	.LBB4:
 130:Core/Src/spi.c **** 
 306              		.loc 1 130 5 view .LVU96
 307 006c 0024     		movs	r4, #0
 308 006e 0294     		str	r4, [sp, #8]
 130:Core/Src/spi.c **** 
 309              		.loc 1 130 5 view .LVU97
 310 0070 244B     		ldr	r3, .L19+8
 311 0072 1A6C     		ldr	r2, [r3, #64]
 312 0074 42F48042 		orr	r2, r2, #16384
 313 0078 1A64     		str	r2, [r3, #64]
 130:Core/Src/spi.c **** 
 314              		.loc 1 130 5 view .LVU98
 315 007a 1A6C     		ldr	r2, [r3, #64]
 316 007c 02F48042 		and	r2, r2, #16384
 317 0080 0292     		str	r2, [sp, #8]
 130:Core/Src/spi.c **** 
 318              		.loc 1 130 5 view .LVU99
 319 0082 029A     		ldr	r2, [sp, #8]
 320              	.LBE4:
 130:Core/Src/spi.c **** 
 321              		.loc 1 130 5 view .LVU100
 132:Core/Src/spi.c ****     __HAL_RCC_GPIOB_CLK_ENABLE();
 322              		.loc 1 132 5 view .LVU101
ARM GAS  C:\Users\ALESSA~1\AppData\Local\Temp\cckGHaMH.s 			page 10


 323              	.LBB5:
 132:Core/Src/spi.c ****     __HAL_RCC_GPIOB_CLK_ENABLE();
 324              		.loc 1 132 5 view .LVU102
 325 0084 0394     		str	r4, [sp, #12]
 132:Core/Src/spi.c ****     __HAL_RCC_GPIOB_CLK_ENABLE();
 326              		.loc 1 132 5 view .LVU103
 327 0086 1A6B     		ldr	r2, [r3, #48]
 328 0088 42F00402 		orr	r2, r2, #4
 329 008c 1A63     		str	r2, [r3, #48]
 132:Core/Src/spi.c ****     __HAL_RCC_GPIOB_CLK_ENABLE();
 330              		.loc 1 132 5 view .LVU104
 331 008e 1A6B     		ldr	r2, [r3, #48]
 332 0090 02F00402 		and	r2, r2, #4
 333 0094 0392     		str	r2, [sp, #12]
 132:Core/Src/spi.c ****     __HAL_RCC_GPIOB_CLK_ENABLE();
 334              		.loc 1 132 5 view .LVU105
 335 0096 039A     		ldr	r2, [sp, #12]
 336              	.LBE5:
 132:Core/Src/spi.c ****     __HAL_RCC_GPIOB_CLK_ENABLE();
 337              		.loc 1 132 5 view .LVU106
 133:Core/Src/spi.c ****     /**SPI2 GPIO Configuration
 338              		.loc 1 133 5 view .LVU107
 339              	.LBB6:
 133:Core/Src/spi.c ****     /**SPI2 GPIO Configuration
 340              		.loc 1 133 5 view .LVU108
 341 0098 0494     		str	r4, [sp, #16]
 133:Core/Src/spi.c ****     /**SPI2 GPIO Configuration
 342              		.loc 1 133 5 view .LVU109
 343 009a 1A6B     		ldr	r2, [r3, #48]
 344 009c 42F00202 		orr	r2, r2, #2
 345 00a0 1A63     		str	r2, [r3, #48]
 133:Core/Src/spi.c ****     /**SPI2 GPIO Configuration
 346              		.loc 1 133 5 view .LVU110
 347 00a2 1B6B     		ldr	r3, [r3, #48]
 348 00a4 03F00203 		and	r3, r3, #2
 349 00a8 0493     		str	r3, [sp, #16]
 133:Core/Src/spi.c ****     /**SPI2 GPIO Configuration
 350              		.loc 1 133 5 view .LVU111
 351 00aa 049B     		ldr	r3, [sp, #16]
 352              	.LBE6:
 133:Core/Src/spi.c ****     /**SPI2 GPIO Configuration
 353              		.loc 1 133 5 view .LVU112
 139:Core/Src/spi.c ****     GPIO_InitStruct.Mode = GPIO_MODE_AF_PP;
 354              		.loc 1 139 5 view .LVU113
 139:Core/Src/spi.c ****     GPIO_InitStruct.Mode = GPIO_MODE_AF_PP;
 355              		.loc 1 139 25 is_stmt 0 view .LVU114
 356 00ac 0225     		movs	r5, #2
 357 00ae 0595     		str	r5, [sp, #20]
 140:Core/Src/spi.c ****     GPIO_InitStruct.Pull = GPIO_NOPULL;
 358              		.loc 1 140 5 is_stmt 1 view .LVU115
 140:Core/Src/spi.c ****     GPIO_InitStruct.Pull = GPIO_NOPULL;
 359              		.loc 1 140 26 is_stmt 0 view .LVU116
 360 00b0 0695     		str	r5, [sp, #24]
 141:Core/Src/spi.c ****     GPIO_InitStruct.Speed = GPIO_SPEED_FREQ_VERY_HIGH;
 361              		.loc 1 141 5 is_stmt 1 view .LVU117
 142:Core/Src/spi.c ****     GPIO_InitStruct.Alternate = GPIO_AF7_SPI2;
 362              		.loc 1 142 5 view .LVU118
ARM GAS  C:\Users\ALESSA~1\AppData\Local\Temp\cckGHaMH.s 			page 11


 142:Core/Src/spi.c ****     GPIO_InitStruct.Alternate = GPIO_AF7_SPI2;
 363              		.loc 1 142 27 is_stmt 0 view .LVU119
 364 00b2 0327     		movs	r7, #3
 365 00b4 0897     		str	r7, [sp, #32]
 143:Core/Src/spi.c ****     HAL_GPIO_Init(L9963T_H_MISO_SDO_GPIO_Port, &GPIO_InitStruct);
 366              		.loc 1 143 5 is_stmt 1 view .LVU120
 143:Core/Src/spi.c ****     HAL_GPIO_Init(L9963T_H_MISO_SDO_GPIO_Port, &GPIO_InitStruct);
 367              		.loc 1 143 31 is_stmt 0 view .LVU121
 368 00b6 0723     		movs	r3, #7
 369 00b8 0993     		str	r3, [sp, #36]
 144:Core/Src/spi.c **** 
 370              		.loc 1 144 5 is_stmt 1 view .LVU122
 371 00ba 05AE     		add	r6, sp, #20
 372 00bc DFF85090 		ldr	r9, .L19+20
 373 00c0 3146     		mov	r1, r6
 374 00c2 4846     		mov	r0, r9
 375              	.LVL10:
 144:Core/Src/spi.c **** 
 376              		.loc 1 144 5 is_stmt 0 view .LVU123
 377 00c4 FFF7FEFF 		bl	HAL_GPIO_Init
 378              	.LVL11:
 146:Core/Src/spi.c ****     GPIO_InitStruct.Mode = GPIO_MODE_AF_PP;
 379              		.loc 1 146 5 is_stmt 1 view .LVU124
 146:Core/Src/spi.c ****     GPIO_InitStruct.Mode = GPIO_MODE_AF_PP;
 380              		.loc 1 146 25 is_stmt 0 view .LVU125
 381 00c8 0423     		movs	r3, #4
 382 00ca 0593     		str	r3, [sp, #20]
 147:Core/Src/spi.c ****     GPIO_InitStruct.Pull = GPIO_NOPULL;
 383              		.loc 1 147 5 is_stmt 1 view .LVU126
 147:Core/Src/spi.c ****     GPIO_InitStruct.Pull = GPIO_NOPULL;
 384              		.loc 1 147 26 is_stmt 0 view .LVU127
 385 00cc 0695     		str	r5, [sp, #24]
 148:Core/Src/spi.c ****     GPIO_InitStruct.Speed = GPIO_SPEED_FREQ_VERY_HIGH;
 386              		.loc 1 148 5 is_stmt 1 view .LVU128
 148:Core/Src/spi.c ****     GPIO_InitStruct.Speed = GPIO_SPEED_FREQ_VERY_HIGH;
 387              		.loc 1 148 26 is_stmt 0 view .LVU129
 388 00ce 0794     		str	r4, [sp, #28]
 149:Core/Src/spi.c ****     GPIO_InitStruct.Alternate = GPIO_AF5_SPI2;
 389              		.loc 1 149 5 is_stmt 1 view .LVU130
 149:Core/Src/spi.c ****     GPIO_InitStruct.Alternate = GPIO_AF5_SPI2;
 390              		.loc 1 149 27 is_stmt 0 view .LVU131
 391 00d0 0897     		str	r7, [sp, #32]
 150:Core/Src/spi.c ****     HAL_GPIO_Init(L9963T_H_MOSI_SDI_GPIO_Port, &GPIO_InitStruct);
 392              		.loc 1 150 5 is_stmt 1 view .LVU132
 150:Core/Src/spi.c ****     HAL_GPIO_Init(L9963T_H_MOSI_SDI_GPIO_Port, &GPIO_InitStruct);
 393              		.loc 1 150 31 is_stmt 0 view .LVU133
 394 00d2 4FF00508 		mov	r8, #5
 395 00d6 CDF82480 		str	r8, [sp, #36]
 151:Core/Src/spi.c **** 
 396              		.loc 1 151 5 is_stmt 1 view .LVU134
 397 00da 3146     		mov	r1, r6
 398 00dc 4846     		mov	r0, r9
 399 00de FFF7FEFF 		bl	HAL_GPIO_Init
 400              	.LVL12:
 153:Core/Src/spi.c ****     GPIO_InitStruct.Mode = GPIO_MODE_AF_PP;
 401              		.loc 1 153 5 view .LVU135
 153:Core/Src/spi.c ****     GPIO_InitStruct.Mode = GPIO_MODE_AF_PP;
ARM GAS  C:\Users\ALESSA~1\AppData\Local\Temp\cckGHaMH.s 			page 12


 402              		.loc 1 153 25 is_stmt 0 view .LVU136
 403 00e2 4FF48063 		mov	r3, #1024
 404 00e6 0593     		str	r3, [sp, #20]
 154:Core/Src/spi.c ****     GPIO_InitStruct.Pull = GPIO_NOPULL;
 405              		.loc 1 154 5 is_stmt 1 view .LVU137
 154:Core/Src/spi.c ****     GPIO_InitStruct.Pull = GPIO_NOPULL;
 406              		.loc 1 154 26 is_stmt 0 view .LVU138
 407 00e8 0695     		str	r5, [sp, #24]
 155:Core/Src/spi.c ****     GPIO_InitStruct.Speed = GPIO_SPEED_FREQ_VERY_HIGH;
 408              		.loc 1 155 5 is_stmt 1 view .LVU139
 155:Core/Src/spi.c ****     GPIO_InitStruct.Speed = GPIO_SPEED_FREQ_VERY_HIGH;
 409              		.loc 1 155 26 is_stmt 0 view .LVU140
 410 00ea 0794     		str	r4, [sp, #28]
 156:Core/Src/spi.c ****     GPIO_InitStruct.Alternate = GPIO_AF5_SPI2;
 411              		.loc 1 156 5 is_stmt 1 view .LVU141
 156:Core/Src/spi.c ****     GPIO_InitStruct.Alternate = GPIO_AF5_SPI2;
 412              		.loc 1 156 27 is_stmt 0 view .LVU142
 413 00ec 0897     		str	r7, [sp, #32]
 157:Core/Src/spi.c ****     HAL_GPIO_Init(L9963T_H_SCK_GPIO_Port, &GPIO_InitStruct);
 414              		.loc 1 157 5 is_stmt 1 view .LVU143
 157:Core/Src/spi.c ****     HAL_GPIO_Init(L9963T_H_SCK_GPIO_Port, &GPIO_InitStruct);
 415              		.loc 1 157 31 is_stmt 0 view .LVU144
 416 00ee CDF82480 		str	r8, [sp, #36]
 158:Core/Src/spi.c **** 
 417              		.loc 1 158 5 is_stmt 1 view .LVU145
 418 00f2 3146     		mov	r1, r6
 419 00f4 0548     		ldr	r0, .L19+16
 420 00f6 FFF7FEFF 		bl	HAL_GPIO_Init
 421              	.LVL13:
 422              		.loc 1 164 1 is_stmt 0 view .LVU146
 423 00fa 91E7     		b	.L13
 424              	.L20:
 425              		.align	2
 426              	.L19:
 427 00fc 00300140 		.word	1073819648
 428 0100 00380040 		.word	1073756160
 429 0104 00380240 		.word	1073887232
 430 0108 00000240 		.word	1073872896
 431 010c 00040240 		.word	1073873920
 432 0110 00080240 		.word	1073874944
 433              		.cfi_endproc
 434              	.LFE136:
 436              		.section	.text.HAL_SPI_MspDeInit,"ax",%progbits
 437              		.align	1
 438              		.global	HAL_SPI_MspDeInit
 439              		.syntax unified
 440              		.thumb
 441              		.thumb_func
 443              	HAL_SPI_MspDeInit:
 444              	.LVL14:
 445              	.LFB137:
 165:Core/Src/spi.c **** 
 166:Core/Src/spi.c **** void HAL_SPI_MspDeInit(SPI_HandleTypeDef* spiHandle)
 167:Core/Src/spi.c **** {
 446              		.loc 1 167 1 is_stmt 1 view -0
 447              		.cfi_startproc
 448              		@ args = 0, pretend = 0, frame = 0
ARM GAS  C:\Users\ALESSA~1\AppData\Local\Temp\cckGHaMH.s 			page 13


 449              		@ frame_needed = 0, uses_anonymous_args = 0
 450              		.loc 1 167 1 is_stmt 0 view .LVU148
 451 0000 08B5     		push	{r3, lr}
 452              		.cfi_def_cfa_offset 8
 453              		.cfi_offset 3, -8
 454              		.cfi_offset 14, -4
 168:Core/Src/spi.c **** 
 169:Core/Src/spi.c ****   if(spiHandle->Instance==SPI1)
 455              		.loc 1 169 3 is_stmt 1 view .LVU149
 456              		.loc 1 169 15 is_stmt 0 view .LVU150
 457 0002 0368     		ldr	r3, [r0]
 458              		.loc 1 169 5 view .LVU151
 459 0004 104A     		ldr	r2, .L27
 460 0006 9342     		cmp	r3, r2
 461 0008 03D0     		beq	.L25
 170:Core/Src/spi.c ****   {
 171:Core/Src/spi.c ****   /* USER CODE BEGIN SPI1_MspDeInit 0 */
 172:Core/Src/spi.c **** 
 173:Core/Src/spi.c ****   /* USER CODE END SPI1_MspDeInit 0 */
 174:Core/Src/spi.c ****     /* Peripheral clock disable */
 175:Core/Src/spi.c ****     __HAL_RCC_SPI1_CLK_DISABLE();
 176:Core/Src/spi.c **** 
 177:Core/Src/spi.c ****     /**SPI1 GPIO Configuration
 178:Core/Src/spi.c ****     PA5     ------> SPI1_SCK
 179:Core/Src/spi.c ****     PA6     ------> SPI1_MISO
 180:Core/Src/spi.c ****     PA7     ------> SPI1_MOSI
 181:Core/Src/spi.c ****     */
 182:Core/Src/spi.c ****     HAL_GPIO_DeInit(GPIOA, L9963T_L_SCK_Pin|L9963T_L_MISO_SDO_Pin|L9963T_L_MOSI_SDI_Pin);
 183:Core/Src/spi.c **** 
 184:Core/Src/spi.c ****   /* USER CODE BEGIN SPI1_MspDeInit 1 */
 185:Core/Src/spi.c **** 
 186:Core/Src/spi.c ****   /* USER CODE END SPI1_MspDeInit 1 */
 187:Core/Src/spi.c ****   }
 188:Core/Src/spi.c ****   else if(spiHandle->Instance==SPI2)
 462              		.loc 1 188 8 is_stmt 1 view .LVU152
 463              		.loc 1 188 10 is_stmt 0 view .LVU153
 464 000a 104A     		ldr	r2, .L27+4
 465 000c 9342     		cmp	r3, r2
 466 000e 0BD0     		beq	.L26
 467              	.LVL15:
 468              	.L21:
 189:Core/Src/spi.c ****   {
 190:Core/Src/spi.c ****   /* USER CODE BEGIN SPI2_MspDeInit 0 */
 191:Core/Src/spi.c **** 
 192:Core/Src/spi.c ****   /* USER CODE END SPI2_MspDeInit 0 */
 193:Core/Src/spi.c ****     /* Peripheral clock disable */
 194:Core/Src/spi.c ****     __HAL_RCC_SPI2_CLK_DISABLE();
 195:Core/Src/spi.c **** 
 196:Core/Src/spi.c ****     /**SPI2 GPIO Configuration
 197:Core/Src/spi.c ****     PC1     ------> SPI2_MOSI
 198:Core/Src/spi.c ****     PC2     ------> SPI2_MISO
 199:Core/Src/spi.c ****     PB10     ------> SPI2_SCK
 200:Core/Src/spi.c ****     */
 201:Core/Src/spi.c ****     HAL_GPIO_DeInit(GPIOC, L9963T_H_MISO_SDO_Pin|L9963T_H_MOSI_SDI_Pin);
 202:Core/Src/spi.c **** 
 203:Core/Src/spi.c ****     HAL_GPIO_DeInit(L9963T_H_SCK_GPIO_Port, L9963T_H_SCK_Pin);
 204:Core/Src/spi.c **** 
ARM GAS  C:\Users\ALESSA~1\AppData\Local\Temp\cckGHaMH.s 			page 14


 205:Core/Src/spi.c ****   /* USER CODE BEGIN SPI2_MspDeInit 1 */
 206:Core/Src/spi.c **** 
 207:Core/Src/spi.c ****   /* USER CODE END SPI2_MspDeInit 1 */
 208:Core/Src/spi.c ****   }
 209:Core/Src/spi.c **** }
 469              		.loc 1 209 1 view .LVU154
 470 0010 08BD     		pop	{r3, pc}
 471              	.LVL16:
 472              	.L25:
 175:Core/Src/spi.c **** 
 473              		.loc 1 175 5 is_stmt 1 view .LVU155
 474 0012 02F58432 		add	r2, r2, #67584
 475 0016 536C     		ldr	r3, [r2, #68]
 476 0018 23F48053 		bic	r3, r3, #4096
 477 001c 5364     		str	r3, [r2, #68]
 182:Core/Src/spi.c **** 
 478              		.loc 1 182 5 view .LVU156
 479 001e E021     		movs	r1, #224
 480 0020 0B48     		ldr	r0, .L27+8
 481              	.LVL17:
 182:Core/Src/spi.c **** 
 482              		.loc 1 182 5 is_stmt 0 view .LVU157
 483 0022 FFF7FEFF 		bl	HAL_GPIO_DeInit
 484              	.LVL18:
 485 0026 F3E7     		b	.L21
 486              	.LVL19:
 487              	.L26:
 194:Core/Src/spi.c **** 
 488              		.loc 1 194 5 is_stmt 1 view .LVU158
 489 0028 02F50032 		add	r2, r2, #131072
 490 002c 136C     		ldr	r3, [r2, #64]
 491 002e 23F48043 		bic	r3, r3, #16384
 492 0032 1364     		str	r3, [r2, #64]
 201:Core/Src/spi.c **** 
 493              		.loc 1 201 5 view .LVU159
 494 0034 0621     		movs	r1, #6
 495 0036 0748     		ldr	r0, .L27+12
 496              	.LVL20:
 201:Core/Src/spi.c **** 
 497              		.loc 1 201 5 is_stmt 0 view .LVU160
 498 0038 FFF7FEFF 		bl	HAL_GPIO_DeInit
 499              	.LVL21:
 203:Core/Src/spi.c **** 
 500              		.loc 1 203 5 is_stmt 1 view .LVU161
 501 003c 4FF48061 		mov	r1, #1024
 502 0040 0548     		ldr	r0, .L27+16
 503 0042 FFF7FEFF 		bl	HAL_GPIO_DeInit
 504              	.LVL22:
 505              		.loc 1 209 1 is_stmt 0 view .LVU162
 506 0046 E3E7     		b	.L21
 507              	.L28:
 508              		.align	2
 509              	.L27:
 510 0048 00300140 		.word	1073819648
 511 004c 00380040 		.word	1073756160
 512 0050 00000240 		.word	1073872896
 513 0054 00080240 		.word	1073874944
ARM GAS  C:\Users\ALESSA~1\AppData\Local\Temp\cckGHaMH.s 			page 15


 514 0058 00040240 		.word	1073873920
 515              		.cfi_endproc
 516              	.LFE137:
 518              		.global	hspi2
 519              		.section	.bss.hspi2,"aw",%nobits
 520              		.align	2
 523              	hspi2:
 524 0000 00000000 		.space	88
 524      00000000 
 524      00000000 
 524      00000000 
 524      00000000 
 525              		.global	hspi1
 526              		.section	.bss.hspi1,"aw",%nobits
 527              		.align	2
 530              	hspi1:
 531 0000 00000000 		.space	88
 531      00000000 
 531      00000000 
 531      00000000 
 531      00000000 
 532              		.text
 533              	.Letext0:
 534              		.file 2 "C:/Users/Alessandro/AppData/Roaming/Code/User/globalStorage/bmd.stm32-for-vscode/@xpack-d
 535              		.file 3 "C:/Users/Alessandro/AppData/Roaming/Code/User/globalStorage/bmd.stm32-for-vscode/@xpack-d
 536              		.file 4 "Drivers/CMSIS/Device/ST/STM32F4xx/Include/stm32f446xx.h"
 537              		.file 5 "Drivers/STM32F4xx_HAL_Driver/Inc/stm32f4xx_hal_def.h"
 538              		.file 6 "Drivers/STM32F4xx_HAL_Driver/Inc/stm32f4xx_hal_gpio.h"
 539              		.file 7 "Drivers/STM32F4xx_HAL_Driver/Inc/stm32f4xx_hal_dma.h"
 540              		.file 8 "Drivers/STM32F4xx_HAL_Driver/Inc/stm32f4xx_hal_spi.h"
 541              		.file 9 "Core/Inc/spi.h"
 542              		.file 10 "Core/Inc/main.h"
ARM GAS  C:\Users\ALESSA~1\AppData\Local\Temp\cckGHaMH.s 			page 16


DEFINED SYMBOLS
                            *ABS*:00000000 spi.c
C:\Users\ALESSA~1\AppData\Local\Temp\cckGHaMH.s:21     .text.MX_SPI1_Init:00000000 $t
C:\Users\ALESSA~1\AppData\Local\Temp\cckGHaMH.s:27     .text.MX_SPI1_Init:00000000 MX_SPI1_Init
C:\Users\ALESSA~1\AppData\Local\Temp\cckGHaMH.s:99     .text.MX_SPI1_Init:0000003c $d
C:\Users\ALESSA~1\AppData\Local\Temp\cckGHaMH.s:530    .bss.hspi1:00000000 hspi1
C:\Users\ALESSA~1\AppData\Local\Temp\cckGHaMH.s:105    .text.MX_SPI2_Init:00000000 $t
C:\Users\ALESSA~1\AppData\Local\Temp\cckGHaMH.s:111    .text.MX_SPI2_Init:00000000 MX_SPI2_Init
C:\Users\ALESSA~1\AppData\Local\Temp\cckGHaMH.s:181    .text.MX_SPI2_Init:00000038 $d
C:\Users\ALESSA~1\AppData\Local\Temp\cckGHaMH.s:523    .bss.hspi2:00000000 hspi2
C:\Users\ALESSA~1\AppData\Local\Temp\cckGHaMH.s:187    .text.HAL_SPI_MspInit:00000000 $t
C:\Users\ALESSA~1\AppData\Local\Temp\cckGHaMH.s:193    .text.HAL_SPI_MspInit:00000000 HAL_SPI_MspInit
C:\Users\ALESSA~1\AppData\Local\Temp\cckGHaMH.s:427    .text.HAL_SPI_MspInit:000000fc $d
C:\Users\ALESSA~1\AppData\Local\Temp\cckGHaMH.s:437    .text.HAL_SPI_MspDeInit:00000000 $t
C:\Users\ALESSA~1\AppData\Local\Temp\cckGHaMH.s:443    .text.HAL_SPI_MspDeInit:00000000 HAL_SPI_MspDeInit
C:\Users\ALESSA~1\AppData\Local\Temp\cckGHaMH.s:510    .text.HAL_SPI_MspDeInit:00000048 $d
C:\Users\ALESSA~1\AppData\Local\Temp\cckGHaMH.s:520    .bss.hspi2:00000000 $d
C:\Users\ALESSA~1\AppData\Local\Temp\cckGHaMH.s:527    .bss.hspi1:00000000 $d

UNDEFINED SYMBOLS
HAL_SPI_Init
Error_Handler
HAL_GPIO_Init
HAL_GPIO_DeInit
