ARM GAS  C:\Users\ALESSA~1\AppData\Local\Temp\ccQuHK2M.s 			page 1


   1              		.cpu cortex-m4
   2              		.arch armv7e-m
   3              		.fpu fpv4-sp-d16
   4              		.eabi_attribute 27, 1
   5              		.eabi_attribute 28, 1
   6              		.eabi_attribute 20, 1
   7              		.eabi_attribute 21, 1
   8              		.eabi_attribute 23, 3
   9              		.eabi_attribute 24, 1
  10              		.eabi_attribute 25, 1
  11              		.eabi_attribute 26, 1
  12              		.eabi_attribute 30, 1
  13              		.eabi_attribute 34, 1
  14              		.eabi_attribute 18, 4
  15              		.file	"stm32_if.c"
  16              		.text
  17              	.Ltext0:
  18              		.cfi_sections	.debug_frame
  19              		.file 1 "Core/Src/stm32_if.c"
  20              		.section	.text.GPIO_ReadPinL,"ax",%progbits
  21              		.align	1
  22              		.global	GPIO_ReadPinL
  23              		.syntax unified
  24              		.thumb
  25              		.thumb_func
  27              	GPIO_ReadPinL:
  28              	.LVL0:
  29              	.LFB134:
   1:Core/Src/stm32_if.c **** /*
   2:Core/Src/stm32_if.c ****  * "THE BEER-WARE LICENSE" (Revision 69):
   3:Core/Src/stm32_if.c ****  * Squadra Corse firmware team wrote this file. As long as you retain this notice
   4:Core/Src/stm32_if.c ****  * you can do whatever you want with this stuff. If we meet some day, and you 
   5:Core/Src/stm32_if.c ****  * think this stuff is worth it, you can buy us a beer in return.
   6:Core/Src/stm32_if.c ****  * 
   7:Core/Src/stm32_if.c ****  * Authors
   8:Core/Src/stm32_if.c ****  * - Federico Carbone [federico.carbone.sc@gmail.com]
   9:Core/Src/stm32_if.c ****  */
  10:Core/Src/stm32_if.c **** #include "main.h"
  11:Core/Src/stm32_if.c **** #include "stm32_if.h"
  12:Core/Src/stm32_if.c **** 
  13:Core/Src/stm32_if.c **** #include "spi.h"
  14:Core/Src/stm32_if.c **** 
  15:Core/Src/stm32_if.c **** L9963E_IF_PinState GPIO_ReadPinL(L9963E_IF_PINS pin) {
  30              		.loc 1 15 54 view -0
  31              		.cfi_startproc
  32              		@ args = 0, pretend = 0, frame = 0
  33              		@ frame_needed = 0, uses_anonymous_args = 0
  34              		.loc 1 15 54 is_stmt 0 view .LVU1
  35 0000 08B5     		push	{r3, lr}
  36              		.cfi_def_cfa_offset 8
  37              		.cfi_offset 3, -8
  38              		.cfi_offset 14, -4
  16:Core/Src/stm32_if.c ****     L9963E_IF_PinState state = L9963E_IF_GPIO_PIN_RESET;
  39              		.loc 1 16 5 is_stmt 1 view .LVU2
  40              	.LVL1:
  17:Core/Src/stm32_if.c ****     switch (pin) {
  41              		.loc 1 17 5 view .LVU3
ARM GAS  C:\Users\ALESSA~1\AppData\Local\Temp\ccQuHK2M.s 			page 2


  42 0002 0428     		cmp	r0, #4
  43 0004 20D8     		bhi	.L9
  44 0006 DFE800F0 		tbb	[pc, r0]
  45              	.L4:
  46 000a 03       		.byte	(.L8-.L4)/2
  47 000b 0B       		.byte	(.L7-.L4)/2
  48 000c 10       		.byte	(.L6-.L4)/2
  49 000d 15       		.byte	(.L5-.L4)/2
  50 000e 1A       		.byte	(.L3-.L4)/2
  51 000f 00       		.p2align 1
  52              	.L8:
  18:Core/Src/stm32_if.c ****         case L9963E_IF_CS:
  19:Core/Src/stm32_if.c ****             state = HAL_GPIO_ReadPin(L9963T_L_NCS_GPIO_OUT_GPIO_Port, L9963T_L_NCS_GPIO_OUT_Pin);
  53              		.loc 1 19 13 view .LVU4
  54              		.loc 1 19 21 is_stmt 0 view .LVU5
  55 0010 1021     		movs	r1, #16
  56 0012 0E48     		ldr	r0, .L11
  57              	.LVL2:
  58              		.loc 1 19 21 view .LVU6
  59 0014 FFF7FEFF 		bl	HAL_GPIO_ReadPin
  60              	.LVL3:
  20:Core/Src/stm32_if.c ****             break;
  61              		.loc 1 20 13 is_stmt 1 view .LVU7
  62              	.L2:
  21:Core/Src/stm32_if.c ****         case L9963E_IF_TXEN:
  22:Core/Src/stm32_if.c ****             state = HAL_GPIO_ReadPin(L9963T_L_TXEN_GPIO_OUT_GPIO_Port, L9963T_L_TXEN_GPIO_OUT_Pin);
  23:Core/Src/stm32_if.c ****             break;
  24:Core/Src/stm32_if.c ****         case L9963E_IF_BNE:
  25:Core/Src/stm32_if.c ****             state = HAL_GPIO_ReadPin(L9963T_L_BNE_GPIO_IN_GPIO_Port, L9963T_L_BNE_GPIO_IN_Pin);
  26:Core/Src/stm32_if.c ****             break;
  27:Core/Src/stm32_if.c ****         case L9963E_IF_ISOFREQ:
  28:Core/Src/stm32_if.c ****             state = HAL_GPIO_ReadPin(L9963T_L_ISOFREQ_GPIO_OUT_GPIO_Port, L9963T_L_ISOFREQ_GPIO_OUT
  29:Core/Src/stm32_if.c ****             break;
  30:Core/Src/stm32_if.c ****         case L9963E_IF_DIS:
  31:Core/Src/stm32_if.c ****             state = HAL_GPIO_ReadPin(L9963T_L_DIS_GPIO_INOUT_GPIO_Port, L9963T_L_DIS_GPIO_INOUT_Pin
  32:Core/Src/stm32_if.c ****             break;
  33:Core/Src/stm32_if.c ****     }
  34:Core/Src/stm32_if.c **** 
  35:Core/Src/stm32_if.c ****     return state == L9963E_IF_GPIO_PIN_RESET ? GPIO_PIN_RESET : GPIO_PIN_SET;  //convert lib state 
  63              		.loc 1 35 5 view .LVU8
  36:Core/Src/stm32_if.c **** }
  64              		.loc 1 36 1 is_stmt 0 view .LVU9
  65 0018 0038     		subs	r0, r0, #0
  66              		.loc 1 36 1 view .LVU10
  67 001a 18BF     		it	ne
  68 001c 0120     		movne	r0, #1
  69              	.LVL4:
  70              		.loc 1 36 1 view .LVU11
  71 001e 08BD     		pop	{r3, pc}
  72              	.LVL5:
  73              	.L7:
  22:Core/Src/stm32_if.c ****             break;
  74              		.loc 1 22 13 is_stmt 1 view .LVU12
  22:Core/Src/stm32_if.c ****             break;
  75              		.loc 1 22 21 is_stmt 0 view .LVU13
  76 0020 0421     		movs	r1, #4
  77 0022 0B48     		ldr	r0, .L11+4
ARM GAS  C:\Users\ALESSA~1\AppData\Local\Temp\ccQuHK2M.s 			page 3


  78              	.LVL6:
  22:Core/Src/stm32_if.c ****             break;
  79              		.loc 1 22 21 view .LVU14
  80 0024 FFF7FEFF 		bl	HAL_GPIO_ReadPin
  81              	.LVL7:
  23:Core/Src/stm32_if.c ****         case L9963E_IF_BNE:
  82              		.loc 1 23 13 is_stmt 1 view .LVU15
  83 0028 F6E7     		b	.L2
  84              	.LVL8:
  85              	.L6:
  25:Core/Src/stm32_if.c ****             break;
  86              		.loc 1 25 13 view .LVU16
  25:Core/Src/stm32_if.c ****             break;
  87              		.loc 1 25 21 is_stmt 0 view .LVU17
  88 002a 0221     		movs	r1, #2
  89 002c 0848     		ldr	r0, .L11+4
  90              	.LVL9:
  25:Core/Src/stm32_if.c ****             break;
  91              		.loc 1 25 21 view .LVU18
  92 002e FFF7FEFF 		bl	HAL_GPIO_ReadPin
  93              	.LVL10:
  26:Core/Src/stm32_if.c ****         case L9963E_IF_ISOFREQ:
  94              		.loc 1 26 13 is_stmt 1 view .LVU19
  95 0032 F1E7     		b	.L2
  96              	.LVL11:
  97              	.L5:
  28:Core/Src/stm32_if.c ****             break;
  98              		.loc 1 28 13 view .LVU20
  28:Core/Src/stm32_if.c ****             break;
  99              		.loc 1 28 21 is_stmt 0 view .LVU21
 100 0034 0121     		movs	r1, #1
 101 0036 0648     		ldr	r0, .L11+4
 102              	.LVL12:
  28:Core/Src/stm32_if.c ****             break;
 103              		.loc 1 28 21 view .LVU22
 104 0038 FFF7FEFF 		bl	HAL_GPIO_ReadPin
 105              	.LVL13:
  29:Core/Src/stm32_if.c ****         case L9963E_IF_DIS:
 106              		.loc 1 29 13 is_stmt 1 view .LVU23
 107 003c ECE7     		b	.L2
 108              	.LVL14:
 109              	.L3:
  31:Core/Src/stm32_if.c ****             break;
 110              		.loc 1 31 13 view .LVU24
  31:Core/Src/stm32_if.c ****             break;
 111              		.loc 1 31 21 is_stmt 0 view .LVU25
 112 003e 2021     		movs	r1, #32
 113 0040 0248     		ldr	r0, .L11
 114              	.LVL15:
  31:Core/Src/stm32_if.c ****             break;
 115              		.loc 1 31 21 view .LVU26
 116 0042 FFF7FEFF 		bl	HAL_GPIO_ReadPin
 117              	.LVL16:
  32:Core/Src/stm32_if.c ****     }
 118              		.loc 1 32 13 is_stmt 1 view .LVU27
 119 0046 E7E7     		b	.L2
 120              	.LVL17:
ARM GAS  C:\Users\ALESSA~1\AppData\Local\Temp\ccQuHK2M.s 			page 4


 121              	.L9:
  17:Core/Src/stm32_if.c ****         case L9963E_IF_CS:
 122              		.loc 1 17 5 is_stmt 0 view .LVU28
 123 0048 0020     		movs	r0, #0
 124              	.LVL18:
  17:Core/Src/stm32_if.c ****         case L9963E_IF_CS:
 125              		.loc 1 17 5 view .LVU29
 126 004a E5E7     		b	.L2
 127              	.L12:
 128              		.align	2
 129              	.L11:
 130 004c 00080240 		.word	1073874944
 131 0050 00040240 		.word	1073873920
 132              		.cfi_endproc
 133              	.LFE134:
 135              		.section	.text.GPIO_WritePinL,"ax",%progbits
 136              		.align	1
 137              		.global	GPIO_WritePinL
 138              		.syntax unified
 139              		.thumb
 140              		.thumb_func
 142              	GPIO_WritePinL:
 143              	.LVL19:
 144              	.LFB135:
  37:Core/Src/stm32_if.c **** L9963E_StatusTypeDef GPIO_WritePinL(L9963E_IF_PINS pin, L9963E_IF_PinState state) {
 145              		.loc 1 37 83 is_stmt 1 view -0
 146              		.cfi_startproc
 147              		@ args = 0, pretend = 0, frame = 0
 148              		@ frame_needed = 0, uses_anonymous_args = 0
 149              		.loc 1 37 83 is_stmt 0 view .LVU31
 150 0000 10B5     		push	{r4, lr}
 151              		.cfi_def_cfa_offset 8
 152              		.cfi_offset 4, -8
 153              		.cfi_offset 14, -4
  38:Core/Src/stm32_if.c ****     GPIO_PinState stm_state = state == L9963E_IF_GPIO_PIN_RESET ? GPIO_PIN_RESET
 154              		.loc 1 38 5 is_stmt 1 view .LVU32
  39:Core/Src/stm32_if.c ****                                                                 : GPIO_PIN_SET;  //convert lib stat
 155              		.loc 1 39 65 is_stmt 0 view .LVU33
 156 0002 0A1E     		subs	r2, r1, #0
 157 0004 18BF     		it	ne
 158 0006 0122     		movne	r2, #1
 159              	.LVL20:
  40:Core/Src/stm32_if.c ****     switch (pin) {
 160              		.loc 1 40 5 is_stmt 1 view .LVU34
 161 0008 0428     		cmp	r0, #4
 162 000a 23D8     		bhi	.L21
 163 000c DFE800F0 		tbb	[pc, r0]
 164              	.L16:
 165 0010 03       		.byte	(.L20-.L16)/2
 166 0011 0A       		.byte	(.L19-.L16)/2
 167 0012 10       		.byte	(.L18-.L16)/2
 168 0013 16       		.byte	(.L17-.L16)/2
 169 0014 1C       		.byte	(.L15-.L16)/2
 170 0015 00       		.p2align 1
 171              	.L20:
 172 0016 0446     		mov	r4, r0
  41:Core/Src/stm32_if.c ****         case L9963E_IF_CS:
ARM GAS  C:\Users\ALESSA~1\AppData\Local\Temp\ccQuHK2M.s 			page 5


  42:Core/Src/stm32_if.c ****             HAL_GPIO_WritePin(L9963T_L_NCS_GPIO_OUT_GPIO_Port, L9963T_L_NCS_GPIO_OUT_Pin, stm_state
 173              		.loc 1 42 13 view .LVU35
 174 0018 1021     		movs	r1, #16
 175              	.LVL21:
 176              		.loc 1 42 13 is_stmt 0 view .LVU36
 177 001a 0F48     		ldr	r0, .L23
 178              	.LVL22:
 179              		.loc 1 42 13 view .LVU37
 180 001c FFF7FEFF 		bl	HAL_GPIO_WritePin
 181              	.LVL23:
  43:Core/Src/stm32_if.c ****             break;
 182              		.loc 1 43 13 is_stmt 1 view .LVU38
  44:Core/Src/stm32_if.c ****         case L9963E_IF_TXEN:
  45:Core/Src/stm32_if.c ****             HAL_GPIO_WritePin(L9963T_L_TXEN_GPIO_OUT_GPIO_Port, L9963T_L_TXEN_GPIO_OUT_Pin, stm_sta
  46:Core/Src/stm32_if.c ****             break;
  47:Core/Src/stm32_if.c ****         case L9963E_IF_BNE:
  48:Core/Src/stm32_if.c ****             HAL_GPIO_WritePin(L9963T_L_BNE_GPIO_IN_GPIO_Port, L9963T_L_BNE_GPIO_IN_Pin, stm_state);
  49:Core/Src/stm32_if.c ****             break;
  50:Core/Src/stm32_if.c ****         case L9963E_IF_ISOFREQ:
  51:Core/Src/stm32_if.c ****             HAL_GPIO_WritePin(L9963T_L_ISOFREQ_GPIO_OUT_GPIO_Port, L9963T_L_ISOFREQ_GPIO_OUT_Pin, s
  52:Core/Src/stm32_if.c ****             break;
  53:Core/Src/stm32_if.c ****         case L9963E_IF_DIS:
  54:Core/Src/stm32_if.c ****             HAL_GPIO_WritePin(L9963T_L_DIS_GPIO_INOUT_GPIO_Port, L9963T_L_DIS_GPIO_INOUT_Pin, stm_s
  55:Core/Src/stm32_if.c ****             break;
  56:Core/Src/stm32_if.c ****         default:
  57:Core/Src/stm32_if.c ****             return L9963E_ERROR;
  58:Core/Src/stm32_if.c ****     }
  59:Core/Src/stm32_if.c ****     return L9963E_OK;
 183              		.loc 1 59 12 is_stmt 0 view .LVU39
 184 0020 2046     		mov	r0, r4
 185              	.L14:
  60:Core/Src/stm32_if.c **** }
 186              		.loc 1 60 1 view .LVU40
 187 0022 10BD     		pop	{r4, pc}
 188              	.LVL24:
 189              	.L19:
  45:Core/Src/stm32_if.c ****             break;
 190              		.loc 1 45 13 is_stmt 1 view .LVU41
 191 0024 0421     		movs	r1, #4
 192              	.LVL25:
  45:Core/Src/stm32_if.c ****             break;
 193              		.loc 1 45 13 is_stmt 0 view .LVU42
 194 0026 0D48     		ldr	r0, .L23+4
 195              	.LVL26:
  45:Core/Src/stm32_if.c ****             break;
 196              		.loc 1 45 13 view .LVU43
 197 0028 FFF7FEFF 		bl	HAL_GPIO_WritePin
 198              	.LVL27:
  46:Core/Src/stm32_if.c ****         case L9963E_IF_BNE:
 199              		.loc 1 46 13 is_stmt 1 view .LVU44
  59:Core/Src/stm32_if.c **** }
 200              		.loc 1 59 12 is_stmt 0 view .LVU45
 201 002c 0020     		movs	r0, #0
  46:Core/Src/stm32_if.c ****         case L9963E_IF_BNE:
 202              		.loc 1 46 13 view .LVU46
 203 002e F8E7     		b	.L14
 204              	.LVL28:
ARM GAS  C:\Users\ALESSA~1\AppData\Local\Temp\ccQuHK2M.s 			page 6


 205              	.L18:
  48:Core/Src/stm32_if.c ****             break;
 206              		.loc 1 48 13 is_stmt 1 view .LVU47
 207 0030 0221     		movs	r1, #2
 208              	.LVL29:
  48:Core/Src/stm32_if.c ****             break;
 209              		.loc 1 48 13 is_stmt 0 view .LVU48
 210 0032 0A48     		ldr	r0, .L23+4
 211              	.LVL30:
  48:Core/Src/stm32_if.c ****             break;
 212              		.loc 1 48 13 view .LVU49
 213 0034 FFF7FEFF 		bl	HAL_GPIO_WritePin
 214              	.LVL31:
  49:Core/Src/stm32_if.c ****         case L9963E_IF_ISOFREQ:
 215              		.loc 1 49 13 is_stmt 1 view .LVU50
  59:Core/Src/stm32_if.c **** }
 216              		.loc 1 59 12 is_stmt 0 view .LVU51
 217 0038 0020     		movs	r0, #0
  49:Core/Src/stm32_if.c ****         case L9963E_IF_ISOFREQ:
 218              		.loc 1 49 13 view .LVU52
 219 003a F2E7     		b	.L14
 220              	.LVL32:
 221              	.L17:
  51:Core/Src/stm32_if.c ****             break;
 222              		.loc 1 51 13 is_stmt 1 view .LVU53
 223 003c 0121     		movs	r1, #1
 224              	.LVL33:
  51:Core/Src/stm32_if.c ****             break;
 225              		.loc 1 51 13 is_stmt 0 view .LVU54
 226 003e 0748     		ldr	r0, .L23+4
 227              	.LVL34:
  51:Core/Src/stm32_if.c ****             break;
 228              		.loc 1 51 13 view .LVU55
 229 0040 FFF7FEFF 		bl	HAL_GPIO_WritePin
 230              	.LVL35:
  52:Core/Src/stm32_if.c ****         case L9963E_IF_DIS:
 231              		.loc 1 52 13 is_stmt 1 view .LVU56
  59:Core/Src/stm32_if.c **** }
 232              		.loc 1 59 12 is_stmt 0 view .LVU57
 233 0044 0020     		movs	r0, #0
  52:Core/Src/stm32_if.c ****         case L9963E_IF_DIS:
 234              		.loc 1 52 13 view .LVU58
 235 0046 ECE7     		b	.L14
 236              	.LVL36:
 237              	.L15:
  54:Core/Src/stm32_if.c ****             break;
 238              		.loc 1 54 13 is_stmt 1 view .LVU59
 239 0048 2021     		movs	r1, #32
 240              	.LVL37:
  54:Core/Src/stm32_if.c ****             break;
 241              		.loc 1 54 13 is_stmt 0 view .LVU60
 242 004a 0348     		ldr	r0, .L23
 243              	.LVL38:
  54:Core/Src/stm32_if.c ****             break;
 244              		.loc 1 54 13 view .LVU61
 245 004c FFF7FEFF 		bl	HAL_GPIO_WritePin
 246              	.LVL39:
ARM GAS  C:\Users\ALESSA~1\AppData\Local\Temp\ccQuHK2M.s 			page 7


  55:Core/Src/stm32_if.c ****         default:
 247              		.loc 1 55 13 is_stmt 1 view .LVU62
  59:Core/Src/stm32_if.c **** }
 248              		.loc 1 59 12 is_stmt 0 view .LVU63
 249 0050 0020     		movs	r0, #0
  55:Core/Src/stm32_if.c ****         default:
 250              		.loc 1 55 13 view .LVU64
 251 0052 E6E7     		b	.L14
 252              	.LVL40:
 253              	.L21:
  40:Core/Src/stm32_if.c ****         case L9963E_IF_CS:
 254              		.loc 1 40 5 view .LVU65
 255 0054 0120     		movs	r0, #1
 256              	.LVL41:
  40:Core/Src/stm32_if.c ****         case L9963E_IF_CS:
 257              		.loc 1 40 5 view .LVU66
 258 0056 E4E7     		b	.L14
 259              	.L24:
 260              		.align	2
 261              	.L23:
 262 0058 00080240 		.word	1073874944
 263 005c 00040240 		.word	1073873920
 264              		.cfi_endproc
 265              	.LFE135:
 267              		.section	.text.SPI_ReceiveL,"ax",%progbits
 268              		.align	1
 269              		.global	SPI_ReceiveL
 270              		.syntax unified
 271              		.thumb
 272              		.thumb_func
 274              	SPI_ReceiveL:
 275              	.LVL42:
 276              	.LFB136:
  61:Core/Src/stm32_if.c **** 
  62:Core/Src/stm32_if.c **** L9963E_StatusTypeDef SPI_ReceiveL(uint8_t *data, uint8_t size, uint8_t timeout_ms) {
 277              		.loc 1 62 84 is_stmt 1 view -0
 278              		.cfi_startproc
 279              		@ args = 0, pretend = 0, frame = 0
 280              		@ frame_needed = 0, uses_anonymous_args = 0
 281              		.loc 1 62 84 is_stmt 0 view .LVU68
 282 0000 08B5     		push	{r3, lr}
 283              		.cfi_def_cfa_offset 8
 284              		.cfi_offset 3, -8
 285              		.cfi_offset 14, -4
 286 0002 1346     		mov	r3, r2
  63:Core/Src/stm32_if.c ****     HAL_StatusTypeDef errorcode;
 287              		.loc 1 63 5 is_stmt 1 view .LVU69
  64:Core/Src/stm32_if.c **** 
  65:Core/Src/stm32_if.c ****     errorcode = HAL_SPI_Receive(&hspi1, data, size, timeout_ms);
 288              		.loc 1 65 5 view .LVU70
 289              		.loc 1 65 17 is_stmt 0 view .LVU71
 290 0004 0A46     		mov	r2, r1
 291              	.LVL43:
 292              		.loc 1 65 17 view .LVU72
 293 0006 0146     		mov	r1, r0
 294              	.LVL44:
 295              		.loc 1 65 17 view .LVU73
ARM GAS  C:\Users\ALESSA~1\AppData\Local\Temp\ccQuHK2M.s 			page 8


 296 0008 0548     		ldr	r0, .L29
 297              	.LVL45:
 298              		.loc 1 65 17 view .LVU74
 299 000a FFF7FEFF 		bl	HAL_SPI_Receive
 300              	.LVL46:
  66:Core/Src/stm32_if.c **** 
  67:Core/Src/stm32_if.c ****     switch (errorcode) {
 301              		.loc 1 67 5 is_stmt 1 view .LVU75
 302 000e 0346     		mov	r3, r0
 303 0010 10B1     		cbz	r0, .L26
 304 0012 0328     		cmp	r0, #3
 305 0014 02D1     		bne	.L27
  68:Core/Src/stm32_if.c ****         case HAL_OK:
  69:Core/Src/stm32_if.c ****             return L9963E_OK;
  70:Core/Src/stm32_if.c ****         case HAL_TIMEOUT:
  71:Core/Src/stm32_if.c ****             return L9963E_TIMEOUT;
 306              		.loc 1 71 20 is_stmt 0 view .LVU76
 307 0016 0223     		movs	r3, #2
 308              	.L26:
  72:Core/Src/stm32_if.c ****         default:
  73:Core/Src/stm32_if.c ****             return L9963E_ERROR;
  74:Core/Src/stm32_if.c ****     }
  75:Core/Src/stm32_if.c **** }
 309              		.loc 1 75 1 view .LVU77
 310 0018 1846     		mov	r0, r3
 311              	.LVL47:
 312              		.loc 1 75 1 view .LVU78
 313 001a 08BD     		pop	{r3, pc}
 314              	.LVL48:
 315              	.L27:
  73:Core/Src/stm32_if.c ****     }
 316              		.loc 1 73 20 view .LVU79
 317 001c 0123     		movs	r3, #1
 318 001e FBE7     		b	.L26
 319              	.L30:
 320              		.align	2
 321              	.L29:
 322 0020 00000000 		.word	hspi1
 323              		.cfi_endproc
 324              	.LFE136:
 326              		.section	.text.SPI_TransmitL,"ax",%progbits
 327              		.align	1
 328              		.global	SPI_TransmitL
 329              		.syntax unified
 330              		.thumb
 331              		.thumb_func
 333              	SPI_TransmitL:
 334              	.LVL49:
 335              	.LFB137:
  76:Core/Src/stm32_if.c **** 
  77:Core/Src/stm32_if.c **** L9963E_StatusTypeDef SPI_TransmitL(uint8_t *data, uint8_t size, uint8_t timeout_ms) {
 336              		.loc 1 77 85 is_stmt 1 view -0
 337              		.cfi_startproc
 338              		@ args = 0, pretend = 0, frame = 0
 339              		@ frame_needed = 0, uses_anonymous_args = 0
 340              		.loc 1 77 85 is_stmt 0 view .LVU81
 341 0000 08B5     		push	{r3, lr}
ARM GAS  C:\Users\ALESSA~1\AppData\Local\Temp\ccQuHK2M.s 			page 9


 342              		.cfi_def_cfa_offset 8
 343              		.cfi_offset 3, -8
 344              		.cfi_offset 14, -4
 345 0002 1346     		mov	r3, r2
  78:Core/Src/stm32_if.c ****     HAL_StatusTypeDef errorcode;
 346              		.loc 1 78 5 is_stmt 1 view .LVU82
  79:Core/Src/stm32_if.c **** 
  80:Core/Src/stm32_if.c ****     errorcode = HAL_SPI_Transmit(&hspi1, data, size, timeout_ms);
 347              		.loc 1 80 5 view .LVU83
 348              		.loc 1 80 17 is_stmt 0 view .LVU84
 349 0004 0A46     		mov	r2, r1
 350              	.LVL50:
 351              		.loc 1 80 17 view .LVU85
 352 0006 0146     		mov	r1, r0
 353              	.LVL51:
 354              		.loc 1 80 17 view .LVU86
 355 0008 0548     		ldr	r0, .L35
 356              	.LVL52:
 357              		.loc 1 80 17 view .LVU87
 358 000a FFF7FEFF 		bl	HAL_SPI_Transmit
 359              	.LVL53:
  81:Core/Src/stm32_if.c **** 
  82:Core/Src/stm32_if.c ****     switch (errorcode) {
 360              		.loc 1 82 5 is_stmt 1 view .LVU88
 361 000e 0346     		mov	r3, r0
 362 0010 10B1     		cbz	r0, .L32
 363 0012 0328     		cmp	r0, #3
 364 0014 02D1     		bne	.L33
  83:Core/Src/stm32_if.c ****         case HAL_OK:
  84:Core/Src/stm32_if.c ****             return L9963E_OK;
  85:Core/Src/stm32_if.c ****         case HAL_TIMEOUT:
  86:Core/Src/stm32_if.c ****             return L9963E_TIMEOUT;
 365              		.loc 1 86 20 is_stmt 0 view .LVU89
 366 0016 0223     		movs	r3, #2
 367              	.L32:
  87:Core/Src/stm32_if.c ****         default:
  88:Core/Src/stm32_if.c ****             return L9963E_ERROR;
  89:Core/Src/stm32_if.c ****     }
  90:Core/Src/stm32_if.c **** }
 368              		.loc 1 90 1 view .LVU90
 369 0018 1846     		mov	r0, r3
 370              	.LVL54:
 371              		.loc 1 90 1 view .LVU91
 372 001a 08BD     		pop	{r3, pc}
 373              	.LVL55:
 374              	.L33:
  88:Core/Src/stm32_if.c ****     }
 375              		.loc 1 88 20 view .LVU92
 376 001c 0123     		movs	r3, #1
 377 001e FBE7     		b	.L32
 378              	.L36:
 379              		.align	2
 380              	.L35:
 381 0020 00000000 		.word	hspi1
 382              		.cfi_endproc
 383              	.LFE137:
 385              		.section	.text.GPIO_ReadPinH,"ax",%progbits
ARM GAS  C:\Users\ALESSA~1\AppData\Local\Temp\ccQuHK2M.s 			page 10


 386              		.align	1
 387              		.global	GPIO_ReadPinH
 388              		.syntax unified
 389              		.thumb
 390              		.thumb_func
 392              	GPIO_ReadPinH:
 393              	.LVL56:
 394              	.LFB138:
  91:Core/Src/stm32_if.c **** 
  92:Core/Src/stm32_if.c **** L9963E_IF_PinState GPIO_ReadPinH(L9963E_IF_PINS pin) {
 395              		.loc 1 92 54 is_stmt 1 view -0
 396              		.cfi_startproc
 397              		@ args = 0, pretend = 0, frame = 0
 398              		@ frame_needed = 0, uses_anonymous_args = 0
 399              		.loc 1 92 54 is_stmt 0 view .LVU94
 400 0000 08B5     		push	{r3, lr}
 401              		.cfi_def_cfa_offset 8
 402              		.cfi_offset 3, -8
 403              		.cfi_offset 14, -4
  93:Core/Src/stm32_if.c ****     L9963E_IF_PinState state = L9963E_IF_GPIO_PIN_RESET;
 404              		.loc 1 93 5 is_stmt 1 view .LVU95
 405              	.LVL57:
  94:Core/Src/stm32_if.c ****     switch (pin) {
 406              		.loc 1 94 5 view .LVU96
 407 0002 0428     		cmp	r0, #4
 408 0004 22D8     		bhi	.L45
 409 0006 DFE800F0 		tbb	[pc, r0]
 410              	.L40:
 411 000a 03       		.byte	(.L44-.L40)/2
 412 000b 0B       		.byte	(.L43-.L40)/2
 413 000c 10       		.byte	(.L42-.L40)/2
 414 000d 15       		.byte	(.L41-.L40)/2
 415 000e 1B       		.byte	(.L39-.L40)/2
 416 000f 00       		.p2align 1
 417              	.L44:
  95:Core/Src/stm32_if.c ****         case L9963E_IF_CS:
  96:Core/Src/stm32_if.c ****             state = HAL_GPIO_ReadPin(L9963T_H_NCS_GPIO_OUT_GPIO_Port, L9963T_H_NCS_GPIO_OUT_Pin);
 418              		.loc 1 96 13 view .LVU97
 419              		.loc 1 96 21 is_stmt 0 view .LVU98
 420 0010 0121     		movs	r1, #1
 421 0012 0F48     		ldr	r0, .L47
 422              	.LVL58:
 423              		.loc 1 96 21 view .LVU99
 424 0014 FFF7FEFF 		bl	HAL_GPIO_ReadPin
 425              	.LVL59:
  97:Core/Src/stm32_if.c ****             break;
 426              		.loc 1 97 13 is_stmt 1 view .LVU100
 427              	.L38:
  98:Core/Src/stm32_if.c ****         case L9963E_IF_TXEN:
  99:Core/Src/stm32_if.c ****             state = HAL_GPIO_ReadPin(L9963T_H_TXEN_GPIO_OUT_GPIO_Port, L9963T_H_TXEN_GPIO_OUT_Pin);
 100:Core/Src/stm32_if.c ****             break;
 101:Core/Src/stm32_if.c ****         case L9963E_IF_BNE:
 102:Core/Src/stm32_if.c ****             state = HAL_GPIO_ReadPin(L9963T_H_BNE_GPIO_IN_GPIO_Port, L9963T_H_BNE_GPIO_IN_Pin);
 103:Core/Src/stm32_if.c ****             break;
 104:Core/Src/stm32_if.c ****         case L9963E_IF_ISOFREQ:
 105:Core/Src/stm32_if.c ****             state = HAL_GPIO_ReadPin(L9963T_H_ISOFREQ_GPIO_OUT_GPIO_Port, L9963T_H_ISOFREQ_GPIO_OUT
 106:Core/Src/stm32_if.c ****             break;
ARM GAS  C:\Users\ALESSA~1\AppData\Local\Temp\ccQuHK2M.s 			page 11


 107:Core/Src/stm32_if.c ****         case L9963E_IF_DIS:
 108:Core/Src/stm32_if.c ****             state = HAL_GPIO_ReadPin(L9963T_H_DIS_GPIO_INOUT_GPIO_Port, L9963T_H_DIS_GPIO_INOUT_Pin
 109:Core/Src/stm32_if.c ****             break;
 110:Core/Src/stm32_if.c ****     }
 111:Core/Src/stm32_if.c **** 
 112:Core/Src/stm32_if.c ****     return state == L9963E_IF_GPIO_PIN_RESET ? GPIO_PIN_RESET : GPIO_PIN_SET;  //convert lib state 
 428              		.loc 1 112 5 view .LVU101
 113:Core/Src/stm32_if.c **** }
 429              		.loc 1 113 1 is_stmt 0 view .LVU102
 430 0018 0038     		subs	r0, r0, #0
 431              		.loc 1 113 1 view .LVU103
 432 001a 18BF     		it	ne
 433 001c 0120     		movne	r0, #1
 434              	.LVL60:
 435              		.loc 1 113 1 view .LVU104
 436 001e 08BD     		pop	{r3, pc}
 437              	.LVL61:
 438              	.L43:
  99:Core/Src/stm32_if.c ****             break;
 439              		.loc 1 99 13 is_stmt 1 view .LVU105
  99:Core/Src/stm32_if.c ****             break;
 440              		.loc 1 99 21 is_stmt 0 view .LVU106
 441 0020 8021     		movs	r1, #128
 442 0022 0B48     		ldr	r0, .L47
 443              	.LVL62:
  99:Core/Src/stm32_if.c ****             break;
 444              		.loc 1 99 21 view .LVU107
 445 0024 FFF7FEFF 		bl	HAL_GPIO_ReadPin
 446              	.LVL63:
 100:Core/Src/stm32_if.c ****         case L9963E_IF_BNE:
 447              		.loc 1 100 13 is_stmt 1 view .LVU108
 448 0028 F6E7     		b	.L38
 449              	.LVL64:
 450              	.L42:
 102:Core/Src/stm32_if.c ****             break;
 451              		.loc 1 102 13 view .LVU109
 102:Core/Src/stm32_if.c ****             break;
 452              		.loc 1 102 21 is_stmt 0 view .LVU110
 453 002a 4021     		movs	r1, #64
 454 002c 0848     		ldr	r0, .L47
 455              	.LVL65:
 102:Core/Src/stm32_if.c ****             break;
 456              		.loc 1 102 21 view .LVU111
 457 002e FFF7FEFF 		bl	HAL_GPIO_ReadPin
 458              	.LVL66:
 103:Core/Src/stm32_if.c ****         case L9963E_IF_ISOFREQ:
 459              		.loc 1 103 13 is_stmt 1 view .LVU112
 460 0032 F1E7     		b	.L38
 461              	.LVL67:
 462              	.L41:
 105:Core/Src/stm32_if.c ****             break;
 463              		.loc 1 105 13 view .LVU113
 105:Core/Src/stm32_if.c ****             break;
 464              		.loc 1 105 21 is_stmt 0 view .LVU114
 465 0034 4FF48071 		mov	r1, #256
 466 0038 0648     		ldr	r0, .L47+4
 467              	.LVL68:
ARM GAS  C:\Users\ALESSA~1\AppData\Local\Temp\ccQuHK2M.s 			page 12


 105:Core/Src/stm32_if.c ****             break;
 468              		.loc 1 105 21 view .LVU115
 469 003a FFF7FEFF 		bl	HAL_GPIO_ReadPin
 470              	.LVL69:
 106:Core/Src/stm32_if.c ****         case L9963E_IF_DIS:
 471              		.loc 1 106 13 is_stmt 1 view .LVU116
 472 003e EBE7     		b	.L38
 473              	.LVL70:
 474              	.L39:
 108:Core/Src/stm32_if.c ****             break;
 475              		.loc 1 108 13 view .LVU117
 108:Core/Src/stm32_if.c ****             break;
 476              		.loc 1 108 21 is_stmt 0 view .LVU118
 477 0040 4FF40071 		mov	r1, #512
 478 0044 0248     		ldr	r0, .L47
 479              	.LVL71:
 108:Core/Src/stm32_if.c ****             break;
 480              		.loc 1 108 21 view .LVU119
 481 0046 FFF7FEFF 		bl	HAL_GPIO_ReadPin
 482              	.LVL72:
 109:Core/Src/stm32_if.c ****     }
 483              		.loc 1 109 13 is_stmt 1 view .LVU120
 484 004a E5E7     		b	.L38
 485              	.LVL73:
 486              	.L45:
  94:Core/Src/stm32_if.c ****         case L9963E_IF_CS:
 487              		.loc 1 94 5 is_stmt 0 view .LVU121
 488 004c 0020     		movs	r0, #0
 489              	.LVL74:
  94:Core/Src/stm32_if.c ****         case L9963E_IF_CS:
 490              		.loc 1 94 5 view .LVU122
 491 004e E3E7     		b	.L38
 492              	.L48:
 493              		.align	2
 494              	.L47:
 495 0050 00080240 		.word	1073874944
 496 0054 00040240 		.word	1073873920
 497              		.cfi_endproc
 498              	.LFE138:
 500              		.section	.text.GPIO_WritePinH,"ax",%progbits
 501              		.align	1
 502              		.global	GPIO_WritePinH
 503              		.syntax unified
 504              		.thumb
 505              		.thumb_func
 507              	GPIO_WritePinH:
 508              	.LVL75:
 509              	.LFB139:
 114:Core/Src/stm32_if.c **** L9963E_StatusTypeDef GPIO_WritePinH(L9963E_IF_PINS pin, L9963E_IF_PinState state) {
 510              		.loc 1 114 83 is_stmt 1 view -0
 511              		.cfi_startproc
 512              		@ args = 0, pretend = 0, frame = 0
 513              		@ frame_needed = 0, uses_anonymous_args = 0
 514              		.loc 1 114 83 is_stmt 0 view .LVU124
 515 0000 10B5     		push	{r4, lr}
 516              		.cfi_def_cfa_offset 8
 517              		.cfi_offset 4, -8
ARM GAS  C:\Users\ALESSA~1\AppData\Local\Temp\ccQuHK2M.s 			page 13


 518              		.cfi_offset 14, -4
 115:Core/Src/stm32_if.c ****     GPIO_PinState stm_state = state == L9963E_IF_GPIO_PIN_RESET ? GPIO_PIN_RESET
 519              		.loc 1 115 5 is_stmt 1 view .LVU125
 116:Core/Src/stm32_if.c ****                                                                 : GPIO_PIN_SET;  //convert lib stat
 520              		.loc 1 116 65 is_stmt 0 view .LVU126
 521 0002 0A1E     		subs	r2, r1, #0
 522 0004 18BF     		it	ne
 523 0006 0122     		movne	r2, #1
 524              	.LVL76:
 117:Core/Src/stm32_if.c ****     switch (pin) {
 525              		.loc 1 117 5 is_stmt 1 view .LVU127
 526 0008 0428     		cmp	r0, #4
 527 000a 25D8     		bhi	.L57
 528 000c DFE800F0 		tbb	[pc, r0]
 529              	.L52:
 530 0010 03       		.byte	(.L56-.L52)/2
 531 0011 0A       		.byte	(.L55-.L52)/2
 532 0012 10       		.byte	(.L54-.L52)/2
 533 0013 16       		.byte	(.L53-.L52)/2
 534 0014 1D       		.byte	(.L51-.L52)/2
 535 0015 00       		.p2align 1
 536              	.L56:
 537 0016 0446     		mov	r4, r0
 118:Core/Src/stm32_if.c ****         case L9963E_IF_CS:
 119:Core/Src/stm32_if.c ****             HAL_GPIO_WritePin(L9963T_H_NCS_GPIO_OUT_GPIO_Port, L9963T_H_NCS_GPIO_OUT_Pin, stm_state
 538              		.loc 1 119 13 view .LVU128
 539 0018 0121     		movs	r1, #1
 540              	.LVL77:
 541              		.loc 1 119 13 is_stmt 0 view .LVU129
 542 001a 1048     		ldr	r0, .L59
 543              	.LVL78:
 544              		.loc 1 119 13 view .LVU130
 545 001c FFF7FEFF 		bl	HAL_GPIO_WritePin
 546              	.LVL79:
 120:Core/Src/stm32_if.c ****             break;
 547              		.loc 1 120 13 is_stmt 1 view .LVU131
 121:Core/Src/stm32_if.c ****         case L9963E_IF_TXEN:
 122:Core/Src/stm32_if.c ****             HAL_GPIO_WritePin(L9963T_H_TXEN_GPIO_OUT_GPIO_Port, L9963T_H_TXEN_GPIO_OUT_Pin, stm_sta
 123:Core/Src/stm32_if.c ****             break;
 124:Core/Src/stm32_if.c ****         case L9963E_IF_BNE:
 125:Core/Src/stm32_if.c ****             HAL_GPIO_WritePin(L9963T_H_BNE_GPIO_IN_GPIO_Port, L9963T_H_BNE_GPIO_IN_Pin, stm_state);
 126:Core/Src/stm32_if.c ****             break;
 127:Core/Src/stm32_if.c ****         case L9963E_IF_ISOFREQ:
 128:Core/Src/stm32_if.c ****             HAL_GPIO_WritePin(L9963T_H_ISOFREQ_GPIO_OUT_GPIO_Port, L9963T_H_ISOFREQ_GPIO_OUT_Pin, s
 129:Core/Src/stm32_if.c ****             break;
 130:Core/Src/stm32_if.c ****         case L9963E_IF_DIS:
 131:Core/Src/stm32_if.c ****             HAL_GPIO_WritePin(L9963T_H_DIS_GPIO_INOUT_GPIO_Port, L9963T_H_DIS_GPIO_INOUT_Pin, stm_s
 132:Core/Src/stm32_if.c ****             break;
 133:Core/Src/stm32_if.c ****         default:
 134:Core/Src/stm32_if.c ****             return L9963E_ERROR;
 135:Core/Src/stm32_if.c ****     }
 136:Core/Src/stm32_if.c ****     return L9963E_OK;
 548              		.loc 1 136 12 is_stmt 0 view .LVU132
 549 0020 2046     		mov	r0, r4
 550              	.L50:
 137:Core/Src/stm32_if.c **** }
 551              		.loc 1 137 1 view .LVU133
ARM GAS  C:\Users\ALESSA~1\AppData\Local\Temp\ccQuHK2M.s 			page 14


 552 0022 10BD     		pop	{r4, pc}
 553              	.LVL80:
 554              	.L55:
 122:Core/Src/stm32_if.c ****             break;
 555              		.loc 1 122 13 is_stmt 1 view .LVU134
 556 0024 8021     		movs	r1, #128
 557              	.LVL81:
 122:Core/Src/stm32_if.c ****             break;
 558              		.loc 1 122 13 is_stmt 0 view .LVU135
 559 0026 0D48     		ldr	r0, .L59
 560              	.LVL82:
 122:Core/Src/stm32_if.c ****             break;
 561              		.loc 1 122 13 view .LVU136
 562 0028 FFF7FEFF 		bl	HAL_GPIO_WritePin
 563              	.LVL83:
 123:Core/Src/stm32_if.c ****         case L9963E_IF_BNE:
 564              		.loc 1 123 13 is_stmt 1 view .LVU137
 136:Core/Src/stm32_if.c **** }
 565              		.loc 1 136 12 is_stmt 0 view .LVU138
 566 002c 0020     		movs	r0, #0
 123:Core/Src/stm32_if.c ****         case L9963E_IF_BNE:
 567              		.loc 1 123 13 view .LVU139
 568 002e F8E7     		b	.L50
 569              	.LVL84:
 570              	.L54:
 125:Core/Src/stm32_if.c ****             break;
 571              		.loc 1 125 13 is_stmt 1 view .LVU140
 572 0030 4021     		movs	r1, #64
 573              	.LVL85:
 125:Core/Src/stm32_if.c ****             break;
 574              		.loc 1 125 13 is_stmt 0 view .LVU141
 575 0032 0A48     		ldr	r0, .L59
 576              	.LVL86:
 125:Core/Src/stm32_if.c ****             break;
 577              		.loc 1 125 13 view .LVU142
 578 0034 FFF7FEFF 		bl	HAL_GPIO_WritePin
 579              	.LVL87:
 126:Core/Src/stm32_if.c ****         case L9963E_IF_ISOFREQ:
 580              		.loc 1 126 13 is_stmt 1 view .LVU143
 136:Core/Src/stm32_if.c **** }
 581              		.loc 1 136 12 is_stmt 0 view .LVU144
 582 0038 0020     		movs	r0, #0
 126:Core/Src/stm32_if.c ****         case L9963E_IF_ISOFREQ:
 583              		.loc 1 126 13 view .LVU145
 584 003a F2E7     		b	.L50
 585              	.LVL88:
 586              	.L53:
 128:Core/Src/stm32_if.c ****             break;
 587              		.loc 1 128 13 is_stmt 1 view .LVU146
 588 003c 4FF48071 		mov	r1, #256
 589              	.LVL89:
 128:Core/Src/stm32_if.c ****             break;
 590              		.loc 1 128 13 is_stmt 0 view .LVU147
 591 0040 0748     		ldr	r0, .L59+4
 592              	.LVL90:
 128:Core/Src/stm32_if.c ****             break;
 593              		.loc 1 128 13 view .LVU148
ARM GAS  C:\Users\ALESSA~1\AppData\Local\Temp\ccQuHK2M.s 			page 15


 594 0042 FFF7FEFF 		bl	HAL_GPIO_WritePin
 595              	.LVL91:
 129:Core/Src/stm32_if.c ****         case L9963E_IF_DIS:
 596              		.loc 1 129 13 is_stmt 1 view .LVU149
 136:Core/Src/stm32_if.c **** }
 597              		.loc 1 136 12 is_stmt 0 view .LVU150
 598 0046 0020     		movs	r0, #0
 129:Core/Src/stm32_if.c ****         case L9963E_IF_DIS:
 599              		.loc 1 129 13 view .LVU151
 600 0048 EBE7     		b	.L50
 601              	.LVL92:
 602              	.L51:
 131:Core/Src/stm32_if.c ****             break;
 603              		.loc 1 131 13 is_stmt 1 view .LVU152
 604 004a 4FF40071 		mov	r1, #512
 605              	.LVL93:
 131:Core/Src/stm32_if.c ****             break;
 606              		.loc 1 131 13 is_stmt 0 view .LVU153
 607 004e 0348     		ldr	r0, .L59
 608              	.LVL94:
 131:Core/Src/stm32_if.c ****             break;
 609              		.loc 1 131 13 view .LVU154
 610 0050 FFF7FEFF 		bl	HAL_GPIO_WritePin
 611              	.LVL95:
 132:Core/Src/stm32_if.c ****         default:
 612              		.loc 1 132 13 is_stmt 1 view .LVU155
 136:Core/Src/stm32_if.c **** }
 613              		.loc 1 136 12 is_stmt 0 view .LVU156
 614 0054 0020     		movs	r0, #0
 132:Core/Src/stm32_if.c ****         default:
 615              		.loc 1 132 13 view .LVU157
 616 0056 E4E7     		b	.L50
 617              	.LVL96:
 618              	.L57:
 117:Core/Src/stm32_if.c ****         case L9963E_IF_CS:
 619              		.loc 1 117 5 view .LVU158
 620 0058 0120     		movs	r0, #1
 621              	.LVL97:
 117:Core/Src/stm32_if.c ****         case L9963E_IF_CS:
 622              		.loc 1 117 5 view .LVU159
 623 005a E2E7     		b	.L50
 624              	.L60:
 625              		.align	2
 626              	.L59:
 627 005c 00080240 		.word	1073874944
 628 0060 00040240 		.word	1073873920
 629              		.cfi_endproc
 630              	.LFE139:
 632              		.section	.text.SPI_ReceiveH,"ax",%progbits
 633              		.align	1
 634              		.global	SPI_ReceiveH
 635              		.syntax unified
 636              		.thumb
 637              		.thumb_func
 639              	SPI_ReceiveH:
 640              	.LVL98:
 641              	.LFB140:
ARM GAS  C:\Users\ALESSA~1\AppData\Local\Temp\ccQuHK2M.s 			page 16


 138:Core/Src/stm32_if.c **** 
 139:Core/Src/stm32_if.c **** L9963E_StatusTypeDef SPI_ReceiveH(uint8_t *data, uint8_t size, uint8_t timeout_ms) {
 642              		.loc 1 139 84 is_stmt 1 view -0
 643              		.cfi_startproc
 644              		@ args = 0, pretend = 0, frame = 0
 645              		@ frame_needed = 0, uses_anonymous_args = 0
 646              		.loc 1 139 84 is_stmt 0 view .LVU161
 647 0000 08B5     		push	{r3, lr}
 648              		.cfi_def_cfa_offset 8
 649              		.cfi_offset 3, -8
 650              		.cfi_offset 14, -4
 651 0002 1346     		mov	r3, r2
 140:Core/Src/stm32_if.c ****     HAL_StatusTypeDef errorcode;
 652              		.loc 1 140 5 is_stmt 1 view .LVU162
 141:Core/Src/stm32_if.c **** 
 142:Core/Src/stm32_if.c ****     errorcode = HAL_SPI_Receive(&hspi2, data, size, timeout_ms);
 653              		.loc 1 142 5 view .LVU163
 654              		.loc 1 142 17 is_stmt 0 view .LVU164
 655 0004 0A46     		mov	r2, r1
 656              	.LVL99:
 657              		.loc 1 142 17 view .LVU165
 658 0006 0146     		mov	r1, r0
 659              	.LVL100:
 660              		.loc 1 142 17 view .LVU166
 661 0008 0548     		ldr	r0, .L65
 662              	.LVL101:
 663              		.loc 1 142 17 view .LVU167
 664 000a FFF7FEFF 		bl	HAL_SPI_Receive
 665              	.LVL102:
 143:Core/Src/stm32_if.c **** 
 144:Core/Src/stm32_if.c ****     switch (errorcode) {
 666              		.loc 1 144 5 is_stmt 1 view .LVU168
 667 000e 0346     		mov	r3, r0
 668 0010 10B1     		cbz	r0, .L62
 669 0012 0328     		cmp	r0, #3
 670 0014 02D1     		bne	.L63
 145:Core/Src/stm32_if.c ****         case HAL_OK:
 146:Core/Src/stm32_if.c ****             return L9963E_OK;
 147:Core/Src/stm32_if.c ****         case HAL_TIMEOUT:
 148:Core/Src/stm32_if.c ****             return L9963E_TIMEOUT;
 671              		.loc 1 148 20 is_stmt 0 view .LVU169
 672 0016 0223     		movs	r3, #2
 673              	.L62:
 149:Core/Src/stm32_if.c ****         default:
 150:Core/Src/stm32_if.c ****             return L9963E_ERROR;
 151:Core/Src/stm32_if.c ****     }
 152:Core/Src/stm32_if.c **** }
 674              		.loc 1 152 1 view .LVU170
 675 0018 1846     		mov	r0, r3
 676              	.LVL103:
 677              		.loc 1 152 1 view .LVU171
 678 001a 08BD     		pop	{r3, pc}
 679              	.LVL104:
 680              	.L63:
 150:Core/Src/stm32_if.c ****     }
 681              		.loc 1 150 20 view .LVU172
 682 001c 0123     		movs	r3, #1
ARM GAS  C:\Users\ALESSA~1\AppData\Local\Temp\ccQuHK2M.s 			page 17


 683 001e FBE7     		b	.L62
 684              	.L66:
 685              		.align	2
 686              	.L65:
 687 0020 00000000 		.word	hspi2
 688              		.cfi_endproc
 689              	.LFE140:
 691              		.section	.text.SPI_TransmitH,"ax",%progbits
 692              		.align	1
 693              		.global	SPI_TransmitH
 694              		.syntax unified
 695              		.thumb
 696              		.thumb_func
 698              	SPI_TransmitH:
 699              	.LVL105:
 700              	.LFB141:
 153:Core/Src/stm32_if.c **** L9963E_StatusTypeDef SPI_TransmitH(uint8_t *data, uint8_t size, uint8_t timeout_ms) {
 701              		.loc 1 153 85 is_stmt 1 view -0
 702              		.cfi_startproc
 703              		@ args = 0, pretend = 0, frame = 0
 704              		@ frame_needed = 0, uses_anonymous_args = 0
 705              		.loc 1 153 85 is_stmt 0 view .LVU174
 706 0000 08B5     		push	{r3, lr}
 707              		.cfi_def_cfa_offset 8
 708              		.cfi_offset 3, -8
 709              		.cfi_offset 14, -4
 710 0002 1346     		mov	r3, r2
 154:Core/Src/stm32_if.c ****     HAL_StatusTypeDef errorcode;
 711              		.loc 1 154 5 is_stmt 1 view .LVU175
 155:Core/Src/stm32_if.c **** 
 156:Core/Src/stm32_if.c ****     errorcode = HAL_SPI_Transmit(&hspi2, data, size, timeout_ms);
 712              		.loc 1 156 5 view .LVU176
 713              		.loc 1 156 17 is_stmt 0 view .LVU177
 714 0004 0A46     		mov	r2, r1
 715              	.LVL106:
 716              		.loc 1 156 17 view .LVU178
 717 0006 0146     		mov	r1, r0
 718              	.LVL107:
 719              		.loc 1 156 17 view .LVU179
 720 0008 0548     		ldr	r0, .L71
 721              	.LVL108:
 722              		.loc 1 156 17 view .LVU180
 723 000a FFF7FEFF 		bl	HAL_SPI_Transmit
 724              	.LVL109:
 157:Core/Src/stm32_if.c **** 
 158:Core/Src/stm32_if.c ****     switch (errorcode) {
 725              		.loc 1 158 5 is_stmt 1 view .LVU181
 726 000e 0346     		mov	r3, r0
 727 0010 10B1     		cbz	r0, .L68
 728 0012 0328     		cmp	r0, #3
 729 0014 02D1     		bne	.L69
 159:Core/Src/stm32_if.c ****         case HAL_OK:
 160:Core/Src/stm32_if.c ****             return L9963E_OK;
 161:Core/Src/stm32_if.c ****         case HAL_TIMEOUT:
 162:Core/Src/stm32_if.c ****             return L9963E_TIMEOUT;
 730              		.loc 1 162 20 is_stmt 0 view .LVU182
 731 0016 0223     		movs	r3, #2
ARM GAS  C:\Users\ALESSA~1\AppData\Local\Temp\ccQuHK2M.s 			page 18


 732              	.L68:
 163:Core/Src/stm32_if.c ****         default:
 164:Core/Src/stm32_if.c ****             return L9963E_ERROR;
 165:Core/Src/stm32_if.c ****     }
 166:Core/Src/stm32_if.c **** }
 733              		.loc 1 166 1 view .LVU183
 734 0018 1846     		mov	r0, r3
 735              	.LVL110:
 736              		.loc 1 166 1 view .LVU184
 737 001a 08BD     		pop	{r3, pc}
 738              	.LVL111:
 739              	.L69:
 164:Core/Src/stm32_if.c ****     }
 740              		.loc 1 164 20 view .LVU185
 741 001c 0123     		movs	r3, #1
 742 001e FBE7     		b	.L68
 743              	.L72:
 744              		.align	2
 745              	.L71:
 746 0020 00000000 		.word	hspi2
 747              		.cfi_endproc
 748              	.LFE141:
 750              		.section	.text.GetTickMs,"ax",%progbits
 751              		.align	1
 752              		.global	GetTickMs
 753              		.syntax unified
 754              		.thumb
 755              		.thumb_func
 757              	GetTickMs:
 758              	.LFB142:
 167:Core/Src/stm32_if.c **** 
 168:Core/Src/stm32_if.c **** // common functions for both interfaces
 169:Core/Src/stm32_if.c **** uint32_t GetTickMs(void) {
 759              		.loc 1 169 26 is_stmt 1 view -0
 760              		.cfi_startproc
 761              		@ args = 0, pretend = 0, frame = 0
 762              		@ frame_needed = 0, uses_anonymous_args = 0
 763 0000 08B5     		push	{r3, lr}
 764              		.cfi_def_cfa_offset 8
 765              		.cfi_offset 3, -8
 766              		.cfi_offset 14, -4
 170:Core/Src/stm32_if.c ****     return HAL_GetTick();
 767              		.loc 1 170 5 view .LVU187
 768              		.loc 1 170 12 is_stmt 0 view .LVU188
 769 0002 FFF7FEFF 		bl	HAL_GetTick
 770              	.LVL112:
 171:Core/Src/stm32_if.c **** }
 771              		.loc 1 171 1 view .LVU189
 772 0006 08BD     		pop	{r3, pc}
 773              		.cfi_endproc
 774              	.LFE142:
 776              		.section	.text.DelayMs,"ax",%progbits
 777              		.align	1
 778              		.global	DelayMs
 779              		.syntax unified
 780              		.thumb
 781              		.thumb_func
ARM GAS  C:\Users\ALESSA~1\AppData\Local\Temp\ccQuHK2M.s 			page 19


 783              	DelayMs:
 784              	.LVL113:
 785              	.LFB143:
 172:Core/Src/stm32_if.c **** void DelayMs(uint32_t delay) {
 786              		.loc 1 172 30 is_stmt 1 view -0
 787              		.cfi_startproc
 788              		@ args = 0, pretend = 0, frame = 0
 789              		@ frame_needed = 0, uses_anonymous_args = 0
 790              		.loc 1 172 30 is_stmt 0 view .LVU191
 791 0000 08B5     		push	{r3, lr}
 792              		.cfi_def_cfa_offset 8
 793              		.cfi_offset 3, -8
 794              		.cfi_offset 14, -4
 173:Core/Src/stm32_if.c ****     HAL_Delay(delay);
 795              		.loc 1 173 5 is_stmt 1 view .LVU192
 796 0002 FFF7FEFF 		bl	HAL_Delay
 797              	.LVL114:
 174:Core/Src/stm32_if.c **** }...
 798              		.loc 1 174 1 is_stmt 0 view .LVU193
 799 0006 08BD     		pop	{r3, pc}
 800              		.cfi_endproc
 801              	.LFE143:
 803              		.text
 804              	.Letext0:
 805              		.file 2 "C:/Users/Alessandro/AppData/Roaming/Code/User/globalStorage/bmd.stm32-for-vscode/@xpack-d
 806              		.file 3 "C:/Users/Alessandro/AppData/Roaming/Code/User/globalStorage/bmd.stm32-for-vscode/@xpack-d
 807              		.file 4 "Drivers/CMSIS/Device/ST/STM32F4xx/Include/stm32f446xx.h"
 808              		.file 5 "Drivers/STM32F4xx_HAL_Driver/Inc/stm32f4xx_hal_def.h"
 809              		.file 6 "Drivers/STM32F4xx_HAL_Driver/Inc/stm32f4xx_hal_gpio.h"
 810              		.file 7 "Drivers/STM32F4xx_HAL_Driver/Inc/stm32f4xx_hal_dma.h"
 811              		.file 8 "Drivers/STM32F4xx_HAL_Driver/Inc/stm32f4xx_hal_spi.h"
 812              		.file 9 "Lib/L9963E_lib/inc/L9963E_status.h"
 813              		.file 10 "Lib/L9963E_lib/inc/L9963E_interface.h"
 814              		.file 11 "Core/Inc/spi.h"
 815              		.file 12 "Drivers/STM32F4xx_HAL_Driver/Inc/stm32f4xx_hal.h"
ARM GAS  C:\Users\ALESSA~1\AppData\Local\Temp\ccQuHK2M.s 			page 20


DEFINED SYMBOLS
                            *ABS*:00000000 stm32_if.c
C:\Users\ALESSA~1\AppData\Local\Temp\ccQuHK2M.s:21     .text.GPIO_ReadPinL:00000000 $t
C:\Users\ALESSA~1\AppData\Local\Temp\ccQuHK2M.s:27     .text.GPIO_ReadPinL:00000000 GPIO_ReadPinL
C:\Users\ALESSA~1\AppData\Local\Temp\ccQuHK2M.s:46     .text.GPIO_ReadPinL:0000000a $d
C:\Users\ALESSA~1\AppData\Local\Temp\ccQuHK2M.s:130    .text.GPIO_ReadPinL:0000004c $d
C:\Users\ALESSA~1\AppData\Local\Temp\ccQuHK2M.s:136    .text.GPIO_WritePinL:00000000 $t
C:\Users\ALESSA~1\AppData\Local\Temp\ccQuHK2M.s:142    .text.GPIO_WritePinL:00000000 GPIO_WritePinL
C:\Users\ALESSA~1\AppData\Local\Temp\ccQuHK2M.s:165    .text.GPIO_WritePinL:00000010 $d
C:\Users\ALESSA~1\AppData\Local\Temp\ccQuHK2M.s:262    .text.GPIO_WritePinL:00000058 $d
C:\Users\ALESSA~1\AppData\Local\Temp\ccQuHK2M.s:268    .text.SPI_ReceiveL:00000000 $t
C:\Users\ALESSA~1\AppData\Local\Temp\ccQuHK2M.s:274    .text.SPI_ReceiveL:00000000 SPI_ReceiveL
C:\Users\ALESSA~1\AppData\Local\Temp\ccQuHK2M.s:322    .text.SPI_ReceiveL:00000020 $d
C:\Users\ALESSA~1\AppData\Local\Temp\ccQuHK2M.s:327    .text.SPI_TransmitL:00000000 $t
C:\Users\ALESSA~1\AppData\Local\Temp\ccQuHK2M.s:333    .text.SPI_TransmitL:00000000 SPI_TransmitL
C:\Users\ALESSA~1\AppData\Local\Temp\ccQuHK2M.s:381    .text.SPI_TransmitL:00000020 $d
C:\Users\ALESSA~1\AppData\Local\Temp\ccQuHK2M.s:386    .text.GPIO_ReadPinH:00000000 $t
C:\Users\ALESSA~1\AppData\Local\Temp\ccQuHK2M.s:392    .text.GPIO_ReadPinH:00000000 GPIO_ReadPinH
C:\Users\ALESSA~1\AppData\Local\Temp\ccQuHK2M.s:411    .text.GPIO_ReadPinH:0000000a $d
C:\Users\ALESSA~1\AppData\Local\Temp\ccQuHK2M.s:495    .text.GPIO_ReadPinH:00000050 $d
C:\Users\ALESSA~1\AppData\Local\Temp\ccQuHK2M.s:501    .text.GPIO_WritePinH:00000000 $t
C:\Users\ALESSA~1\AppData\Local\Temp\ccQuHK2M.s:507    .text.GPIO_WritePinH:00000000 GPIO_WritePinH
C:\Users\ALESSA~1\AppData\Local\Temp\ccQuHK2M.s:530    .text.GPIO_WritePinH:00000010 $d
C:\Users\ALESSA~1\AppData\Local\Temp\ccQuHK2M.s:627    .text.GPIO_WritePinH:0000005c $d
C:\Users\ALESSA~1\AppData\Local\Temp\ccQuHK2M.s:633    .text.SPI_ReceiveH:00000000 $t
C:\Users\ALESSA~1\AppData\Local\Temp\ccQuHK2M.s:639    .text.SPI_ReceiveH:00000000 SPI_ReceiveH
C:\Users\ALESSA~1\AppData\Local\Temp\ccQuHK2M.s:687    .text.SPI_ReceiveH:00000020 $d
C:\Users\ALESSA~1\AppData\Local\Temp\ccQuHK2M.s:692    .text.SPI_TransmitH:00000000 $t
C:\Users\ALESSA~1\AppData\Local\Temp\ccQuHK2M.s:698    .text.SPI_TransmitH:00000000 SPI_TransmitH
C:\Users\ALESSA~1\AppData\Local\Temp\ccQuHK2M.s:746    .text.SPI_TransmitH:00000020 $d
C:\Users\ALESSA~1\AppData\Local\Temp\ccQuHK2M.s:751    .text.GetTickMs:00000000 $t
C:\Users\ALESSA~1\AppData\Local\Temp\ccQuHK2M.s:757    .text.GetTickMs:00000000 GetTickMs
C:\Users\ALESSA~1\AppData\Local\Temp\ccQuHK2M.s:777    .text.DelayMs:00000000 $t
C:\Users\ALESSA~1\AppData\Local\Temp\ccQuHK2M.s:783    .text.DelayMs:00000000 DelayMs
C:\Users\ALESSA~1\AppData\Local\Temp\ccQuHK2M.s:51     .text.GPIO_ReadPinL:0000000f $d
C:\Users\ALESSA~1\AppData\Local\Temp\ccQuHK2M.s:51     .text.GPIO_ReadPinL:00000010 $t
C:\Users\ALESSA~1\AppData\Local\Temp\ccQuHK2M.s:170    .text.GPIO_WritePinL:00000015 $d
C:\Users\ALESSA~1\AppData\Local\Temp\ccQuHK2M.s:170    .text.GPIO_WritePinL:00000016 $t
C:\Users\ALESSA~1\AppData\Local\Temp\ccQuHK2M.s:416    .text.GPIO_ReadPinH:0000000f $d
C:\Users\ALESSA~1\AppData\Local\Temp\ccQuHK2M.s:416    .text.GPIO_ReadPinH:00000010 $t
C:\Users\ALESSA~1\AppData\Local\Temp\ccQuHK2M.s:535    .text.GPIO_WritePinH:00000015 $d
C:\Users\ALESSA~1\AppData\Local\Temp\ccQuHK2M.s:535    .text.GPIO_WritePinH:00000016 $t

UNDEFINED SYMBOLS
HAL_GPIO_ReadPin
HAL_GPIO_WritePin
HAL_SPI_Receive
hspi1
HAL_SPI_Transmit
hspi2
HAL_GetTick
HAL_Delay
