ARM GAS  C:\Users\ALESSA~1\AppData\Local\Temp\ccOINPXs.s 			page 1


   1              		.cpu cortex-m4
   2              		.arch armv7e-m
   3              		.fpu fpv4-sp-d16
   4              		.eabi_attribute 27, 1
   5              		.eabi_attribute 28, 1
   6              		.eabi_attribute 20, 1
   7              		.eabi_attribute 21, 1
   8              		.eabi_attribute 23, 3
   9              		.eabi_attribute 24, 1
  10              		.eabi_attribute 25, 1
  11              		.eabi_attribute 26, 1
  12              		.eabi_attribute 30, 1
  13              		.eabi_attribute 34, 1
  14              		.eabi_attribute 18, 4
  15              		.file	"tim.c"
  16              		.text
  17              	.Ltext0:
  18              		.cfi_sections	.debug_frame
  19              		.file 1 "Core/Src/tim.c"
  20              		.section	.text.MX_TIM6_Init,"ax",%progbits
  21              		.align	1
  22              		.global	MX_TIM6_Init
  23              		.syntax unified
  24              		.thumb
  25              		.thumb_func
  27              	MX_TIM6_Init:
  28              	.LFB137:
   1:Core/Src/tim.c **** /* USER CODE BEGIN Header */
   2:Core/Src/tim.c **** /**
   3:Core/Src/tim.c ****   ******************************************************************************
   4:Core/Src/tim.c ****   * @file    tim.c
   5:Core/Src/tim.c ****   * @brief   This file provides code for the configuration
   6:Core/Src/tim.c ****   *          of the TIM instances.
   7:Core/Src/tim.c ****   ******************************************************************************
   8:Core/Src/tim.c ****   * @attention
   9:Core/Src/tim.c ****   *
  10:Core/Src/tim.c ****   * Copyright (c) 2025 STMicroelectronics.
  11:Core/Src/tim.c ****   * All rights reserved.
  12:Core/Src/tim.c ****   *
  13:Core/Src/tim.c ****   * This software is licensed under terms that can be found in the LICENSE file
  14:Core/Src/tim.c ****   * in the root directory of this software component.
  15:Core/Src/tim.c ****   * If no LICENSE file comes with this software, it is provided AS-IS.
  16:Core/Src/tim.c ****   *
  17:Core/Src/tim.c ****   ******************************************************************************
  18:Core/Src/tim.c ****   */
  19:Core/Src/tim.c **** /* USER CODE END Header */
  20:Core/Src/tim.c **** /* Includes ------------------------------------------------------------------*/
  21:Core/Src/tim.c **** #include "tim.h"
  22:Core/Src/tim.c **** 
  23:Core/Src/tim.c **** /* USER CODE BEGIN 0 */
  24:Core/Src/tim.c **** //reminder
  25:Core/Src/tim.c **** //tim6 logica bms
  26:Core/Src/tim.c **** //tim7 invio dati su canbus
  27:Core/Src/tim.c **** //tim13 controllo ricezione dati su canbus
  28:Core/Src/tim.c **** //tim12 pwm ventole
  29:Core/Src/tim.c **** #include "can_utils.h"
  30:Core/Src/tim.c **** #include "bms.h"
ARM GAS  C:\Users\ALESSA~1\AppData\Local\Temp\ccOINPXs.s 			page 2


  31:Core/Src/tim.c **** /* USER CODE END 0 */
  32:Core/Src/tim.c **** 
  33:Core/Src/tim.c **** TIM_HandleTypeDef htim6;
  34:Core/Src/tim.c **** TIM_HandleTypeDef htim7;
  35:Core/Src/tim.c **** TIM_HandleTypeDef htim12;
  36:Core/Src/tim.c **** TIM_HandleTypeDef htim13;
  37:Core/Src/tim.c **** 
  38:Core/Src/tim.c **** /* TIM6 init function */
  39:Core/Src/tim.c **** void MX_TIM6_Init(void)
  40:Core/Src/tim.c **** {
  29              		.loc 1 40 1 view -0
  30              		.cfi_startproc
  31              		@ args = 0, pretend = 0, frame = 8
  32              		@ frame_needed = 0, uses_anonymous_args = 0
  33 0000 00B5     		push	{lr}
  34              		.cfi_def_cfa_offset 4
  35              		.cfi_offset 14, -4
  36 0002 83B0     		sub	sp, sp, #12
  37              		.cfi_def_cfa_offset 16
  41:Core/Src/tim.c **** 
  42:Core/Src/tim.c ****   /* USER CODE BEGIN TIM6_Init 0 */
  43:Core/Src/tim.c **** 
  44:Core/Src/tim.c ****   /* USER CODE END TIM6_Init 0 */
  45:Core/Src/tim.c **** 
  46:Core/Src/tim.c ****   TIM_MasterConfigTypeDef sMasterConfig = {0};
  38              		.loc 1 46 3 view .LVU1
  39              		.loc 1 46 27 is_stmt 0 view .LVU2
  40 0004 0023     		movs	r3, #0
  41 0006 0093     		str	r3, [sp]
  42 0008 0193     		str	r3, [sp, #4]
  47:Core/Src/tim.c **** 
  48:Core/Src/tim.c ****   /* USER CODE BEGIN TIM6_Init 1 */
  49:Core/Src/tim.c **** 
  50:Core/Src/tim.c ****   /* USER CODE END TIM6_Init 1 */
  51:Core/Src/tim.c ****   htim6.Instance = TIM6;
  43              		.loc 1 51 3 is_stmt 1 view .LVU3
  44              		.loc 1 51 18 is_stmt 0 view .LVU4
  45 000a 0F48     		ldr	r0, .L7
  46 000c 0F4A     		ldr	r2, .L7+4
  47 000e 0260     		str	r2, [r0]
  52:Core/Src/tim.c ****   htim6.Init.Prescaler = 9000-1;
  48              		.loc 1 52 3 is_stmt 1 view .LVU5
  49              		.loc 1 52 24 is_stmt 0 view .LVU6
  50 0010 42F22732 		movw	r2, #8999
  51 0014 4260     		str	r2, [r0, #4]
  53:Core/Src/tim.c ****   htim6.Init.CounterMode = TIM_COUNTERMODE_UP;
  52              		.loc 1 53 3 is_stmt 1 view .LVU7
  53              		.loc 1 53 26 is_stmt 0 view .LVU8
  54 0016 8360     		str	r3, [r0, #8]
  54:Core/Src/tim.c ****   htim6.Init.Period = 10000 -1;
  55              		.loc 1 54 3 is_stmt 1 view .LVU9
  56              		.loc 1 54 21 is_stmt 0 view .LVU10
  57 0018 42F20F72 		movw	r2, #9999
  58 001c C260     		str	r2, [r0, #12]
  55:Core/Src/tim.c ****   htim6.Init.AutoReloadPreload = TIM_AUTORELOAD_PRELOAD_DISABLE;
  59              		.loc 1 55 3 is_stmt 1 view .LVU11
  60              		.loc 1 55 32 is_stmt 0 view .LVU12
ARM GAS  C:\Users\ALESSA~1\AppData\Local\Temp\ccOINPXs.s 			page 3


  61 001e 8361     		str	r3, [r0, #24]
  56:Core/Src/tim.c ****   if (HAL_TIM_Base_Init(&htim6) != HAL_OK)
  62              		.loc 1 56 3 is_stmt 1 view .LVU13
  63              		.loc 1 56 7 is_stmt 0 view .LVU14
  64 0020 FFF7FEFF 		bl	HAL_TIM_Base_Init
  65              	.LVL0:
  66              		.loc 1 56 6 discriminator 1 view .LVU15
  67 0024 50B9     		cbnz	r0, .L5
  68              	.L2:
  57:Core/Src/tim.c ****   {
  58:Core/Src/tim.c ****     Error_Handler();
  59:Core/Src/tim.c ****   }
  60:Core/Src/tim.c ****   sMasterConfig.MasterOutputTrigger = TIM_TRGO_RESET;
  69              		.loc 1 60 3 is_stmt 1 view .LVU16
  70              		.loc 1 60 37 is_stmt 0 view .LVU17
  71 0026 0023     		movs	r3, #0
  72 0028 0093     		str	r3, [sp]
  61:Core/Src/tim.c ****   sMasterConfig.MasterSlaveMode = TIM_MASTERSLAVEMODE_DISABLE;
  73              		.loc 1 61 3 is_stmt 1 view .LVU18
  74              		.loc 1 61 33 is_stmt 0 view .LVU19
  75 002a 0193     		str	r3, [sp, #4]
  62:Core/Src/tim.c ****   if (HAL_TIMEx_MasterConfigSynchronization(&htim6, &sMasterConfig) != HAL_OK)
  76              		.loc 1 62 3 is_stmt 1 view .LVU20
  77              		.loc 1 62 7 is_stmt 0 view .LVU21
  78 002c 6946     		mov	r1, sp
  79 002e 0648     		ldr	r0, .L7
  80 0030 FFF7FEFF 		bl	HAL_TIMEx_MasterConfigSynchronization
  81              	.LVL1:
  82              		.loc 1 62 6 discriminator 1 view .LVU22
  83 0034 28B9     		cbnz	r0, .L6
  84              	.L1:
  63:Core/Src/tim.c ****   {
  64:Core/Src/tim.c ****     Error_Handler();
  65:Core/Src/tim.c ****   }
  66:Core/Src/tim.c ****   /* USER CODE BEGIN TIM6_Init 2 */
  67:Core/Src/tim.c **** 
  68:Core/Src/tim.c ****   /* USER CODE END TIM6_Init 2 */
  69:Core/Src/tim.c **** 
  70:Core/Src/tim.c **** }
  85              		.loc 1 70 1 view .LVU23
  86 0036 03B0     		add	sp, sp, #12
  87              		.cfi_remember_state
  88              		.cfi_def_cfa_offset 4
  89              		@ sp needed
  90 0038 5DF804FB 		ldr	pc, [sp], #4
  91              	.L5:
  92              		.cfi_restore_state
  58:Core/Src/tim.c ****   }
  93              		.loc 1 58 5 is_stmt 1 view .LVU24
  94 003c FFF7FEFF 		bl	Error_Handler
  95              	.LVL2:
  96 0040 F1E7     		b	.L2
  97              	.L6:
  64:Core/Src/tim.c ****   }
  98              		.loc 1 64 5 view .LVU25
  99 0042 FFF7FEFF 		bl	Error_Handler
 100              	.LVL3:
ARM GAS  C:\Users\ALESSA~1\AppData\Local\Temp\ccOINPXs.s 			page 4


 101              		.loc 1 70 1 is_stmt 0 view .LVU26
 102 0046 F6E7     		b	.L1
 103              	.L8:
 104              		.align	2
 105              	.L7:
 106 0048 00000000 		.word	htim6
 107 004c 00100040 		.word	1073745920
 108              		.cfi_endproc
 109              	.LFE137:
 111              		.section	.text.MX_TIM7_Init,"ax",%progbits
 112              		.align	1
 113              		.global	MX_TIM7_Init
 114              		.syntax unified
 115              		.thumb
 116              		.thumb_func
 118              	MX_TIM7_Init:
 119              	.LFB138:
  71:Core/Src/tim.c **** /* TIM7 init function */
  72:Core/Src/tim.c **** void MX_TIM7_Init(void)
  73:Core/Src/tim.c **** {
 120              		.loc 1 73 1 is_stmt 1 view -0
 121              		.cfi_startproc
 122              		@ args = 0, pretend = 0, frame = 8
 123              		@ frame_needed = 0, uses_anonymous_args = 0
 124 0000 00B5     		push	{lr}
 125              		.cfi_def_cfa_offset 4
 126              		.cfi_offset 14, -4
 127 0002 83B0     		sub	sp, sp, #12
 128              		.cfi_def_cfa_offset 16
  74:Core/Src/tim.c **** 
  75:Core/Src/tim.c ****   /* USER CODE BEGIN TIM7_Init 0 */
  76:Core/Src/tim.c **** 
  77:Core/Src/tim.c ****   /* USER CODE END TIM7_Init 0 */
  78:Core/Src/tim.c **** 
  79:Core/Src/tim.c ****   TIM_MasterConfigTypeDef sMasterConfig = {0};
 129              		.loc 1 79 3 view .LVU28
 130              		.loc 1 79 27 is_stmt 0 view .LVU29
 131 0004 0023     		movs	r3, #0
 132 0006 0093     		str	r3, [sp]
 133 0008 0193     		str	r3, [sp, #4]
  80:Core/Src/tim.c **** 
  81:Core/Src/tim.c ****   /* USER CODE BEGIN TIM7_Init 1 */
  82:Core/Src/tim.c **** 
  83:Core/Src/tim.c ****   /* USER CODE END TIM7_Init 1 */
  84:Core/Src/tim.c ****   htim7.Instance = TIM7;
 134              		.loc 1 84 3 is_stmt 1 view .LVU30
 135              		.loc 1 84 18 is_stmt 0 view .LVU31
 136 000a 0F48     		ldr	r0, .L15
 137 000c 0F4A     		ldr	r2, .L15+4
 138 000e 0260     		str	r2, [r0]
  85:Core/Src/tim.c ****   htim7.Init.Prescaler = 9000-1;
 139              		.loc 1 85 3 is_stmt 1 view .LVU32
 140              		.loc 1 85 24 is_stmt 0 view .LVU33
 141 0010 42F22732 		movw	r2, #8999
 142 0014 4260     		str	r2, [r0, #4]
  86:Core/Src/tim.c ****   htim7.Init.CounterMode = TIM_COUNTERMODE_UP;
 143              		.loc 1 86 3 is_stmt 1 view .LVU34
ARM GAS  C:\Users\ALESSA~1\AppData\Local\Temp\ccOINPXs.s 			page 5


 144              		.loc 1 86 26 is_stmt 0 view .LVU35
 145 0016 8360     		str	r3, [r0, #8]
  87:Core/Src/tim.c ****   htim7.Init.Period = 500 -1;
 146              		.loc 1 87 3 is_stmt 1 view .LVU36
 147              		.loc 1 87 21 is_stmt 0 view .LVU37
 148 0018 40F2F312 		movw	r2, #499
 149 001c C260     		str	r2, [r0, #12]
  88:Core/Src/tim.c ****   htim7.Init.AutoReloadPreload = TIM_AUTORELOAD_PRELOAD_DISABLE;
 150              		.loc 1 88 3 is_stmt 1 view .LVU38
 151              		.loc 1 88 32 is_stmt 0 view .LVU39
 152 001e 8361     		str	r3, [r0, #24]
  89:Core/Src/tim.c ****   if (HAL_TIM_Base_Init(&htim7) != HAL_OK)
 153              		.loc 1 89 3 is_stmt 1 view .LVU40
 154              		.loc 1 89 7 is_stmt 0 view .LVU41
 155 0020 FFF7FEFF 		bl	HAL_TIM_Base_Init
 156              	.LVL4:
 157              		.loc 1 89 6 discriminator 1 view .LVU42
 158 0024 50B9     		cbnz	r0, .L13
 159              	.L10:
  90:Core/Src/tim.c ****   {
  91:Core/Src/tim.c ****     Error_Handler();
  92:Core/Src/tim.c ****   }
  93:Core/Src/tim.c ****   sMasterConfig.MasterOutputTrigger = TIM_TRGO_RESET;
 160              		.loc 1 93 3 is_stmt 1 view .LVU43
 161              		.loc 1 93 37 is_stmt 0 view .LVU44
 162 0026 0023     		movs	r3, #0
 163 0028 0093     		str	r3, [sp]
  94:Core/Src/tim.c ****   sMasterConfig.MasterSlaveMode = TIM_MASTERSLAVEMODE_DISABLE;
 164              		.loc 1 94 3 is_stmt 1 view .LVU45
 165              		.loc 1 94 33 is_stmt 0 view .LVU46
 166 002a 0193     		str	r3, [sp, #4]
  95:Core/Src/tim.c ****   if (HAL_TIMEx_MasterConfigSynchronization(&htim7, &sMasterConfig) != HAL_OK)
 167              		.loc 1 95 3 is_stmt 1 view .LVU47
 168              		.loc 1 95 7 is_stmt 0 view .LVU48
 169 002c 6946     		mov	r1, sp
 170 002e 0648     		ldr	r0, .L15
 171 0030 FFF7FEFF 		bl	HAL_TIMEx_MasterConfigSynchronization
 172              	.LVL5:
 173              		.loc 1 95 6 discriminator 1 view .LVU49
 174 0034 28B9     		cbnz	r0, .L14
 175              	.L9:
  96:Core/Src/tim.c ****   {
  97:Core/Src/tim.c ****     Error_Handler();
  98:Core/Src/tim.c ****   }
  99:Core/Src/tim.c ****   /* USER CODE BEGIN TIM7_Init 2 */
 100:Core/Src/tim.c **** 
 101:Core/Src/tim.c ****   /* USER CODE END TIM7_Init 2 */
 102:Core/Src/tim.c **** 
 103:Core/Src/tim.c **** }
 176              		.loc 1 103 1 view .LVU50
 177 0036 03B0     		add	sp, sp, #12
 178              		.cfi_remember_state
 179              		.cfi_def_cfa_offset 4
 180              		@ sp needed
 181 0038 5DF804FB 		ldr	pc, [sp], #4
 182              	.L13:
 183              		.cfi_restore_state
ARM GAS  C:\Users\ALESSA~1\AppData\Local\Temp\ccOINPXs.s 			page 6


  91:Core/Src/tim.c ****   }
 184              		.loc 1 91 5 is_stmt 1 view .LVU51
 185 003c FFF7FEFF 		bl	Error_Handler
 186              	.LVL6:
 187 0040 F1E7     		b	.L10
 188              	.L14:
  97:Core/Src/tim.c ****   }
 189              		.loc 1 97 5 view .LVU52
 190 0042 FFF7FEFF 		bl	Error_Handler
 191              	.LVL7:
 192              		.loc 1 103 1 is_stmt 0 view .LVU53
 193 0046 F6E7     		b	.L9
 194              	.L16:
 195              		.align	2
 196              	.L15:
 197 0048 00000000 		.word	htim7
 198 004c 00140040 		.word	1073746944
 199              		.cfi_endproc
 200              	.LFE138:
 202              		.section	.text.MX_TIM13_Init,"ax",%progbits
 203              		.align	1
 204              		.global	MX_TIM13_Init
 205              		.syntax unified
 206              		.thumb
 207              		.thumb_func
 209              	MX_TIM13_Init:
 210              	.LFB140:
 104:Core/Src/tim.c **** /* TIM12 init function */
 105:Core/Src/tim.c **** void MX_TIM12_Init(void)
 106:Core/Src/tim.c **** {
 107:Core/Src/tim.c **** 
 108:Core/Src/tim.c ****   /* USER CODE BEGIN TIM12_Init 0 */
 109:Core/Src/tim.c **** 
 110:Core/Src/tim.c ****   /* USER CODE END TIM12_Init 0 */
 111:Core/Src/tim.c **** 
 112:Core/Src/tim.c ****   TIM_ClockConfigTypeDef sClockSourceConfig = {0};
 113:Core/Src/tim.c ****   TIM_OC_InitTypeDef sConfigOC = {0};
 114:Core/Src/tim.c **** 
 115:Core/Src/tim.c ****   /* USER CODE BEGIN TIM12_Init 1 */
 116:Core/Src/tim.c **** 
 117:Core/Src/tim.c ****   /* USER CODE END TIM12_Init 1 */
 118:Core/Src/tim.c ****   htim12.Instance = TIM12;
 119:Core/Src/tim.c ****   htim12.Init.Prescaler = 90-1;
 120:Core/Src/tim.c ****   htim12.Init.CounterMode = TIM_COUNTERMODE_UP;
 121:Core/Src/tim.c ****   htim12.Init.Period = 40-1;
 122:Core/Src/tim.c ****   htim12.Init.ClockDivision = TIM_CLOCKDIVISION_DIV1;
 123:Core/Src/tim.c ****   htim12.Init.AutoReloadPreload = TIM_AUTORELOAD_PRELOAD_DISABLE;
 124:Core/Src/tim.c ****   if (HAL_TIM_Base_Init(&htim12) != HAL_OK)
 125:Core/Src/tim.c ****   {
 126:Core/Src/tim.c ****     Error_Handler();
 127:Core/Src/tim.c ****   }
 128:Core/Src/tim.c ****   sClockSourceConfig.ClockSource = TIM_CLOCKSOURCE_INTERNAL;
 129:Core/Src/tim.c ****   if (HAL_TIM_ConfigClockSource(&htim12, &sClockSourceConfig) != HAL_OK)
 130:Core/Src/tim.c ****   {
 131:Core/Src/tim.c ****     Error_Handler();
 132:Core/Src/tim.c ****   }
 133:Core/Src/tim.c ****   if (HAL_TIM_PWM_Init(&htim12) != HAL_OK)
ARM GAS  C:\Users\ALESSA~1\AppData\Local\Temp\ccOINPXs.s 			page 7


 134:Core/Src/tim.c ****   {
 135:Core/Src/tim.c ****     Error_Handler();
 136:Core/Src/tim.c ****   }
 137:Core/Src/tim.c ****   sConfigOC.OCMode = TIM_OCMODE_PWM1;
 138:Core/Src/tim.c ****   sConfigOC.Pulse = 0;
 139:Core/Src/tim.c ****   sConfigOC.OCPolarity = TIM_OCPOLARITY_HIGH;
 140:Core/Src/tim.c ****   sConfigOC.OCFastMode = TIM_OCFAST_DISABLE;
 141:Core/Src/tim.c ****   if (HAL_TIM_PWM_ConfigChannel(&htim12, &sConfigOC, TIM_CHANNEL_1) != HAL_OK)
 142:Core/Src/tim.c ****   {
 143:Core/Src/tim.c ****     Error_Handler();
 144:Core/Src/tim.c ****   }
 145:Core/Src/tim.c ****   /* USER CODE BEGIN TIM12_Init 2 */
 146:Core/Src/tim.c **** 
 147:Core/Src/tim.c ****   /* USER CODE END TIM12_Init 2 */
 148:Core/Src/tim.c ****   HAL_TIM_MspPostInit(&htim12);
 149:Core/Src/tim.c **** 
 150:Core/Src/tim.c **** }
 151:Core/Src/tim.c **** /* TIM13 init function */
 152:Core/Src/tim.c **** void MX_TIM13_Init(void)
 153:Core/Src/tim.c **** {
 211              		.loc 1 153 1 is_stmt 1 view -0
 212              		.cfi_startproc
 213              		@ args = 0, pretend = 0, frame = 0
 214              		@ frame_needed = 0, uses_anonymous_args = 0
 215 0000 08B5     		push	{r3, lr}
 216              		.cfi_def_cfa_offset 8
 217              		.cfi_offset 3, -8
 218              		.cfi_offset 14, -4
 154:Core/Src/tim.c **** 
 155:Core/Src/tim.c ****   /* USER CODE BEGIN TIM13_Init 0 */
 156:Core/Src/tim.c **** 
 157:Core/Src/tim.c ****   /* USER CODE END TIM13_Init 0 */
 158:Core/Src/tim.c **** 
 159:Core/Src/tim.c ****   /* USER CODE BEGIN TIM13_Init 1 */
 160:Core/Src/tim.c **** 
 161:Core/Src/tim.c ****   /* USER CODE END TIM13_Init 1 */
 162:Core/Src/tim.c ****   htim13.Instance = TIM13;
 219              		.loc 1 162 3 view .LVU55
 220              		.loc 1 162 19 is_stmt 0 view .LVU56
 221 0002 0948     		ldr	r0, .L21
 222 0004 094B     		ldr	r3, .L21+4
 223 0006 0360     		str	r3, [r0]
 163:Core/Src/tim.c ****   htim13.Init.Prescaler = 9000-1;
 224              		.loc 1 163 3 is_stmt 1 view .LVU57
 225              		.loc 1 163 25 is_stmt 0 view .LVU58
 226 0008 42F22733 		movw	r3, #8999
 227 000c 4360     		str	r3, [r0, #4]
 164:Core/Src/tim.c ****   htim13.Init.CounterMode = TIM_COUNTERMODE_UP;
 228              		.loc 1 164 3 is_stmt 1 view .LVU59
 229              		.loc 1 164 27 is_stmt 0 view .LVU60
 230 000e 0023     		movs	r3, #0
 231 0010 8360     		str	r3, [r0, #8]
 165:Core/Src/tim.c ****   htim13.Init.Period = 100-1;
 232              		.loc 1 165 3 is_stmt 1 view .LVU61
 233              		.loc 1 165 22 is_stmt 0 view .LVU62
 234 0012 6322     		movs	r2, #99
 235 0014 C260     		str	r2, [r0, #12]
ARM GAS  C:\Users\ALESSA~1\AppData\Local\Temp\ccOINPXs.s 			page 8


 166:Core/Src/tim.c ****   htim13.Init.ClockDivision = TIM_CLOCKDIVISION_DIV1;
 236              		.loc 1 166 3 is_stmt 1 view .LVU63
 237              		.loc 1 166 29 is_stmt 0 view .LVU64
 238 0016 0361     		str	r3, [r0, #16]
 167:Core/Src/tim.c ****   htim13.Init.AutoReloadPreload = TIM_AUTORELOAD_PRELOAD_DISABLE;
 239              		.loc 1 167 3 is_stmt 1 view .LVU65
 240              		.loc 1 167 33 is_stmt 0 view .LVU66
 241 0018 8361     		str	r3, [r0, #24]
 168:Core/Src/tim.c ****   if (HAL_TIM_Base_Init(&htim13) != HAL_OK)
 242              		.loc 1 168 3 is_stmt 1 view .LVU67
 243              		.loc 1 168 7 is_stmt 0 view .LVU68
 244 001a FFF7FEFF 		bl	HAL_TIM_Base_Init
 245              	.LVL8:
 246              		.loc 1 168 6 discriminator 1 view .LVU69
 247 001e 00B9     		cbnz	r0, .L20
 248              	.L17:
 169:Core/Src/tim.c ****   {
 170:Core/Src/tim.c ****     Error_Handler();
 171:Core/Src/tim.c ****   }
 172:Core/Src/tim.c ****   /* USER CODE BEGIN TIM13_Init 2 */
 173:Core/Src/tim.c **** 
 174:Core/Src/tim.c ****   /* USER CODE END TIM13_Init 2 */
 175:Core/Src/tim.c **** 
 176:Core/Src/tim.c **** }
 249              		.loc 1 176 1 view .LVU70
 250 0020 08BD     		pop	{r3, pc}
 251              	.L20:
 170:Core/Src/tim.c ****   }
 252              		.loc 1 170 5 is_stmt 1 view .LVU71
 253 0022 FFF7FEFF 		bl	Error_Handler
 254              	.LVL9:
 255              		.loc 1 176 1 is_stmt 0 view .LVU72
 256 0026 FBE7     		b	.L17
 257              	.L22:
 258              		.align	2
 259              	.L21:
 260 0028 00000000 		.word	htim13
 261 002c 001C0040 		.word	1073748992
 262              		.cfi_endproc
 263              	.LFE140:
 265              		.section	.text.HAL_TIM_Base_MspInit,"ax",%progbits
 266              		.align	1
 267              		.global	HAL_TIM_Base_MspInit
 268              		.syntax unified
 269              		.thumb
 270              		.thumb_func
 272              	HAL_TIM_Base_MspInit:
 273              	.LVL10:
 274              	.LFB141:
 177:Core/Src/tim.c **** 
 178:Core/Src/tim.c **** void HAL_TIM_Base_MspInit(TIM_HandleTypeDef* tim_baseHandle)
 179:Core/Src/tim.c **** {
 275              		.loc 1 179 1 is_stmt 1 view -0
 276              		.cfi_startproc
 277              		@ args = 0, pretend = 0, frame = 16
 278              		@ frame_needed = 0, uses_anonymous_args = 0
 279              		.loc 1 179 1 is_stmt 0 view .LVU74
ARM GAS  C:\Users\ALESSA~1\AppData\Local\Temp\ccOINPXs.s 			page 9


 280 0000 00B5     		push	{lr}
 281              		.cfi_def_cfa_offset 4
 282              		.cfi_offset 14, -4
 283 0002 85B0     		sub	sp, sp, #20
 284              		.cfi_def_cfa_offset 24
 180:Core/Src/tim.c **** 
 181:Core/Src/tim.c ****   if(tim_baseHandle->Instance==TIM6)
 285              		.loc 1 181 3 is_stmt 1 view .LVU75
 286              		.loc 1 181 20 is_stmt 0 view .LVU76
 287 0004 0368     		ldr	r3, [r0]
 288              		.loc 1 181 5 view .LVU77
 289 0006 2F4A     		ldr	r2, .L33
 290 0008 9342     		cmp	r3, r2
 291 000a 0BD0     		beq	.L29
 182:Core/Src/tim.c ****   {
 183:Core/Src/tim.c ****   /* USER CODE BEGIN TIM6_MspInit 0 */
 184:Core/Src/tim.c **** 
 185:Core/Src/tim.c ****   /* USER CODE END TIM6_MspInit 0 */
 186:Core/Src/tim.c ****     /* TIM6 clock enable */
 187:Core/Src/tim.c ****     __HAL_RCC_TIM6_CLK_ENABLE();
 188:Core/Src/tim.c **** 
 189:Core/Src/tim.c ****     /* TIM6 interrupt Init */
 190:Core/Src/tim.c ****     HAL_NVIC_SetPriority(TIM6_DAC_IRQn, 0, 0);
 191:Core/Src/tim.c ****     HAL_NVIC_EnableIRQ(TIM6_DAC_IRQn);
 192:Core/Src/tim.c ****   /* USER CODE BEGIN TIM6_MspInit 1 */
 193:Core/Src/tim.c **** 
 194:Core/Src/tim.c ****   /* USER CODE END TIM6_MspInit 1 */
 195:Core/Src/tim.c ****   }
 196:Core/Src/tim.c ****   else if(tim_baseHandle->Instance==TIM7)
 292              		.loc 1 196 8 is_stmt 1 view .LVU78
 293              		.loc 1 196 10 is_stmt 0 view .LVU79
 294 000c 2E4A     		ldr	r2, .L33+4
 295 000e 9342     		cmp	r3, r2
 296 0010 1CD0     		beq	.L30
 197:Core/Src/tim.c ****   {
 198:Core/Src/tim.c ****   /* USER CODE BEGIN TIM7_MspInit 0 */
 199:Core/Src/tim.c **** 
 200:Core/Src/tim.c ****   /* USER CODE END TIM7_MspInit 0 */
 201:Core/Src/tim.c ****     /* TIM7 clock enable */
 202:Core/Src/tim.c ****     __HAL_RCC_TIM7_CLK_ENABLE();
 203:Core/Src/tim.c **** 
 204:Core/Src/tim.c ****     /* TIM7 interrupt Init */
 205:Core/Src/tim.c ****     HAL_NVIC_SetPriority(TIM7_IRQn, 0, 0);
 206:Core/Src/tim.c ****     HAL_NVIC_EnableIRQ(TIM7_IRQn);
 207:Core/Src/tim.c ****   /* USER CODE BEGIN TIM7_MspInit 1 */
 208:Core/Src/tim.c **** 
 209:Core/Src/tim.c ****   /* USER CODE END TIM7_MspInit 1 */
 210:Core/Src/tim.c ****   }
 211:Core/Src/tim.c ****   else if(tim_baseHandle->Instance==TIM12)
 297              		.loc 1 211 8 is_stmt 1 view .LVU80
 298              		.loc 1 211 10 is_stmt 0 view .LVU81
 299 0012 2E4A     		ldr	r2, .L33+8
 300 0014 9342     		cmp	r3, r2
 301 0016 2DD0     		beq	.L31
 212:Core/Src/tim.c ****   {
 213:Core/Src/tim.c ****   /* USER CODE BEGIN TIM12_MspInit 0 */
 214:Core/Src/tim.c **** 
ARM GAS  C:\Users\ALESSA~1\AppData\Local\Temp\ccOINPXs.s 			page 10


 215:Core/Src/tim.c ****   /* USER CODE END TIM12_MspInit 0 */
 216:Core/Src/tim.c ****     /* TIM12 clock enable */
 217:Core/Src/tim.c ****     __HAL_RCC_TIM12_CLK_ENABLE();
 218:Core/Src/tim.c **** 
 219:Core/Src/tim.c ****     /* TIM12 interrupt Init */
 220:Core/Src/tim.c ****     HAL_NVIC_SetPriority(TIM8_BRK_TIM12_IRQn, 0, 0);
 221:Core/Src/tim.c ****     HAL_NVIC_EnableIRQ(TIM8_BRK_TIM12_IRQn);
 222:Core/Src/tim.c ****   /* USER CODE BEGIN TIM12_MspInit 1 */
 223:Core/Src/tim.c **** 
 224:Core/Src/tim.c ****   /* USER CODE END TIM12_MspInit 1 */
 225:Core/Src/tim.c ****   }
 226:Core/Src/tim.c ****   else if(tim_baseHandle->Instance==TIM13)
 302              		.loc 1 226 8 is_stmt 1 view .LVU82
 303              		.loc 1 226 10 is_stmt 0 view .LVU83
 304 0018 2D4A     		ldr	r2, .L33+12
 305 001a 9342     		cmp	r3, r2
 306 001c 3ED0     		beq	.L32
 307              	.LVL11:
 308              	.L23:
 227:Core/Src/tim.c ****   {
 228:Core/Src/tim.c ****   /* USER CODE BEGIN TIM13_MspInit 0 */
 229:Core/Src/tim.c **** 
 230:Core/Src/tim.c ****   /* USER CODE END TIM13_MspInit 0 */
 231:Core/Src/tim.c ****     /* TIM13 clock enable */
 232:Core/Src/tim.c ****     __HAL_RCC_TIM13_CLK_ENABLE();
 233:Core/Src/tim.c **** 
 234:Core/Src/tim.c ****     /* TIM13 interrupt Init */
 235:Core/Src/tim.c ****     HAL_NVIC_SetPriority(TIM8_UP_TIM13_IRQn, 0, 0);
 236:Core/Src/tim.c ****     HAL_NVIC_EnableIRQ(TIM8_UP_TIM13_IRQn);
 237:Core/Src/tim.c ****   /* USER CODE BEGIN TIM13_MspInit 1 */
 238:Core/Src/tim.c **** 
 239:Core/Src/tim.c ****   /* USER CODE END TIM13_MspInit 1 */
 240:Core/Src/tim.c ****   }
 241:Core/Src/tim.c **** }
 309              		.loc 1 241 1 view .LVU84
 310 001e 05B0     		add	sp, sp, #20
 311              		.cfi_remember_state
 312              		.cfi_def_cfa_offset 4
 313              		@ sp needed
 314 0020 5DF804FB 		ldr	pc, [sp], #4
 315              	.LVL12:
 316              	.L29:
 317              		.cfi_restore_state
 187:Core/Src/tim.c **** 
 318              		.loc 1 187 5 is_stmt 1 view .LVU85
 319              	.LBB2:
 187:Core/Src/tim.c **** 
 320              		.loc 1 187 5 view .LVU86
 321 0024 0021     		movs	r1, #0
 322 0026 0091     		str	r1, [sp]
 187:Core/Src/tim.c **** 
 323              		.loc 1 187 5 view .LVU87
 324 0028 2A4B     		ldr	r3, .L33+16
 325 002a 1A6C     		ldr	r2, [r3, #64]
 326 002c 42F01002 		orr	r2, r2, #16
 327 0030 1A64     		str	r2, [r3, #64]
 187:Core/Src/tim.c **** 
ARM GAS  C:\Users\ALESSA~1\AppData\Local\Temp\ccOINPXs.s 			page 11


 328              		.loc 1 187 5 view .LVU88
 329 0032 1B6C     		ldr	r3, [r3, #64]
 330 0034 03F01003 		and	r3, r3, #16
 331 0038 0093     		str	r3, [sp]
 187:Core/Src/tim.c **** 
 332              		.loc 1 187 5 view .LVU89
 333 003a 009B     		ldr	r3, [sp]
 334              	.LBE2:
 187:Core/Src/tim.c **** 
 335              		.loc 1 187 5 view .LVU90
 190:Core/Src/tim.c ****     HAL_NVIC_EnableIRQ(TIM6_DAC_IRQn);
 336              		.loc 1 190 5 view .LVU91
 337 003c 0A46     		mov	r2, r1
 338 003e 3620     		movs	r0, #54
 339              	.LVL13:
 190:Core/Src/tim.c ****     HAL_NVIC_EnableIRQ(TIM6_DAC_IRQn);
 340              		.loc 1 190 5 is_stmt 0 view .LVU92
 341 0040 FFF7FEFF 		bl	HAL_NVIC_SetPriority
 342              	.LVL14:
 191:Core/Src/tim.c ****   /* USER CODE BEGIN TIM6_MspInit 1 */
 343              		.loc 1 191 5 is_stmt 1 view .LVU93
 344 0044 3620     		movs	r0, #54
 345 0046 FFF7FEFF 		bl	HAL_NVIC_EnableIRQ
 346              	.LVL15:
 347 004a E8E7     		b	.L23
 348              	.LVL16:
 349              	.L30:
 202:Core/Src/tim.c **** 
 350              		.loc 1 202 5 view .LVU94
 351              	.LBB3:
 202:Core/Src/tim.c **** 
 352              		.loc 1 202 5 view .LVU95
 353 004c 0021     		movs	r1, #0
 354 004e 0191     		str	r1, [sp, #4]
 202:Core/Src/tim.c **** 
 355              		.loc 1 202 5 view .LVU96
 356 0050 204B     		ldr	r3, .L33+16
 357 0052 1A6C     		ldr	r2, [r3, #64]
 358 0054 42F02002 		orr	r2, r2, #32
 359 0058 1A64     		str	r2, [r3, #64]
 202:Core/Src/tim.c **** 
 360              		.loc 1 202 5 view .LVU97
 361 005a 1B6C     		ldr	r3, [r3, #64]
 362 005c 03F02003 		and	r3, r3, #32
 363 0060 0193     		str	r3, [sp, #4]
 202:Core/Src/tim.c **** 
 364              		.loc 1 202 5 view .LVU98
 365 0062 019B     		ldr	r3, [sp, #4]
 366              	.LBE3:
 202:Core/Src/tim.c **** 
 367              		.loc 1 202 5 view .LVU99
 205:Core/Src/tim.c ****     HAL_NVIC_EnableIRQ(TIM7_IRQn);
 368              		.loc 1 205 5 view .LVU100
 369 0064 0A46     		mov	r2, r1
 370 0066 3720     		movs	r0, #55
 371              	.LVL17:
 205:Core/Src/tim.c ****     HAL_NVIC_EnableIRQ(TIM7_IRQn);
ARM GAS  C:\Users\ALESSA~1\AppData\Local\Temp\ccOINPXs.s 			page 12


 372              		.loc 1 205 5 is_stmt 0 view .LVU101
 373 0068 FFF7FEFF 		bl	HAL_NVIC_SetPriority
 374              	.LVL18:
 206:Core/Src/tim.c ****   /* USER CODE BEGIN TIM7_MspInit 1 */
 375              		.loc 1 206 5 is_stmt 1 view .LVU102
 376 006c 3720     		movs	r0, #55
 377 006e FFF7FEFF 		bl	HAL_NVIC_EnableIRQ
 378              	.LVL19:
 379 0072 D4E7     		b	.L23
 380              	.LVL20:
 381              	.L31:
 217:Core/Src/tim.c **** 
 382              		.loc 1 217 5 view .LVU103
 383              	.LBB4:
 217:Core/Src/tim.c **** 
 384              		.loc 1 217 5 view .LVU104
 385 0074 0021     		movs	r1, #0
 386 0076 0291     		str	r1, [sp, #8]
 217:Core/Src/tim.c **** 
 387              		.loc 1 217 5 view .LVU105
 388 0078 164B     		ldr	r3, .L33+16
 389 007a 1A6C     		ldr	r2, [r3, #64]
 390 007c 42F04002 		orr	r2, r2, #64
 391 0080 1A64     		str	r2, [r3, #64]
 217:Core/Src/tim.c **** 
 392              		.loc 1 217 5 view .LVU106
 393 0082 1B6C     		ldr	r3, [r3, #64]
 394 0084 03F04003 		and	r3, r3, #64
 395 0088 0293     		str	r3, [sp, #8]
 217:Core/Src/tim.c **** 
 396              		.loc 1 217 5 view .LVU107
 397 008a 029B     		ldr	r3, [sp, #8]
 398              	.LBE4:
 217:Core/Src/tim.c **** 
 399              		.loc 1 217 5 view .LVU108
 220:Core/Src/tim.c ****     HAL_NVIC_EnableIRQ(TIM8_BRK_TIM12_IRQn);
 400              		.loc 1 220 5 view .LVU109
 401 008c 0A46     		mov	r2, r1
 402 008e 2B20     		movs	r0, #43
 403              	.LVL21:
 220:Core/Src/tim.c ****     HAL_NVIC_EnableIRQ(TIM8_BRK_TIM12_IRQn);
 404              		.loc 1 220 5 is_stmt 0 view .LVU110
 405 0090 FFF7FEFF 		bl	HAL_NVIC_SetPriority
 406              	.LVL22:
 221:Core/Src/tim.c ****   /* USER CODE BEGIN TIM12_MspInit 1 */
 407              		.loc 1 221 5 is_stmt 1 view .LVU111
 408 0094 2B20     		movs	r0, #43
 409 0096 FFF7FEFF 		bl	HAL_NVIC_EnableIRQ
 410              	.LVL23:
 411 009a C0E7     		b	.L23
 412              	.LVL24:
 413              	.L32:
 232:Core/Src/tim.c **** 
 414              		.loc 1 232 5 view .LVU112
 415              	.LBB5:
 232:Core/Src/tim.c **** 
 416              		.loc 1 232 5 view .LVU113
ARM GAS  C:\Users\ALESSA~1\AppData\Local\Temp\ccOINPXs.s 			page 13


 417 009c 0021     		movs	r1, #0
 418 009e 0391     		str	r1, [sp, #12]
 232:Core/Src/tim.c **** 
 419              		.loc 1 232 5 view .LVU114
 420 00a0 0C4B     		ldr	r3, .L33+16
 421 00a2 1A6C     		ldr	r2, [r3, #64]
 422 00a4 42F08002 		orr	r2, r2, #128
 423 00a8 1A64     		str	r2, [r3, #64]
 232:Core/Src/tim.c **** 
 424              		.loc 1 232 5 view .LVU115
 425 00aa 1B6C     		ldr	r3, [r3, #64]
 426 00ac 03F08003 		and	r3, r3, #128
 427 00b0 0393     		str	r3, [sp, #12]
 232:Core/Src/tim.c **** 
 428              		.loc 1 232 5 view .LVU116
 429 00b2 039B     		ldr	r3, [sp, #12]
 430              	.LBE5:
 232:Core/Src/tim.c **** 
 431              		.loc 1 232 5 view .LVU117
 235:Core/Src/tim.c ****     HAL_NVIC_EnableIRQ(TIM8_UP_TIM13_IRQn);
 432              		.loc 1 235 5 view .LVU118
 433 00b4 0A46     		mov	r2, r1
 434 00b6 2C20     		movs	r0, #44
 435              	.LVL25:
 235:Core/Src/tim.c ****     HAL_NVIC_EnableIRQ(TIM8_UP_TIM13_IRQn);
 436              		.loc 1 235 5 is_stmt 0 view .LVU119
 437 00b8 FFF7FEFF 		bl	HAL_NVIC_SetPriority
 438              	.LVL26:
 236:Core/Src/tim.c ****   /* USER CODE BEGIN TIM13_MspInit 1 */
 439              		.loc 1 236 5 is_stmt 1 view .LVU120
 440 00bc 2C20     		movs	r0, #44
 441 00be FFF7FEFF 		bl	HAL_NVIC_EnableIRQ
 442              	.LVL27:
 443              		.loc 1 241 1 is_stmt 0 view .LVU121
 444 00c2 ACE7     		b	.L23
 445              	.L34:
 446              		.align	2
 447              	.L33:
 448 00c4 00100040 		.word	1073745920
 449 00c8 00140040 		.word	1073746944
 450 00cc 00180040 		.word	1073747968
 451 00d0 001C0040 		.word	1073748992
 452 00d4 00380240 		.word	1073887232
 453              		.cfi_endproc
 454              	.LFE141:
 456              		.section	.text.HAL_TIM_MspPostInit,"ax",%progbits
 457              		.align	1
 458              		.global	HAL_TIM_MspPostInit
 459              		.syntax unified
 460              		.thumb
 461              		.thumb_func
 463              	HAL_TIM_MspPostInit:
 464              	.LVL28:
 465              	.LFB142:
 242:Core/Src/tim.c **** void HAL_TIM_MspPostInit(TIM_HandleTypeDef* timHandle)
 243:Core/Src/tim.c **** {
 466              		.loc 1 243 1 is_stmt 1 view -0
ARM GAS  C:\Users\ALESSA~1\AppData\Local\Temp\ccOINPXs.s 			page 14


 467              		.cfi_startproc
 468              		@ args = 0, pretend = 0, frame = 24
 469              		@ frame_needed = 0, uses_anonymous_args = 0
 470              		.loc 1 243 1 is_stmt 0 view .LVU123
 471 0000 00B5     		push	{lr}
 472              		.cfi_def_cfa_offset 4
 473              		.cfi_offset 14, -4
 474 0002 87B0     		sub	sp, sp, #28
 475              		.cfi_def_cfa_offset 32
 244:Core/Src/tim.c **** 
 245:Core/Src/tim.c ****   GPIO_InitTypeDef GPIO_InitStruct = {0};
 476              		.loc 1 245 3 is_stmt 1 view .LVU124
 477              		.loc 1 245 20 is_stmt 0 view .LVU125
 478 0004 0023     		movs	r3, #0
 479 0006 0193     		str	r3, [sp, #4]
 480 0008 0293     		str	r3, [sp, #8]
 481 000a 0393     		str	r3, [sp, #12]
 482 000c 0493     		str	r3, [sp, #16]
 483 000e 0593     		str	r3, [sp, #20]
 246:Core/Src/tim.c ****   if(timHandle->Instance==TIM12)
 484              		.loc 1 246 3 is_stmt 1 view .LVU126
 485              		.loc 1 246 15 is_stmt 0 view .LVU127
 486 0010 0268     		ldr	r2, [r0]
 487              		.loc 1 246 5 view .LVU128
 488 0012 0F4B     		ldr	r3, .L39
 489 0014 9A42     		cmp	r2, r3
 490 0016 02D0     		beq	.L38
 491              	.LVL29:
 492              	.L35:
 247:Core/Src/tim.c ****   {
 248:Core/Src/tim.c ****   /* USER CODE BEGIN TIM12_MspPostInit 0 */
 249:Core/Src/tim.c **** 
 250:Core/Src/tim.c ****   /* USER CODE END TIM12_MspPostInit 0 */
 251:Core/Src/tim.c **** 
 252:Core/Src/tim.c ****     __HAL_RCC_GPIOB_CLK_ENABLE();
 253:Core/Src/tim.c ****     /**TIM12 GPIO Configuration
 254:Core/Src/tim.c ****     PB14     ------> TIM12_CH1
 255:Core/Src/tim.c ****     */
 256:Core/Src/tim.c ****     GPIO_InitStruct.Pin = BATTERY_COOLING_FANS_Pin;
 257:Core/Src/tim.c ****     GPIO_InitStruct.Mode = GPIO_MODE_AF_PP;
 258:Core/Src/tim.c ****     GPIO_InitStruct.Pull = GPIO_NOPULL;
 259:Core/Src/tim.c ****     GPIO_InitStruct.Speed = GPIO_SPEED_FREQ_LOW;
 260:Core/Src/tim.c ****     GPIO_InitStruct.Alternate = GPIO_AF9_TIM12;
 261:Core/Src/tim.c ****     HAL_GPIO_Init(BATTERY_COOLING_FANS_GPIO_Port, &GPIO_InitStruct);
 262:Core/Src/tim.c **** 
 263:Core/Src/tim.c ****   /* USER CODE BEGIN TIM12_MspPostInit 1 */
 264:Core/Src/tim.c **** 
 265:Core/Src/tim.c ****   /* USER CODE END TIM12_MspPostInit 1 */
 266:Core/Src/tim.c ****   }
 267:Core/Src/tim.c **** 
 268:Core/Src/tim.c **** }
 493              		.loc 1 268 1 view .LVU129
 494 0018 07B0     		add	sp, sp, #28
 495              		.cfi_remember_state
 496              		.cfi_def_cfa_offset 4
 497              		@ sp needed
 498 001a 5DF804FB 		ldr	pc, [sp], #4
ARM GAS  C:\Users\ALESSA~1\AppData\Local\Temp\ccOINPXs.s 			page 15


 499              	.LVL30:
 500              	.L38:
 501              		.cfi_restore_state
 252:Core/Src/tim.c ****     /**TIM12 GPIO Configuration
 502              		.loc 1 252 5 is_stmt 1 view .LVU130
 503              	.LBB6:
 252:Core/Src/tim.c ****     /**TIM12 GPIO Configuration
 504              		.loc 1 252 5 view .LVU131
 505 001e 0023     		movs	r3, #0
 506 0020 0093     		str	r3, [sp]
 252:Core/Src/tim.c ****     /**TIM12 GPIO Configuration
 507              		.loc 1 252 5 view .LVU132
 508 0022 0C4B     		ldr	r3, .L39+4
 509 0024 1A6B     		ldr	r2, [r3, #48]
 510 0026 42F00202 		orr	r2, r2, #2
 511 002a 1A63     		str	r2, [r3, #48]
 252:Core/Src/tim.c ****     /**TIM12 GPIO Configuration
 512              		.loc 1 252 5 view .LVU133
 513 002c 1B6B     		ldr	r3, [r3, #48]
 514 002e 03F00203 		and	r3, r3, #2
 515 0032 0093     		str	r3, [sp]
 252:Core/Src/tim.c ****     /**TIM12 GPIO Configuration
 516              		.loc 1 252 5 view .LVU134
 517 0034 009B     		ldr	r3, [sp]
 518              	.LBE6:
 252:Core/Src/tim.c ****     /**TIM12 GPIO Configuration
 519              		.loc 1 252 5 view .LVU135
 256:Core/Src/tim.c ****     GPIO_InitStruct.Mode = GPIO_MODE_AF_PP;
 520              		.loc 1 256 5 view .LVU136
 256:Core/Src/tim.c ****     GPIO_InitStruct.Mode = GPIO_MODE_AF_PP;
 521              		.loc 1 256 25 is_stmt 0 view .LVU137
 522 0036 4FF48043 		mov	r3, #16384
 523 003a 0193     		str	r3, [sp, #4]
 257:Core/Src/tim.c ****     GPIO_InitStruct.Pull = GPIO_NOPULL;
 524              		.loc 1 257 5 is_stmt 1 view .LVU138
 257:Core/Src/tim.c ****     GPIO_InitStruct.Pull = GPIO_NOPULL;
 525              		.loc 1 257 26 is_stmt 0 view .LVU139
 526 003c 0223     		movs	r3, #2
 527 003e 0293     		str	r3, [sp, #8]
 258:Core/Src/tim.c ****     GPIO_InitStruct.Speed = GPIO_SPEED_FREQ_LOW;
 528              		.loc 1 258 5 is_stmt 1 view .LVU140
 259:Core/Src/tim.c ****     GPIO_InitStruct.Alternate = GPIO_AF9_TIM12;
 529              		.loc 1 259 5 view .LVU141
 260:Core/Src/tim.c ****     HAL_GPIO_Init(BATTERY_COOLING_FANS_GPIO_Port, &GPIO_InitStruct);
 530              		.loc 1 260 5 view .LVU142
 260:Core/Src/tim.c ****     HAL_GPIO_Init(BATTERY_COOLING_FANS_GPIO_Port, &GPIO_InitStruct);
 531              		.loc 1 260 31 is_stmt 0 view .LVU143
 532 0040 0923     		movs	r3, #9
 533 0042 0593     		str	r3, [sp, #20]
 261:Core/Src/tim.c **** 
 534              		.loc 1 261 5 is_stmt 1 view .LVU144
 535 0044 01A9     		add	r1, sp, #4
 536 0046 0448     		ldr	r0, .L39+8
 537              	.LVL31:
 261:Core/Src/tim.c **** 
 538              		.loc 1 261 5 is_stmt 0 view .LVU145
 539 0048 FFF7FEFF 		bl	HAL_GPIO_Init
ARM GAS  C:\Users\ALESSA~1\AppData\Local\Temp\ccOINPXs.s 			page 16


 540              	.LVL32:
 541              		.loc 1 268 1 view .LVU146
 542 004c E4E7     		b	.L35
 543              	.L40:
 544 004e 00BF     		.align	2
 545              	.L39:
 546 0050 00180040 		.word	1073747968
 547 0054 00380240 		.word	1073887232
 548 0058 00040240 		.word	1073873920
 549              		.cfi_endproc
 550              	.LFE142:
 552              		.section	.text.MX_TIM12_Init,"ax",%progbits
 553              		.align	1
 554              		.global	MX_TIM12_Init
 555              		.syntax unified
 556              		.thumb
 557              		.thumb_func
 559              	MX_TIM12_Init:
 560              	.LFB139:
 106:Core/Src/tim.c **** 
 561              		.loc 1 106 1 is_stmt 1 view -0
 562              		.cfi_startproc
 563              		@ args = 0, pretend = 0, frame = 48
 564              		@ frame_needed = 0, uses_anonymous_args = 0
 565 0000 00B5     		push	{lr}
 566              		.cfi_def_cfa_offset 4
 567              		.cfi_offset 14, -4
 568 0002 8DB0     		sub	sp, sp, #52
 569              		.cfi_def_cfa_offset 56
 112:Core/Src/tim.c ****   TIM_OC_InitTypeDef sConfigOC = {0};
 570              		.loc 1 112 3 view .LVU148
 112:Core/Src/tim.c ****   TIM_OC_InitTypeDef sConfigOC = {0};
 571              		.loc 1 112 26 is_stmt 0 view .LVU149
 572 0004 0023     		movs	r3, #0
 573 0006 0893     		str	r3, [sp, #32]
 574 0008 0993     		str	r3, [sp, #36]
 575 000a 0A93     		str	r3, [sp, #40]
 576 000c 0B93     		str	r3, [sp, #44]
 113:Core/Src/tim.c **** 
 577              		.loc 1 113 3 is_stmt 1 view .LVU150
 113:Core/Src/tim.c **** 
 578              		.loc 1 113 22 is_stmt 0 view .LVU151
 579 000e 0193     		str	r3, [sp, #4]
 580 0010 0293     		str	r3, [sp, #8]
 581 0012 0393     		str	r3, [sp, #12]
 582 0014 0493     		str	r3, [sp, #16]
 583 0016 0593     		str	r3, [sp, #20]
 584 0018 0693     		str	r3, [sp, #24]
 585 001a 0793     		str	r3, [sp, #28]
 118:Core/Src/tim.c ****   htim12.Init.Prescaler = 90-1;
 586              		.loc 1 118 3 is_stmt 1 view .LVU152
 118:Core/Src/tim.c ****   htim12.Init.Prescaler = 90-1;
 587              		.loc 1 118 19 is_stmt 0 view .LVU153
 588 001c 1A48     		ldr	r0, .L51
 589 001e 1B4A     		ldr	r2, .L51+4
 590 0020 0260     		str	r2, [r0]
 119:Core/Src/tim.c ****   htim12.Init.CounterMode = TIM_COUNTERMODE_UP;
ARM GAS  C:\Users\ALESSA~1\AppData\Local\Temp\ccOINPXs.s 			page 17


 591              		.loc 1 119 3 is_stmt 1 view .LVU154
 119:Core/Src/tim.c ****   htim12.Init.CounterMode = TIM_COUNTERMODE_UP;
 592              		.loc 1 119 25 is_stmt 0 view .LVU155
 593 0022 5922     		movs	r2, #89
 594 0024 4260     		str	r2, [r0, #4]
 120:Core/Src/tim.c ****   htim12.Init.Period = 40-1;
 595              		.loc 1 120 3 is_stmt 1 view .LVU156
 120:Core/Src/tim.c ****   htim12.Init.Period = 40-1;
 596              		.loc 1 120 27 is_stmt 0 view .LVU157
 597 0026 8360     		str	r3, [r0, #8]
 121:Core/Src/tim.c ****   htim12.Init.ClockDivision = TIM_CLOCKDIVISION_DIV1;
 598              		.loc 1 121 3 is_stmt 1 view .LVU158
 121:Core/Src/tim.c ****   htim12.Init.ClockDivision = TIM_CLOCKDIVISION_DIV1;
 599              		.loc 1 121 22 is_stmt 0 view .LVU159
 600 0028 2722     		movs	r2, #39
 601 002a C260     		str	r2, [r0, #12]
 122:Core/Src/tim.c ****   htim12.Init.AutoReloadPreload = TIM_AUTORELOAD_PRELOAD_DISABLE;
 602              		.loc 1 122 3 is_stmt 1 view .LVU160
 122:Core/Src/tim.c ****   htim12.Init.AutoReloadPreload = TIM_AUTORELOAD_PRELOAD_DISABLE;
 603              		.loc 1 122 29 is_stmt 0 view .LVU161
 604 002c 0361     		str	r3, [r0, #16]
 123:Core/Src/tim.c ****   if (HAL_TIM_Base_Init(&htim12) != HAL_OK)
 605              		.loc 1 123 3 is_stmt 1 view .LVU162
 123:Core/Src/tim.c ****   if (HAL_TIM_Base_Init(&htim12) != HAL_OK)
 606              		.loc 1 123 33 is_stmt 0 view .LVU163
 607 002e 8361     		str	r3, [r0, #24]
 124:Core/Src/tim.c ****   {
 608              		.loc 1 124 3 is_stmt 1 view .LVU164
 124:Core/Src/tim.c ****   {
 609              		.loc 1 124 7 is_stmt 0 view .LVU165
 610 0030 FFF7FEFF 		bl	HAL_TIM_Base_Init
 611              	.LVL33:
 124:Core/Src/tim.c ****   {
 612              		.loc 1 124 6 discriminator 1 view .LVU166
 613 0034 E0B9     		cbnz	r0, .L47
 614              	.L42:
 128:Core/Src/tim.c ****   if (HAL_TIM_ConfigClockSource(&htim12, &sClockSourceConfig) != HAL_OK)
 615              		.loc 1 128 3 is_stmt 1 view .LVU167
 128:Core/Src/tim.c ****   if (HAL_TIM_ConfigClockSource(&htim12, &sClockSourceConfig) != HAL_OK)
 616              		.loc 1 128 34 is_stmt 0 view .LVU168
 617 0036 4FF48053 		mov	r3, #4096
 618 003a 0893     		str	r3, [sp, #32]
 129:Core/Src/tim.c ****   {
 619              		.loc 1 129 3 is_stmt 1 view .LVU169
 129:Core/Src/tim.c ****   {
 620              		.loc 1 129 7 is_stmt 0 view .LVU170
 621 003c 08A9     		add	r1, sp, #32
 622 003e 1248     		ldr	r0, .L51
 623 0040 FFF7FEFF 		bl	HAL_TIM_ConfigClockSource
 624              	.LVL34:
 129:Core/Src/tim.c ****   {
 625              		.loc 1 129 6 discriminator 1 view .LVU171
 626 0044 B8B9     		cbnz	r0, .L48
 627              	.L43:
 133:Core/Src/tim.c ****   {
 628              		.loc 1 133 3 is_stmt 1 view .LVU172
 133:Core/Src/tim.c ****   {
ARM GAS  C:\Users\ALESSA~1\AppData\Local\Temp\ccOINPXs.s 			page 18


 629              		.loc 1 133 7 is_stmt 0 view .LVU173
 630 0046 1048     		ldr	r0, .L51
 631 0048 FFF7FEFF 		bl	HAL_TIM_PWM_Init
 632              	.LVL35:
 133:Core/Src/tim.c ****   {
 633              		.loc 1 133 6 discriminator 1 view .LVU174
 634 004c B0B9     		cbnz	r0, .L49
 635              	.L44:
 137:Core/Src/tim.c ****   sConfigOC.Pulse = 0;
 636              		.loc 1 137 3 is_stmt 1 view .LVU175
 137:Core/Src/tim.c ****   sConfigOC.Pulse = 0;
 637              		.loc 1 137 20 is_stmt 0 view .LVU176
 638 004e 6023     		movs	r3, #96
 639 0050 0193     		str	r3, [sp, #4]
 138:Core/Src/tim.c ****   sConfigOC.OCPolarity = TIM_OCPOLARITY_HIGH;
 640              		.loc 1 138 3 is_stmt 1 view .LVU177
 138:Core/Src/tim.c ****   sConfigOC.OCPolarity = TIM_OCPOLARITY_HIGH;
 641              		.loc 1 138 19 is_stmt 0 view .LVU178
 642 0052 0022     		movs	r2, #0
 643 0054 0292     		str	r2, [sp, #8]
 139:Core/Src/tim.c ****   sConfigOC.OCFastMode = TIM_OCFAST_DISABLE;
 644              		.loc 1 139 3 is_stmt 1 view .LVU179
 139:Core/Src/tim.c ****   sConfigOC.OCFastMode = TIM_OCFAST_DISABLE;
 645              		.loc 1 139 24 is_stmt 0 view .LVU180
 646 0056 0392     		str	r2, [sp, #12]
 140:Core/Src/tim.c ****   if (HAL_TIM_PWM_ConfigChannel(&htim12, &sConfigOC, TIM_CHANNEL_1) != HAL_OK)
 647              		.loc 1 140 3 is_stmt 1 view .LVU181
 140:Core/Src/tim.c ****   if (HAL_TIM_PWM_ConfigChannel(&htim12, &sConfigOC, TIM_CHANNEL_1) != HAL_OK)
 648              		.loc 1 140 24 is_stmt 0 view .LVU182
 649 0058 0592     		str	r2, [sp, #20]
 141:Core/Src/tim.c ****   {
 650              		.loc 1 141 3 is_stmt 1 view .LVU183
 141:Core/Src/tim.c ****   {
 651              		.loc 1 141 7 is_stmt 0 view .LVU184
 652 005a 01A9     		add	r1, sp, #4
 653 005c 0A48     		ldr	r0, .L51
 654 005e FFF7FEFF 		bl	HAL_TIM_PWM_ConfigChannel
 655              	.LVL36:
 141:Core/Src/tim.c ****   {
 656              		.loc 1 141 6 discriminator 1 view .LVU185
 657 0062 70B9     		cbnz	r0, .L50
 658              	.L45:
 148:Core/Src/tim.c **** 
 659              		.loc 1 148 3 is_stmt 1 view .LVU186
 660 0064 0848     		ldr	r0, .L51
 661 0066 FFF7FEFF 		bl	HAL_TIM_MspPostInit
 662              	.LVL37:
 150:Core/Src/tim.c **** /* TIM13 init function */
 663              		.loc 1 150 1 is_stmt 0 view .LVU187
 664 006a 0DB0     		add	sp, sp, #52
 665              		.cfi_remember_state
 666              		.cfi_def_cfa_offset 4
 667              		@ sp needed
 668 006c 5DF804FB 		ldr	pc, [sp], #4
 669              	.L47:
 670              		.cfi_restore_state
 126:Core/Src/tim.c ****   }
ARM GAS  C:\Users\ALESSA~1\AppData\Local\Temp\ccOINPXs.s 			page 19


 671              		.loc 1 126 5 is_stmt 1 view .LVU188
 672 0070 FFF7FEFF 		bl	Error_Handler
 673              	.LVL38:
 674 0074 DFE7     		b	.L42
 675              	.L48:
 131:Core/Src/tim.c ****   }
 676              		.loc 1 131 5 view .LVU189
 677 0076 FFF7FEFF 		bl	Error_Handler
 678              	.LVL39:
 679 007a E4E7     		b	.L43
 680              	.L49:
 135:Core/Src/tim.c ****   }
 681              		.loc 1 135 5 view .LVU190
 682 007c FFF7FEFF 		bl	Error_Handler
 683              	.LVL40:
 684 0080 E5E7     		b	.L44
 685              	.L50:
 143:Core/Src/tim.c ****   }
 686              		.loc 1 143 5 view .LVU191
 687 0082 FFF7FEFF 		bl	Error_Handler
 688              	.LVL41:
 689 0086 EDE7     		b	.L45
 690              	.L52:
 691              		.align	2
 692              	.L51:
 693 0088 00000000 		.word	htim12
 694 008c 00180040 		.word	1073747968
 695              		.cfi_endproc
 696              	.LFE139:
 698              		.section	.text.HAL_TIM_Base_MspDeInit,"ax",%progbits
 699              		.align	1
 700              		.global	HAL_TIM_Base_MspDeInit
 701              		.syntax unified
 702              		.thumb
 703              		.thumb_func
 705              	HAL_TIM_Base_MspDeInit:
 706              	.LVL42:
 707              	.LFB143:
 269:Core/Src/tim.c **** 
 270:Core/Src/tim.c **** void HAL_TIM_Base_MspDeInit(TIM_HandleTypeDef* tim_baseHandle)
 271:Core/Src/tim.c **** {
 708              		.loc 1 271 1 view -0
 709              		.cfi_startproc
 710              		@ args = 0, pretend = 0, frame = 0
 711              		@ frame_needed = 0, uses_anonymous_args = 0
 712              		.loc 1 271 1 is_stmt 0 view .LVU193
 713 0000 08B5     		push	{r3, lr}
 714              		.cfi_def_cfa_offset 8
 715              		.cfi_offset 3, -8
 716              		.cfi_offset 14, -4
 272:Core/Src/tim.c **** 
 273:Core/Src/tim.c ****   if(tim_baseHandle->Instance==TIM6)
 717              		.loc 1 273 3 is_stmt 1 view .LVU194
 718              		.loc 1 273 20 is_stmt 0 view .LVU195
 719 0002 0368     		ldr	r3, [r0]
 720              		.loc 1 273 5 view .LVU196
 721 0004 1A4A     		ldr	r2, .L63
ARM GAS  C:\Users\ALESSA~1\AppData\Local\Temp\ccOINPXs.s 			page 20


 722 0006 9342     		cmp	r3, r2
 723 0008 09D0     		beq	.L59
 274:Core/Src/tim.c ****   {
 275:Core/Src/tim.c ****   /* USER CODE BEGIN TIM6_MspDeInit 0 */
 276:Core/Src/tim.c **** 
 277:Core/Src/tim.c ****   /* USER CODE END TIM6_MspDeInit 0 */
 278:Core/Src/tim.c ****     /* Peripheral clock disable */
 279:Core/Src/tim.c ****     __HAL_RCC_TIM6_CLK_DISABLE();
 280:Core/Src/tim.c **** 
 281:Core/Src/tim.c ****     /* TIM6 interrupt Deinit */
 282:Core/Src/tim.c ****     HAL_NVIC_DisableIRQ(TIM6_DAC_IRQn);
 283:Core/Src/tim.c ****   /* USER CODE BEGIN TIM6_MspDeInit 1 */
 284:Core/Src/tim.c **** 
 285:Core/Src/tim.c ****   /* USER CODE END TIM6_MspDeInit 1 */
 286:Core/Src/tim.c ****   }
 287:Core/Src/tim.c ****   else if(tim_baseHandle->Instance==TIM7)
 724              		.loc 1 287 8 is_stmt 1 view .LVU197
 725              		.loc 1 287 10 is_stmt 0 view .LVU198
 726 000a 1A4A     		ldr	r2, .L63+4
 727 000c 9342     		cmp	r3, r2
 728 000e 10D0     		beq	.L60
 288:Core/Src/tim.c ****   {
 289:Core/Src/tim.c ****   /* USER CODE BEGIN TIM7_MspDeInit 0 */
 290:Core/Src/tim.c **** 
 291:Core/Src/tim.c ****   /* USER CODE END TIM7_MspDeInit 0 */
 292:Core/Src/tim.c ****     /* Peripheral clock disable */
 293:Core/Src/tim.c ****     __HAL_RCC_TIM7_CLK_DISABLE();
 294:Core/Src/tim.c **** 
 295:Core/Src/tim.c ****     /* TIM7 interrupt Deinit */
 296:Core/Src/tim.c ****     HAL_NVIC_DisableIRQ(TIM7_IRQn);
 297:Core/Src/tim.c ****   /* USER CODE BEGIN TIM7_MspDeInit 1 */
 298:Core/Src/tim.c **** 
 299:Core/Src/tim.c ****   /* USER CODE END TIM7_MspDeInit 1 */
 300:Core/Src/tim.c ****   }
 301:Core/Src/tim.c ****   else if(tim_baseHandle->Instance==TIM12)
 729              		.loc 1 301 8 is_stmt 1 view .LVU199
 730              		.loc 1 301 10 is_stmt 0 view .LVU200
 731 0010 194A     		ldr	r2, .L63+8
 732 0012 9342     		cmp	r3, r2
 733 0014 17D0     		beq	.L61
 302:Core/Src/tim.c ****   {
 303:Core/Src/tim.c ****   /* USER CODE BEGIN TIM12_MspDeInit 0 */
 304:Core/Src/tim.c **** 
 305:Core/Src/tim.c ****   /* USER CODE END TIM12_MspDeInit 0 */
 306:Core/Src/tim.c ****     /* Peripheral clock disable */
 307:Core/Src/tim.c ****     __HAL_RCC_TIM12_CLK_DISABLE();
 308:Core/Src/tim.c **** 
 309:Core/Src/tim.c ****     /* TIM12 interrupt Deinit */
 310:Core/Src/tim.c ****     HAL_NVIC_DisableIRQ(TIM8_BRK_TIM12_IRQn);
 311:Core/Src/tim.c ****   /* USER CODE BEGIN TIM12_MspDeInit 1 */
 312:Core/Src/tim.c **** 
 313:Core/Src/tim.c ****   /* USER CODE END TIM12_MspDeInit 1 */
 314:Core/Src/tim.c ****   }
 315:Core/Src/tim.c ****   else if(tim_baseHandle->Instance==TIM13)
 734              		.loc 1 315 8 is_stmt 1 view .LVU201
 735              		.loc 1 315 10 is_stmt 0 view .LVU202
 736 0016 194A     		ldr	r2, .L63+12
ARM GAS  C:\Users\ALESSA~1\AppData\Local\Temp\ccOINPXs.s 			page 21


 737 0018 9342     		cmp	r3, r2
 738 001a 1ED0     		beq	.L62
 739              	.LVL43:
 740              	.L53:
 316:Core/Src/tim.c ****   {
 317:Core/Src/tim.c ****   /* USER CODE BEGIN TIM13_MspDeInit 0 */
 318:Core/Src/tim.c **** 
 319:Core/Src/tim.c ****   /* USER CODE END TIM13_MspDeInit 0 */
 320:Core/Src/tim.c ****     /* Peripheral clock disable */
 321:Core/Src/tim.c ****     __HAL_RCC_TIM13_CLK_DISABLE();
 322:Core/Src/tim.c **** 
 323:Core/Src/tim.c ****     /* TIM13 interrupt Deinit */
 324:Core/Src/tim.c ****     HAL_NVIC_DisableIRQ(TIM8_UP_TIM13_IRQn);
 325:Core/Src/tim.c ****   /* USER CODE BEGIN TIM13_MspDeInit 1 */
 326:Core/Src/tim.c **** 
 327:Core/Src/tim.c ****   /* USER CODE END TIM13_MspDeInit 1 */
 328:Core/Src/tim.c ****   }
 329:Core/Src/tim.c **** }
 741              		.loc 1 329 1 view .LVU203
 742 001c 08BD     		pop	{r3, pc}
 743              	.LVL44:
 744              	.L59:
 279:Core/Src/tim.c **** 
 745              		.loc 1 279 5 is_stmt 1 view .LVU204
 746 001e 02F50A32 		add	r2, r2, #141312
 747 0022 136C     		ldr	r3, [r2, #64]
 748 0024 23F01003 		bic	r3, r3, #16
 749 0028 1364     		str	r3, [r2, #64]
 282:Core/Src/tim.c ****   /* USER CODE BEGIN TIM6_MspDeInit 1 */
 750              		.loc 1 282 5 view .LVU205
 751 002a 3620     		movs	r0, #54
 752              	.LVL45:
 282:Core/Src/tim.c ****   /* USER CODE BEGIN TIM6_MspDeInit 1 */
 753              		.loc 1 282 5 is_stmt 0 view .LVU206
 754 002c FFF7FEFF 		bl	HAL_NVIC_DisableIRQ
 755              	.LVL46:
 756 0030 F4E7     		b	.L53
 757              	.LVL47:
 758              	.L60:
 293:Core/Src/tim.c **** 
 759              		.loc 1 293 5 is_stmt 1 view .LVU207
 760 0032 02F50932 		add	r2, r2, #140288
 761 0036 136C     		ldr	r3, [r2, #64]
 762 0038 23F02003 		bic	r3, r3, #32
 763 003c 1364     		str	r3, [r2, #64]
 296:Core/Src/tim.c ****   /* USER CODE BEGIN TIM7_MspDeInit 1 */
 764              		.loc 1 296 5 view .LVU208
 765 003e 3720     		movs	r0, #55
 766              	.LVL48:
 296:Core/Src/tim.c ****   /* USER CODE BEGIN TIM7_MspDeInit 1 */
 767              		.loc 1 296 5 is_stmt 0 view .LVU209
 768 0040 FFF7FEFF 		bl	HAL_NVIC_DisableIRQ
 769              	.LVL49:
 770 0044 EAE7     		b	.L53
 771              	.LVL50:
 772              	.L61:
 307:Core/Src/tim.c **** 
ARM GAS  C:\Users\ALESSA~1\AppData\Local\Temp\ccOINPXs.s 			page 22


 773              		.loc 1 307 5 is_stmt 1 view .LVU210
 774 0046 02F50832 		add	r2, r2, #139264
 775 004a 136C     		ldr	r3, [r2, #64]
 776 004c 23F04003 		bic	r3, r3, #64
 777 0050 1364     		str	r3, [r2, #64]
 310:Core/Src/tim.c ****   /* USER CODE BEGIN TIM12_MspDeInit 1 */
 778              		.loc 1 310 5 view .LVU211
 779 0052 2B20     		movs	r0, #43
 780              	.LVL51:
 310:Core/Src/tim.c ****   /* USER CODE BEGIN TIM12_MspDeInit 1 */
 781              		.loc 1 310 5 is_stmt 0 view .LVU212
 782 0054 FFF7FEFF 		bl	HAL_NVIC_DisableIRQ
 783              	.LVL52:
 784 0058 E0E7     		b	.L53
 785              	.LVL53:
 786              	.L62:
 321:Core/Src/tim.c **** 
 787              		.loc 1 321 5 is_stmt 1 view .LVU213
 788 005a 02F50732 		add	r2, r2, #138240
 789 005e 136C     		ldr	r3, [r2, #64]
 790 0060 23F08003 		bic	r3, r3, #128
 791 0064 1364     		str	r3, [r2, #64]
 324:Core/Src/tim.c ****   /* USER CODE BEGIN TIM13_MspDeInit 1 */
 792              		.loc 1 324 5 view .LVU214
 793 0066 2C20     		movs	r0, #44
 794              	.LVL54:
 324:Core/Src/tim.c ****   /* USER CODE BEGIN TIM13_MspDeInit 1 */
 795              		.loc 1 324 5 is_stmt 0 view .LVU215
 796 0068 FFF7FEFF 		bl	HAL_NVIC_DisableIRQ
 797              	.LVL55:
 798              		.loc 1 329 1 view .LVU216
 799 006c D6E7     		b	.L53
 800              	.L64:
 801 006e 00BF     		.align	2
 802              	.L63:
 803 0070 00100040 		.word	1073745920
 804 0074 00140040 		.word	1073746944
 805 0078 00180040 		.word	1073747968
 806 007c 001C0040 		.word	1073748992
 807              		.cfi_endproc
 808              	.LFE143:
 810              		.global	htim13
 811              		.section	.bss.htim13,"aw",%nobits
 812              		.align	2
 815              	htim13:
 816 0000 00000000 		.space	72
 816      00000000 
 816      00000000 
 816      00000000 
 816      00000000 
 817              		.global	htim12
 818              		.section	.bss.htim12,"aw",%nobits
 819              		.align	2
 822              	htim12:
 823 0000 00000000 		.space	72
 823      00000000 
 823      00000000 
ARM GAS  C:\Users\ALESSA~1\AppData\Local\Temp\ccOINPXs.s 			page 23


 823      00000000 
 823      00000000 
 824              		.global	htim7
 825              		.section	.bss.htim7,"aw",%nobits
 826              		.align	2
 829              	htim7:
 830 0000 00000000 		.space	72
 830      00000000 
 830      00000000 
 830      00000000 
 830      00000000 
 831              		.global	htim6
 832              		.section	.bss.htim6,"aw",%nobits
 833              		.align	2
 836              	htim6:
 837 0000 00000000 		.space	72
 837      00000000 
 837      00000000 
 837      00000000 
 837      00000000 
 838              		.text
 839              	.Letext0:
 840              		.file 2 "Drivers/CMSIS/Device/ST/STM32F4xx/Include/stm32f446xx.h"
 841              		.file 3 "C:/Users/Alessandro/AppData/Roaming/Code/User/globalStorage/bmd.stm32-for-vscode/@xpack-d
 842              		.file 4 "C:/Users/Alessandro/AppData/Roaming/Code/User/globalStorage/bmd.stm32-for-vscode/@xpack-d
 843              		.file 5 "Drivers/STM32F4xx_HAL_Driver/Inc/stm32f4xx_hal_def.h"
 844              		.file 6 "Drivers/STM32F4xx_HAL_Driver/Inc/stm32f4xx_hal_gpio.h"
 845              		.file 7 "Drivers/STM32F4xx_HAL_Driver/Inc/stm32f4xx_hal_dma.h"
 846              		.file 8 "Drivers/STM32F4xx_HAL_Driver/Inc/stm32f4xx_hal_tim.h"
 847              		.file 9 "Core/Inc/tim.h"
 848              		.file 10 "Drivers/STM32F4xx_HAL_Driver/Inc/stm32f4xx_hal_cortex.h"
 849              		.file 11 "Drivers/STM32F4xx_HAL_Driver/Inc/stm32f4xx_hal_tim_ex.h"
 850              		.file 12 "Core/Inc/main.h"
ARM GAS  C:\Users\ALESSA~1\AppData\Local\Temp\ccOINPXs.s 			page 24


DEFINED SYMBOLS
                            *ABS*:00000000 tim.c
C:\Users\ALESSA~1\AppData\Local\Temp\ccOINPXs.s:21     .text.MX_TIM6_Init:00000000 $t
C:\Users\ALESSA~1\AppData\Local\Temp\ccOINPXs.s:27     .text.MX_TIM6_Init:00000000 MX_TIM6_Init
C:\Users\ALESSA~1\AppData\Local\Temp\ccOINPXs.s:106    .text.MX_TIM6_Init:00000048 $d
C:\Users\ALESSA~1\AppData\Local\Temp\ccOINPXs.s:836    .bss.htim6:00000000 htim6
C:\Users\ALESSA~1\AppData\Local\Temp\ccOINPXs.s:112    .text.MX_TIM7_Init:00000000 $t
C:\Users\ALESSA~1\AppData\Local\Temp\ccOINPXs.s:118    .text.MX_TIM7_Init:00000000 MX_TIM7_Init
C:\Users\ALESSA~1\AppData\Local\Temp\ccOINPXs.s:197    .text.MX_TIM7_Init:00000048 $d
C:\Users\ALESSA~1\AppData\Local\Temp\ccOINPXs.s:829    .bss.htim7:00000000 htim7
C:\Users\ALESSA~1\AppData\Local\Temp\ccOINPXs.s:203    .text.MX_TIM13_Init:00000000 $t
C:\Users\ALESSA~1\AppData\Local\Temp\ccOINPXs.s:209    .text.MX_TIM13_Init:00000000 MX_TIM13_Init
C:\Users\ALESSA~1\AppData\Local\Temp\ccOINPXs.s:260    .text.MX_TIM13_Init:00000028 $d
C:\Users\ALESSA~1\AppData\Local\Temp\ccOINPXs.s:815    .bss.htim13:00000000 htim13
C:\Users\ALESSA~1\AppData\Local\Temp\ccOINPXs.s:266    .text.HAL_TIM_Base_MspInit:00000000 $t
C:\Users\ALESSA~1\AppData\Local\Temp\ccOINPXs.s:272    .text.HAL_TIM_Base_MspInit:00000000 HAL_TIM_Base_MspInit
C:\Users\ALESSA~1\AppData\Local\Temp\ccOINPXs.s:448    .text.HAL_TIM_Base_MspInit:000000c4 $d
C:\Users\ALESSA~1\AppData\Local\Temp\ccOINPXs.s:457    .text.HAL_TIM_MspPostInit:00000000 $t
C:\Users\ALESSA~1\AppData\Local\Temp\ccOINPXs.s:463    .text.HAL_TIM_MspPostInit:00000000 HAL_TIM_MspPostInit
C:\Users\ALESSA~1\AppData\Local\Temp\ccOINPXs.s:546    .text.HAL_TIM_MspPostInit:00000050 $d
C:\Users\ALESSA~1\AppData\Local\Temp\ccOINPXs.s:553    .text.MX_TIM12_Init:00000000 $t
C:\Users\ALESSA~1\AppData\Local\Temp\ccOINPXs.s:559    .text.MX_TIM12_Init:00000000 MX_TIM12_Init
C:\Users\ALESSA~1\AppData\Local\Temp\ccOINPXs.s:693    .text.MX_TIM12_Init:00000088 $d
C:\Users\ALESSA~1\AppData\Local\Temp\ccOINPXs.s:822    .bss.htim12:00000000 htim12
C:\Users\ALESSA~1\AppData\Local\Temp\ccOINPXs.s:699    .text.HAL_TIM_Base_MspDeInit:00000000 $t
C:\Users\ALESSA~1\AppData\Local\Temp\ccOINPXs.s:705    .text.HAL_TIM_Base_MspDeInit:00000000 HAL_TIM_Base_MspDeInit
C:\Users\ALESSA~1\AppData\Local\Temp\ccOINPXs.s:803    .text.HAL_TIM_Base_MspDeInit:00000070 $d
C:\Users\ALESSA~1\AppData\Local\Temp\ccOINPXs.s:812    .bss.htim13:00000000 $d
C:\Users\ALESSA~1\AppData\Local\Temp\ccOINPXs.s:819    .bss.htim12:00000000 $d
C:\Users\ALESSA~1\AppData\Local\Temp\ccOINPXs.s:826    .bss.htim7:00000000 $d
C:\Users\ALESSA~1\AppData\Local\Temp\ccOINPXs.s:833    .bss.htim6:00000000 $d

UNDEFINED SYMBOLS
HAL_TIM_Base_Init
HAL_TIMEx_MasterConfigSynchronization
Error_Handler
HAL_NVIC_SetPriority
HAL_NVIC_EnableIRQ
HAL_GPIO_Init
HAL_TIM_ConfigClockSource
HAL_TIM_PWM_Init
HAL_TIM_PWM_ConfigChannel
HAL_NVIC_DisableIRQ
